#
# There is insufficient memory for the Java Runtime Environment to continue.
# Native memory allocation (mmap) failed to map 54525952 bytes for Failed to commit area from 0x0000000090200000 to 0x0000000093600000 of length 54525952.
# Possible reasons:
#   The system is out of physical RAM or swap space
#   The process is running with CompressedOops enabled, and the Java Heap may be blocking the growth of the native heap
# Possible solutions:
#   Reduce memory load on the system
#   Increase physical memory or swap space
#   Check if swap backing store is full
#   Decrease Java heap size (-Xmx/-Xms)
#   Decrease number of Java threads
#   Decrease Java thread stack sizes (-Xss)
#   Set larger code cache with -XX:ReservedCodeCacheSize=
#   JVM is running with Unscaled Compressed Oops mode in which the Java heap is
#     placed in the first 4GB address space. The Java Heap base address is the
#     maximum limit for the native heap growth. Please use -XX:HeapBaseMinAddress
#     to set the Java Heap base and to place the Java Heap above 4GB virtual address.
# This output file may be truncated or incomplete.
#
#  Out of Memory Error (./src/hotspot/os/windows/os_windows.cpp:3619), pid=18384, tid=3576
#
# JRE version: OpenJDK Runtime Environment (11.0.13) (build 11.0.13+0-b1751.21-8125866)
# Java VM: OpenJDK 64-Bit Server VM (11.0.13+0-b1751.21-8125866, mixed mode, tiered, compressed oops, g1 gc, windows-amd64)
# No core dump will be written. Minidumps are not enabled by default on client versions of Windows
#

---------------  S U M M A R Y ------------

Command Line: --add-opens=java.base/java.util=ALL-UNNAMED --add-opens=java.base/java.lang=ALL-UNNAMED --add-opens=java.base/java.lang.invoke=ALL-UNNAMED --add-opens=java.base/java.util=ALL-UNNAMED --add-opens=java.prefs/java.util.prefs=ALL-UNNAMED --add-opens=java.prefs/java.util.prefs=ALL-UNNAMED --add-opens=java.base/java.nio.charset=ALL-UNNAMED --add-opens=java.base/java.net=ALL-UNNAMED --add-opens=java.base/java.util.concurrent.atomic=ALL-UNNAMED -Xmx2048m -Dfile.encoding=UTF-8 -Duser.country=US -Duser.language=en -Duser.variant org.gradle.launcher.daemon.bootstrap.GradleDaemon 7.4

Host: 11th Gen Intel(R) Core(TM) i5-1135G7 @ 2.40GHz, 8 cores, 7G,  Windows 11 , 64 bit Build 22621 (10.0.22621.1928)
Time: Thu Jul 27 23:16:35 2023 Egypt Daylight Time elapsed time: 222.299102 seconds (0d 0h 3m 42s)

---------------  T H R E A D  ---------------

Current thread (0x0000020ada23d000):  VMThread "VM Thread" [stack: 0x0000005dfc200000,0x0000005dfc300000] [id=3576]

Stack: [0x0000005dfc200000,0x0000005dfc300000]
[error occurred during error reporting (printing stack bounds), id 0xc0000005, EXCEPTION_ACCESS_VIOLATION (0xc0000005) at pc=0x0000020ac38c12e7]

Native frames: (J=compiled Java code, j=interpreted, Vv=VM code, C=native code)
V  [jvm.dll+0x6100fa]
V  [jvm.dll+0x747090]
V  [jvm.dll+0x7486ad]
V  [jvm.dll+0x748ce5]
V  [jvm.dll+0x748c9b]
V  [jvm.dll+0x60f224]
V  [jvm.dll+0x60f9b8]
C  [ntdll.dll+0xa3dff]
C  [ntdll.dll+0x1e456]
C  [ntdll.dll+0xa2dee]
C  0x0000020ac38c12e7

VM_Operation (0x0000005d870fcba0): G1CollectForAllocation, mode: safepoint, requested by thread 0x0000020ae4405800


---------------  P R O C E S S  ---------------

Threads class SMR info:
_java_thread_list=0x0000020ae3c77540, length=141, elements={
0x0000020abdd6e000, 0x0000020ada242800, 0x0000020ada248000, 0x0000020ada25c800,
0x0000020ada25d800, 0x0000020ada260000, 0x0000020ada261800, 0x0000020ada266000,
0x0000020adabc7000, 0x0000020adad18800, 0x0000020adddd7800, 0x0000020adc506000,
0x0000020adca0d000, 0x0000020addd58800, 0x0000020addd57000, 0x0000020addd56000,
0x0000020addd57800, 0x0000020addd53000, 0x0000020addd59800, 0x0000020addd53800,
0x0000020addd54800, 0x0000020addd55000, 0x0000020ade546000, 0x0000020ade549800,
0x0000020ade548000, 0x0000020ade548800, 0x0000020ade547000, 0x0000020add871800,
0x0000020ae2b21000, 0x0000020add86f800, 0x0000020add86e000, 0x0000020adb1f7000,
0x0000020adb1ed000, 0x0000020adb1ef800, 0x0000020adb1ee000, 0x0000020adb1f0800,
0x0000020adb1ec000, 0x0000020adb1f1000, 0x0000020adb1f4800, 0x0000020adb1f2000,
0x0000020adb1f2800, 0x0000020adb1f3800, 0x0000020adb1ee800, 0x0000020adb1f8800,
0x0000020adb1f9800, 0x0000020adb1fb000, 0x0000020adb1f7800, 0x0000020adb1fa000,
0x0000020adb1f5000, 0x0000020adb1f6000, 0x0000020add872000, 0x0000020add874000,
0x0000020add86f000, 0x0000020add874800, 0x0000020add875800, 0x0000020add870800,
0x0000020add877000, 0x0000020add878000, 0x0000020add878800, 0x0000020add87c000,
0x0000020add876800, 0x0000020add879800, 0x0000020add87a800, 0x0000020add87b000,
0x0000020ae2b18800, 0x0000020ae2b19800, 0x0000020ae2b18000, 0x0000020ae2b1a800,
0x0000020ae2b1b000, 0x0000020ae2b1c000, 0x0000020ae2b16000, 0x0000020ae2b1c800,
0x0000020ae2b17000, 0x0000020ae2b1f000, 0x0000020ae2b24000, 0x0000020ae2b20000,
0x0000020ae2b1e800, 0x0000020ae2b25000, 0x0000020ade54a800, 0x0000020ade545800,
0x0000020ade54c000, 0x0000020ade54b000, 0x0000020ae03de000, 0x0000020ae03d8800,
0x0000020ae03df000, 0x0000020ae03dc800, 0x0000020ae03dd000, 0x0000020ae03d9000,
0x0000020ae03da800, 0x0000020ae03db800, 0x0000020ae03df800, 0x0000020ae03da000,
0x0000020ae03e0800, 0x0000020ae03e3000, 0x0000020ae03e2000, 0x0000020ae03e3800,
0x0000020ae03e1000, 0x0000020ae03e5800, 0x0000020ae03e6000, 0x0000020ae03e7000,
0x0000020ae03e4800, 0x0000020adcf48800, 0x0000020adcf4c800, 0x0000020adcf4b000,
0x0000020adcf4a800, 0x0000020adcf4c000, 0x0000020adcf47000, 0x0000020adcf4d800,
0x0000020adcf49800, 0x0000020adcf48000, 0x0000020adcf53000, 0x0000020adcf52800,
0x0000020adcf51000, 0x0000020adcf51800, 0x0000020adcf4f000, 0x0000020adcf54000,
0x0000020adcf4e800, 0x0000020adcf55000, 0x0000020adcf50000, 0x0000020adcf55800,
0x0000020ae4499800, 0x0000020ae4499000, 0x0000020ae4498000, 0x0000020ae449b800,
0x0000020ae4495800, 0x0000020ae449c000, 0x0000020ae4496800, 0x0000020ae449d000,
0x0000020ae4497000, 0x0000020ae44a2000, 0x0000020ae449f800, 0x0000020ae44a2800,
0x0000020ae44a3800, 0x0000020ae449d800, 0x0000020ae449e800, 0x0000020ae44a0000,
0x0000020ae449a800, 0x0000020ae44a1000, 0x0000020ae44a4000, 0x0000020ae4405800,
0x0000020ae4403000
}

Java Threads: ( => current thread )
  0x0000020abdd6e000 JavaThread "main" [_thread_blocked, id=4024, stack(0x0000005dfbc00000,0x0000005dfbd00000)]
  0x0000020ada242800 JavaThread "Reference Handler" daemon [_thread_blocked, id=4848, stack(0x0000005dfc300000,0x0000005dfc400000)]
  0x0000020ada248000 JavaThread "Finalizer" daemon [_thread_blocked, id=13372, stack(0x0000005dfc400000,0x0000005dfc500000)]
  0x0000020ada25c800 JavaThread "Signal Dispatcher" daemon [_thread_blocked, id=12340, stack(0x0000005dfc500000,0x0000005dfc600000)]
  0x0000020ada25d800 JavaThread "Attach Listener" daemon [_thread_blocked, id=11600, stack(0x0000005dfc600000,0x0000005dfc700000)]
  0x0000020ada260000 JavaThread "Service Thread" daemon [_thread_blocked, id=16808, stack(0x0000005dfc700000,0x0000005dfc800000)]
  0x0000020ada261800 JavaThread "C2 CompilerThread0" daemon [_thread_in_native, id=1176, stack(0x0000005dfc800000,0x0000005dfc900000)]
  0x0000020ada266000 JavaThread "C1 CompilerThread0" daemon [_thread_blocked, id=16336, stack(0x0000005dfc900000,0x0000005dfca00000)]
  0x0000020adabc7000 JavaThread "Sweeper thread" daemon [_thread_blocked, id=13428, stack(0x0000005dfca00000,0x0000005dfcb00000)]
  0x0000020adad18800 JavaThread "Common-Cleaner" daemon [_thread_blocked, id=1648, stack(0x0000005dfcb00000,0x0000005dfcc00000)]
  0x0000020adddd7800 JavaThread "Daemon health stats" [_thread_blocked, id=13604, stack(0x0000005dfcf00000,0x0000005dfd000000)]
  0x0000020adc506000 JavaThread "Incoming local TCP Connector on port 53034" [_thread_in_native, id=17644, stack(0x0000005dfcd00000,0x0000005dfce00000)]
  0x0000020adca0d000 JavaThread "Daemon periodic checks" [_thread_blocked, id=1252, stack(0x0000005dfd000000,0x0000005dfd100000)]
  0x0000020addd58800 JavaThread "Cache worker for journal cache (C:\Users\jacko\.gradle\caches\journal-1)" [_thread_blocked, id=9748, stack(0x0000005dfdf00000,0x0000005dfe000000)]
  0x0000020addd57000 JavaThread "File lock request listener" [_thread_in_native, id=7144, stack(0x0000005dfe000000,0x0000005dfe100000)]
  0x0000020addd56000 JavaThread "Cache worker for file hash cache (C:\Users\jacko\.gradle\caches\7.4\fileHashes)" [_thread_blocked, id=12692, stack(0x0000005dfe200000,0x0000005dfe300000)]
  0x0000020addd57800 JavaThread "File watcher server" daemon [_thread_blocked, id=20084, stack(0x0000005dfe300000,0x0000005dfe400000)]
  0x0000020addd53000 JavaThread "File watcher consumer" daemon [_thread_blocked, id=16528, stack(0x0000005dfe400000,0x0000005dfe500000)]
  0x0000020addd59800 JavaThread "jar transforms" [_thread_blocked, id=16664, stack(0x0000005dfe500000,0x0000005dfe600000)]
  0x0000020addd53800 JavaThread "jar transforms Thread 2" [_thread_blocked, id=12868, stack(0x0000005dfe600000,0x0000005dfe700000)]
  0x0000020addd54800 JavaThread "jar transforms Thread 3" [_thread_blocked, id=10096, stack(0x0000005dfe700000,0x0000005dfe800000)]
  0x0000020addd55000 JavaThread "jar transforms Thread 4" [_thread_blocked, id=16196, stack(0x0000005dfe800000,0x0000005dfe900000)]
  0x0000020ade546000 JavaThread "jar transforms Thread 5" [_thread_blocked, id=15892, stack(0x0000005dfe900000,0x0000005dfea00000)]
  0x0000020ade549800 JavaThread "jar transforms Thread 6" [_thread_blocked, id=8408, stack(0x0000005dfea00000,0x0000005dfeb00000)]
  0x0000020ade548000 JavaThread "jar transforms Thread 7" [_thread_blocked, id=9116, stack(0x0000005dfeb00000,0x0000005dfec00000)]
  0x0000020ade548800 JavaThread "jar transforms Thread 8" [_thread_blocked, id=17520, stack(0x0000005dfec00000,0x0000005dfed00000)]
  0x0000020ade547000 JavaThread "Cache worker for execution history cache (C:\Users\jacko\.gradle\caches\7.4\executionHistory)" [_thread_blocked, id=14032, stack(0x0000005dff100000,0x0000005dff200000)]
  0x0000020add871800 JavaThread "Cache worker for file content cache (C:\Users\jacko\.gradle\caches\7.4\fileContent)" [_thread_blocked, id=19168, stack(0x0000005dff200000,0x0000005dff300000)]
  0x0000020ae2b21000 JavaThread "Memory manager" [_thread_blocked, id=21148, stack(0x0000005d84500000,0x0000005d84600000)]
  0x0000020add86f800 JavaThread "Daemon Thread 2" [_thread_blocked, id=19552, stack(0x0000005d80000000,0x0000005d80100000)]
  0x0000020add86e000 JavaThread "Daemon worker Thread 2" [_thread_blocked, id=19076, stack(0x0000005d80300000,0x0000005d80400000)]
  0x0000020adb1f7000 JavaThread "included builds" [_thread_blocked, id=7100, stack(0x0000005d85e00000,0x0000005d85f00000)]
  0x0000020adb1ed000 JavaThread "Handler for socket connection from /127.0.0.1:53034 to /127.0.0.1:53069" [_thread_in_native, id=20748, stack(0x0000005d80100000,0x0000005d80200000)]
  0x0000020adb1ef800 JavaThread "Cancel handler" [_thread_blocked, id=21128, stack(0x0000005d80200000,0x0000005d80300000)]
  0x0000020adb1ee000 JavaThread "Asynchronous log dispatcher for DefaultDaemonConnection: socket connection from /127.0.0.1:53034 to /127.0.0.1:53069" [_thread_blocked, id=13384, stack(0x0000005d80400000,0x0000005d80500000)]
  0x0000020adb1f0800 JavaThread "Stdin handler" [_thread_blocked, id=14408, stack(0x0000005d80500000,0x0000005d80600000)]
  0x0000020adb1ec000 JavaThread "Daemon client event forwarder" [_thread_blocked, id=18372, stack(0x0000005d80600000,0x0000005d80700000)]
  0x0000020adb1f1000 JavaThread "Cache worker for checksums cache (C:\Users\0Marwan Ashraf\.0MyStuff\.0college\SideLearn\Programming\AndroidStudio\Final\.gradle\7.4\checksums)" [_thread_blocked, id=18636, stack(0x0000005d80800000,0x0000005d80900000)]
  0x0000020adb1f4800 JavaThread "Cache worker for cache directory md-rule (C:\Users\jacko\.gradle\caches\7.4\md-rule)" [_thread_blocked, id=16128, stack(0x0000005d80900000,0x0000005d80a00000)]
  0x0000020adb1f2000 JavaThread "Cache worker for file hash cache (C:\Users\0Marwan Ashraf\.0MyStuff\.0college\SideLearn\Programming\AndroidStudio\Final\.gradle\7.4\fileHashes)" [_thread_blocked, id=14312, stack(0x0000005d80a00000,0x0000005d80b00000)]
  0x0000020adb1f2800 JavaThread "Cache worker for cache directory md-supplier (C:\Users\jacko\.gradle\caches\7.4\md-supplier)" [_thread_blocked, id=10156, stack(0x0000005d80b00000,0x0000005d80c00000)]
  0x0000020adb1f3800 JavaThread "Cache worker for dependencies-accessors (C:\Users\0Marwan Ashraf\.0MyStuff\.0college\SideLearn\Programming\AndroidStudio\Final\.gradle\7.4\dependencies-accessors)" [_thread_blocked, id=16696, stack(0x0000005d80c00000,0x0000005d80d00000)]
  0x0000020adb1ee800 JavaThread "Cache worker for Build Output Cleanup Cache (C:\Users\0Marwan Ashraf\.0MyStuff\.0college\SideLearn\Programming\AndroidStudio\Final\.gradle\buildOutputCleanup)" [_thread_blocked, id=16300, stack(0x0000005d80d00000,0x0000005d80e00000)]
  0x0000020adb1f8800 JavaThread "Unconstrained build operations" [_thread_blocked, id=16836, stack(0x0000005d80e00000,0x0000005d80f00000)]
  0x0000020adb1f9800 JavaThread "Unconstrained build operations Thread 2" [_thread_blocked, id=16804, stack(0x0000005d80f00000,0x0000005d81000000)]
  0x0000020adb1fb000 JavaThread "Unconstrained build operations Thread 3" [_thread_blocked, id=13468, stack(0x0000005d81000000,0x0000005d81100000)]
  0x0000020adb1f7800 JavaThread "Unconstrained build operations Thread 4" [_thread_blocked, id=17848, stack(0x0000005d81100000,0x0000005d81200000)]
  0x0000020adb1fa000 JavaThread "Unconstrained build operations Thread 5" [_thread_blocked, id=7392, stack(0x0000005d81200000,0x0000005d81300000)]
  0x0000020adb1f5000 JavaThread "Unconstrained build operations Thread 6" [_thread_blocked, id=19612, stack(0x0000005d81300000,0x0000005d81400000)]
  0x0000020adb1f6000 JavaThread "Unconstrained build operations Thread 7" [_thread_blocked, id=2732, stack(0x0000005d81400000,0x0000005d81500000)]
  0x0000020add872000 JavaThread "Unconstrained build operations Thread 8" [_thread_blocked, id=12076, stack(0x0000005d81500000,0x0000005d81600000)]
  0x0000020add874000 JavaThread "Unconstrained build operations Thread 9" [_thread_blocked, id=4040, stack(0x0000005d81600000,0x0000005d81700000)]
  0x0000020add86f000 JavaThread "Unconstrained build operations Thread 10" [_thread_blocked, id=18260, stack(0x0000005d81700000,0x0000005d81800000)]
  0x0000020add874800 JavaThread "Unconstrained build operations Thread 11" [_thread_blocked, id=19336, stack(0x0000005d81800000,0x0000005d81900000)]
  0x0000020add875800 JavaThread "Unconstrained build operations Thread 12" [_thread_blocked, id=19652, stack(0x0000005d81900000,0x0000005d81a00000)]
  0x0000020add870800 JavaThread "Unconstrained build operations Thread 13" [_thread_blocked, id=12768, stack(0x0000005d81a00000,0x0000005d81b00000)]
  0x0000020add877000 JavaThread "Unconstrained build operations Thread 14" [_thread_blocked, id=5980, stack(0x0000005d81b00000,0x0000005d81c00000)]
  0x0000020add878000 JavaThread "Unconstrained build operations Thread 15" [_thread_blocked, id=21988, stack(0x0000005d81c00000,0x0000005d81d00000)]
  0x0000020add878800 JavaThread "Unconstrained build operations Thread 16" [_thread_blocked, id=13068, stack(0x0000005d81d00000,0x0000005d81e00000)]
  0x0000020add87c000 JavaThread "Unconstrained build operations Thread 17" [_thread_blocked, id=10760, stack(0x0000005d81e00000,0x0000005d81f00000)]
  0x0000020add876800 JavaThread "Unconstrained build operations Thread 18" [_thread_blocked, id=15888, stack(0x0000005d81f00000,0x0000005d82000000)]
  0x0000020add879800 JavaThread "Unconstrained build operations Thread 19" [_thread_blocked, id=7792, stack(0x0000005d82000000,0x0000005d82100000)]
  0x0000020add87a800 JavaThread "Unconstrained build operations Thread 20" [_thread_blocked, id=22112, stack(0x0000005d82100000,0x0000005d82200000)]
  0x0000020add87b000 JavaThread "Unconstrained build operations Thread 21" [_thread_blocked, id=3204, stack(0x0000005d82200000,0x0000005d82300000)]
  0x0000020ae2b18800 JavaThread "Unconstrained build operations Thread 22" [_thread_blocked, id=13628, stack(0x0000005d82300000,0x0000005d82400000)]
  0x0000020ae2b19800 JavaThread "Unconstrained build operations Thread 23" [_thread_blocked, id=9860, stack(0x0000005d82400000,0x0000005d82500000)]
  0x0000020ae2b18000 JavaThread "Unconstrained build operations Thread 24" [_thread_blocked, id=3904, stack(0x0000005d82500000,0x0000005d82600000)]
  0x0000020ae2b1a800 JavaThread "Unconstrained build operations Thread 25" [_thread_blocked, id=9264, stack(0x0000005d82600000,0x0000005d82700000)]
  0x0000020ae2b1b000 JavaThread "Unconstrained build operations Thread 26" [_thread_blocked, id=16356, stack(0x0000005d82700000,0x0000005d82800000)]
  0x0000020ae2b1c000 JavaThread "Unconstrained build operations Thread 27" [_thread_blocked, id=19100, stack(0x0000005d82800000,0x0000005d82900000)]
  0x0000020ae2b16000 JavaThread "Unconstrained build operations Thread 28" [_thread_blocked, id=12700, stack(0x0000005d82900000,0x0000005d82a00000)]
  0x0000020ae2b1c800 JavaThread "Unconstrained build operations Thread 29" [_thread_blocked, id=13480, stack(0x0000005d82a00000,0x0000005d82b00000)]
  0x0000020ae2b17000 JavaThread "Unconstrained build operations Thread 30" [_thread_blocked, id=15164, stack(0x0000005d82b00000,0x0000005d82c00000)]
  0x0000020ae2b1f000 JavaThread "Unconstrained build operations Thread 31" [_thread_blocked, id=17728, stack(0x0000005d82c00000,0x0000005d82d00000)]
  0x0000020ae2b24000 JavaThread "Unconstrained build operations Thread 32" [_thread_blocked, id=22288, stack(0x0000005d82d00000,0x0000005d82e00000)]
  0x0000020ae2b20000 JavaThread "Unconstrained build operations Thread 33" [_thread_blocked, id=904, stack(0x0000005d82e00000,0x0000005d82f00000)]
  0x0000020ae2b1e800 JavaThread "Unconstrained build operations Thread 34" [_thread_blocked, id=22244, stack(0x0000005d82f00000,0x0000005d83000000)]
  0x0000020ae2b25000 JavaThread "Unconstrained build operations Thread 35" [_thread_blocked, id=3196, stack(0x0000005d83000000,0x0000005d83100000)]
  0x0000020ade54a800 JavaThread "Unconstrained build operations Thread 36" [_thread_blocked, id=10344, stack(0x0000005d83100000,0x0000005d83200000)]
  0x0000020ade545800 JavaThread "Unconstrained build operations Thread 37" [_thread_blocked, id=20524, stack(0x0000005d83200000,0x0000005d83300000)]
  0x0000020ade54c000 JavaThread "Unconstrained build operations Thread 38" [_thread_blocked, id=20372, stack(0x0000005d83300000,0x0000005d83400000)]
  0x0000020ade54b000 JavaThread "Unconstrained build operations Thread 39" [_thread_blocked, id=22276, stack(0x0000005d83400000,0x0000005d83500000)]
  0x0000020ae03de000 JavaThread "Unconstrained build operations Thread 40" [_thread_blocked, id=11576, stack(0x0000005d83500000,0x0000005d83600000)]
  0x0000020ae03d8800 JavaThread "Unconstrained build operations Thread 41" [_thread_blocked, id=21812, stack(0x0000005d83600000,0x0000005d83700000)]
  0x0000020ae03df000 JavaThread "Unconstrained build operations Thread 42" [_thread_blocked, id=3528, stack(0x0000005d83700000,0x0000005d83800000)]
  0x0000020ae03dc800 JavaThread "Unconstrained build operations Thread 43" [_thread_blocked, id=15884, stack(0x0000005d83800000,0x0000005d83900000)]
  0x0000020ae03dd000 JavaThread "Unconstrained build operations Thread 44" [_thread_blocked, id=13716, stack(0x0000005d83900000,0x0000005d83a00000)]
  0x0000020ae03d9000 JavaThread "Unconstrained build operations Thread 45" [_thread_blocked, id=21672, stack(0x0000005d83a00000,0x0000005d83b00000)]
  0x0000020ae03da800 JavaThread "Unconstrained build operations Thread 46" [_thread_blocked, id=9916, stack(0x0000005d83b00000,0x0000005d83c00000)]
  0x0000020ae03db800 JavaThread "Unconstrained build operations Thread 47" [_thread_blocked, id=20528, stack(0x0000005d83c00000,0x0000005d83d00000)]
  0x0000020ae03df800 JavaThread "Unconstrained build operations Thread 48" [_thread_blocked, id=13288, stack(0x0000005d83d00000,0x0000005d83e00000)]
  0x0000020ae03da000 JavaThread "Unconstrained build operations Thread 49" [_thread_blocked, id=19588, stack(0x0000005d83e00000,0x0000005d83f00000)]
  0x0000020ae03e0800 JavaThread "Unconstrained build operations Thread 50" [_thread_blocked, id=8024, stack(0x0000005d83f00000,0x0000005d84000000)]
  0x0000020ae03e3000 JavaThread "Unconstrained build operations Thread 51" [_thread_blocked, id=9984, stack(0x0000005d84000000,0x0000005d84100000)]
  0x0000020ae03e2000 JavaThread "Unconstrained build operations Thread 52" [_thread_blocked, id=16368, stack(0x0000005d84100000,0x0000005d84200000)]
  0x0000020ae03e3800 JavaThread "Unconstrained build operations Thread 53" [_thread_blocked, id=16432, stack(0x0000005d84200000,0x0000005d84300000)]
  0x0000020ae03e1000 JavaThread "Unconstrained build operations Thread 54" [_thread_blocked, id=9340, stack(0x0000005d84300000,0x0000005d84400000)]
  0x0000020ae03e5800 JavaThread "Unconstrained build operations Thread 55" [_thread_blocked, id=11280, stack(0x0000005d84400000,0x0000005d84500000)]
  0x0000020ae03e6000 JavaThread "Unconstrained build operations Thread 56" [_thread_blocked, id=13724, stack(0x0000005d84600000,0x0000005d84700000)]
  0x0000020ae03e7000 JavaThread "Unconstrained build operations Thread 57" [_thread_blocked, id=7276, stack(0x0000005d84700000,0x0000005d84800000)]
  0x0000020ae03e4800 JavaThread "Unconstrained build operations Thread 58" [_thread_blocked, id=7852, stack(0x0000005d84800000,0x0000005d84900000)]
  0x0000020adcf48800 JavaThread "Unconstrained build operations Thread 59" [_thread_blocked, id=3648, stack(0x0000005d84900000,0x0000005d84a00000)]
  0x0000020adcf4c800 JavaThread "Unconstrained build operations Thread 60" [_thread_blocked, id=7456, stack(0x0000005d84a00000,0x0000005d84b00000)]
  0x0000020adcf4b000 JavaThread "Unconstrained build operations Thread 61" [_thread_blocked, id=10740, stack(0x0000005d84b00000,0x0000005d84c00000)]
  0x0000020adcf4a800 JavaThread "Unconstrained build operations Thread 62" [_thread_blocked, id=18244, stack(0x0000005d84c00000,0x0000005d84d00000)]
  0x0000020adcf4c000 JavaThread "Unconstrained build operations Thread 63" [_thread_blocked, id=12500, stack(0x0000005d84d00000,0x0000005d84e00000)]
  0x0000020adcf47000 JavaThread "Unconstrained build operations Thread 64" [_thread_blocked, id=21536, stack(0x0000005d84e00000,0x0000005d84f00000)]
  0x0000020adcf4d800 JavaThread "Unconstrained build operations Thread 65" [_thread_blocked, id=21072, stack(0x0000005d84f00000,0x0000005d85000000)]
  0x0000020adcf49800 JavaThread "Unconstrained build operations Thread 66" [_thread_blocked, id=1576, stack(0x0000005d85000000,0x0000005d85100000)]
  0x0000020adcf48000 JavaThread "Unconstrained build operations Thread 67" [_thread_blocked, id=5492, stack(0x0000005d85100000,0x0000005d85200000)]
  0x0000020adcf53000 JavaThread "Unconstrained build operations Thread 68" [_thread_blocked, id=8172, stack(0x0000005d85200000,0x0000005d85300000)]
  0x0000020adcf52800 JavaThread "Unconstrained build operations Thread 69" [_thread_blocked, id=15592, stack(0x0000005d85300000,0x0000005d85400000)]
  0x0000020adcf51000 JavaThread "Unconstrained build operations Thread 70" [_thread_blocked, id=20064, stack(0x0000005d85400000,0x0000005d85500000)]
  0x0000020adcf51800 JavaThread "Unconstrained build operations Thread 71" [_thread_blocked, id=2684, stack(0x0000005d85500000,0x0000005d85600000)]
  0x0000020adcf4f000 JavaThread "Unconstrained build operations Thread 72" [_thread_blocked, id=9932, stack(0x0000005d85600000,0x0000005d85700000)]
  0x0000020adcf54000 JavaThread "Unconstrained build operations Thread 73" [_thread_blocked, id=16036, stack(0x0000005d85700000,0x0000005d85800000)]
  0x0000020adcf4e800 JavaThread "Unconstrained build operations Thread 74" [_thread_blocked, id=14116, stack(0x0000005d85800000,0x0000005d85900000)]
  0x0000020adcf55000 JavaThread "Unconstrained build operations Thread 75" [_thread_blocked, id=16380, stack(0x0000005d85900000,0x0000005d85a00000)]
  0x0000020adcf50000 JavaThread "Unconstrained build operations Thread 76" [_thread_blocked, id=9488, stack(0x0000005d85a00000,0x0000005d85b00000)]
  0x0000020adcf55800 JavaThread "Unconstrained build operations Thread 77" [_thread_blocked, id=10092, stack(0x0000005d85b00000,0x0000005d85c00000)]
  0x0000020ae4499800 JavaThread "Unconstrained build operations Thread 78" [_thread_blocked, id=19184, stack(0x0000005d85c00000,0x0000005d85d00000)]
  0x0000020ae4499000 JavaThread "Unconstrained build operations Thread 79" [_thread_blocked, id=16228, stack(0x0000005d85d00000,0x0000005d85e00000)]
  0x0000020ae4498000 JavaThread "Unconstrained build operations Thread 80" [_thread_blocked, id=1008, stack(0x0000005d85f00000,0x0000005d86000000)]
  0x0000020ae449b800 JavaThread "build event listener" [_thread_blocked, id=8052, stack(0x0000005d86000000,0x0000005d86100000)]
  0x0000020ae4495800 JavaThread "included builds" [_thread_blocked, id=1448, stack(0x0000005d86100000,0x0000005d86200000)]
  0x0000020ae449c000 JavaThread "Execution worker for ':'" [_thread_blocked, id=21592, stack(0x0000005d86200000,0x0000005d86300000)]
  0x0000020ae4496800 JavaThread "Execution worker for ':' Thread 2" [_thread_blocked, id=3416, stack(0x0000005d86300000,0x0000005d86400000)]
  0x0000020ae449d000 JavaThread "Execution worker for ':' Thread 3" [_thread_blocked, id=4000, stack(0x0000005d86400000,0x0000005d86500000)]
  0x0000020ae4497000 JavaThread "Execution worker for ':' Thread 4" [_thread_blocked, id=12832, stack(0x0000005d86500000,0x0000005d86600000)]
  0x0000020ae44a2000 JavaThread "Execution worker for ':' Thread 5" [_thread_blocked, id=7252, stack(0x0000005d86600000,0x0000005d86700000)]
  0x0000020ae449f800 JavaThread "Execution worker for ':' Thread 6" [_thread_blocked, id=19600, stack(0x0000005d86700000,0x0000005d86800000)]
  0x0000020ae44a2800 JavaThread "Execution worker for ':' Thread 7" [_thread_blocked, id=5808, stack(0x0000005d86800000,0x0000005d86900000)]
  0x0000020ae44a3800 JavaThread "Cache worker for execution history cache (C:\Users\0Marwan Ashraf\.0MyStuff\.0college\SideLearn\Programming\AndroidStudio\Final\.gradle\7.4\executionHistory)" [_thread_blocked, id=12052, stack(0x0000005d86900000,0x0000005d86a00000)]
  0x0000020ae449d800 JavaThread "WorkerExecutor Queue" [_thread_blocked, id=3360, stack(0x0000005d86a00000,0x0000005d86b00000)]
  0x0000020ae449e800 JavaThread "WorkerExecutor Queue Thread 2" [_thread_blocked, id=9024, stack(0x0000005d86b00000,0x0000005d86c00000)]
  0x0000020ae44a0000 JavaThread "WorkerExecutor Queue Thread 3" [_thread_blocked, id=2512, stack(0x0000005d86c00000,0x0000005d86d00000)]
  0x0000020ae449a800 JavaThread "WorkerExecutor Queue Thread 4" [_thread_blocked, id=13188, stack(0x0000005d86d00000,0x0000005d86e00000)]
  0x0000020ae44a1000 JavaThread "WorkerExecutor Queue Thread 5" [_thread_blocked, id=8592, stack(0x0000005d86e00000,0x0000005d86f00000)]
  0x0000020ae44a4000 JavaThread "WorkerExecutor Queue Thread 6" [_thread_blocked, id=3200, stack(0x0000005d86f00000,0x0000005d87000000)]
  0x0000020ae4405800 JavaThread "WorkerExecutor Queue Thread 7" [_thread_blocked, id=18456, stack(0x0000005d87000000,0x0000005d87100000)]
  0x0000020ae4403000 JavaThread "WorkerExecutor Queue Thread 8" [_thread_blocked, id=4932, stack(0x0000005d87100000,0x0000005d87200000)]

Other Threads:
=>0x0000020ada23d000 VMThread "VM Thread" [stack: 0x0000005dfc200000,0x0000005dfc300000] [id=3576]
  0x0000020adad38000 WatcherThread [stack: 0x0000005dfcc00000,0x0000005dfcd00000] [id=1304]
  0x0000020abfdc4000 GCTaskThread "GC Thread#0" [stack: 0x0000005dfbd00000,0x0000005dfbe00000] [id=13148]
  0x0000020adb9c2800 GCTaskThread "GC Thread#1" [stack: 0x0000005dfce00000,0x0000005dfcf00000] [id=4184]
  0x0000020adbd2a000 GCTaskThread "GC Thread#2" [stack: 0x0000005dfd900000,0x0000005dfda00000] [id=17944]
  0x0000020adbd2b800 GCTaskThread "GC Thread#3" [stack: 0x0000005dfda00000,0x0000005dfdb00000] [id=9020]
  0x0000020adbd1b000 GCTaskThread "GC Thread#4" [stack: 0x0000005dfdb00000,0x0000005dfdc00000] [id=18068]
  0x0000020adbd1c000 GCTaskThread "GC Thread#5" [stack: 0x0000005dfdc00000,0x0000005dfdd00000] [id=4072]
  0x0000020adc144000 GCTaskThread "GC Thread#6" [stack: 0x0000005dfdd00000,0x0000005dfde00000] [id=21708]
  0x0000020adc145000 GCTaskThread "GC Thread#7" [stack: 0x0000005dfde00000,0x0000005dfdf00000] [id=7988]
  0x0000020abfdf6000 ConcurrentGCThread "G1 Main Marker" [stack: 0x0000005dfbe00000,0x0000005dfbf00000] [id=11276]
  0x0000020abfdf7800 ConcurrentGCThread "G1 Conc#0" [stack: 0x0000005dfbf00000,0x0000005dfc000000] [id=1764]
  0x0000020adcbd5800 ConcurrentGCThread "G1 Conc#1" [stack: 0x0000005dfe100000,0x0000005dfe200000] [id=20544]
  0x0000020ada090800 ConcurrentGCThread "G1 Refine#0" [stack: 0x0000005dfc000000,0x0000005dfc100000] [id=14120]
  0x0000020adc709000 ConcurrentGCThread "G1 Refine#1" [stack: 0x0000005d80700000,0x0000005d80800000] [id=18076]
  0x0000020ada092800 ConcurrentGCThread "G1 Young RemSet Sampling" [stack: 0x0000005dfc100000,0x0000005dfc200000] [id=18404]

Threads with active compile tasks:
C2 CompilerThread0 222341 14563   !   4       java.io.ObjectOutputStream::writeObject0 (619 bytes)
C1 CompilerThread0 222341 15974 %     3       org.apache.xerces.impl.io.UTF8Reader::read @ 112 (1402 bytes)

VM state:at safepoint (normal execution)

VM Mutex/Monitor currently owned by a thread:  ([mutex/lock_event])
[0x0000020abdd6ab20] Threads_lock - owner thread: 0x0000020ada23d000
[0x0000020abdd6a8e0] Heap_lock - owner thread: 0x0000020ae4405800

Heap address: 0x0000000080000000, size: 2048 MB, Compressed Oops mode: 32-bit
Narrow klass base: 0x0000000000000000, Narrow klass shift: 3
Compressed class space size: 1073741824 Address: 0x0000000100000000

Heap:
 garbage-first heap   total 317440K, used 199814K [0x0000000080000000, 0x0000000100000000)
  region size 1024K, 3 young (3072K), 3 survivors (3072K)
 Metaspace       used 109574K, capacity 112725K, committed 112896K, reserved 1146880K
  class space    used 13485K, capacity 14592K, committed 14592K, reserved 1048576K
Heap Regions: E=young(eden), S=young(survivor), O=old, HS=humongous(starts), HC=humongous(continues), CS=collection set, F=free, A=archive, TAMS=top-at-mark-start (previous, next)
|   0|0x0000000080000000, 0x0000000080100000, 0x0000000080100000|100%| O|  |TAMS 0x0000000080100000, 0x0000000080000000| Untracked 
|   1|0x0000000080100000, 0x0000000080200000, 0x0000000080200000|100%| O|  |TAMS 0x0000000080200000, 0x0000000080100000| Untracked 
|   2|0x0000000080200000, 0x0000000080300000, 0x0000000080300000|100%| O|  |TAMS 0x0000000080300000, 0x0000000080200000| Untracked 
|   3|0x0000000080300000, 0x0000000080400000, 0x0000000080400000|100%|HS|  |TAMS 0x0000000080400000, 0x0000000080300000| Complete 
|   4|0x0000000080400000, 0x0000000080500000, 0x0000000080500000|100%|HC|  |TAMS 0x0000000080500000, 0x0000000080400000| Complete 
|   5|0x0000000080500000, 0x0000000080600000, 0x0000000080600000|100%|HC|  |TAMS 0x0000000080600000, 0x0000000080500000| Complete 
|   6|0x0000000080600000, 0x0000000080700000, 0x0000000080700000|100%| O|  |TAMS 0x0000000080700000, 0x0000000080600000| Untracked 
|   7|0x0000000080700000, 0x0000000080800000, 0x0000000080800000|100%| O|  |TAMS 0x0000000080800000, 0x0000000080700000| Untracked 
|   8|0x0000000080800000, 0x0000000080900000, 0x0000000080900000|100%| O|  |TAMS 0x0000000080900000, 0x0000000080800000| Untracked 
|   9|0x0000000080900000, 0x0000000080a00000, 0x0000000080a00000|100%| O|  |TAMS 0x0000000080a00000, 0x0000000080900000| Untracked 
|  10|0x0000000080a00000, 0x0000000080b00000, 0x0000000080b00000|100%| O|  |TAMS 0x0000000080b00000, 0x0000000080a00000| Untracked 
|  11|0x0000000080b00000, 0x0000000080c00000, 0x0000000080c00000|100%| O|  |TAMS 0x0000000080c00000, 0x0000000080b00000| Untracked 
|  12|0x0000000080c00000, 0x0000000080d00000, 0x0000000080d00000|100%| O|  |TAMS 0x0000000080d00000, 0x0000000080c00000| Untracked 
|  13|0x0000000080d00000, 0x0000000080e00000, 0x0000000080e00000|100%| O|  |TAMS 0x0000000080e00000, 0x0000000080d00000| Untracked 
|  14|0x0000000080e00000, 0x0000000080f00000, 0x0000000080f00000|100%| O|  |TAMS 0x0000000080f00000, 0x0000000080e00000| Untracked 
|  15|0x0000000080f00000, 0x0000000081000000, 0x0000000081000000|100%| O|  |TAMS 0x0000000081000000, 0x0000000080f00000| Untracked 
|  16|0x0000000081000000, 0x0000000081100000, 0x0000000081100000|100%|HS|  |TAMS 0x0000000081100000, 0x0000000081000000| Complete 
|  17|0x0000000081100000, 0x0000000081200000, 0x0000000081200000|100%|HC|  |TAMS 0x0000000081200000, 0x0000000081100000| Complete 
|  18|0x0000000081200000, 0x0000000081300000, 0x0000000081300000|100%|HS|  |TAMS 0x0000000081300000, 0x0000000081200000| Complete 
|  19|0x0000000081300000, 0x0000000081400000, 0x0000000081400000|100%|HC|  |TAMS 0x0000000081400000, 0x0000000081300000| Complete 
|  20|0x0000000081400000, 0x0000000081500000, 0x0000000081500000|100%|HC|  |TAMS 0x0000000081500000, 0x0000000081400000| Complete 
|  21|0x0000000081500000, 0x0000000081600000, 0x0000000081600000|100%|HS|  |TAMS 0x0000000081600000, 0x0000000081500000| Complete 
|  22|0x0000000081600000, 0x0000000081700000, 0x0000000081700000|100%|HC|  |TAMS 0x0000000081700000, 0x0000000081600000| Complete 
|  23|0x0000000081700000, 0x0000000081800000, 0x0000000081800000|100%|HC|  |TAMS 0x0000000081800000, 0x0000000081700000| Complete 
|  24|0x0000000081800000, 0x0000000081900000, 0x0000000081900000|100%|HS|  |TAMS 0x0000000081900000, 0x0000000081800000| Complete 
|  25|0x0000000081900000, 0x0000000081a00000, 0x0000000081a00000|100%|HC|  |TAMS 0x0000000081a00000, 0x0000000081900000| Complete 
|  26|0x0000000081a00000, 0x0000000081b00000, 0x0000000081b00000|100%|HC|  |TAMS 0x0000000081b00000, 0x0000000081a00000| Complete 
|  27|0x0000000081b00000, 0x0000000081c00000, 0x0000000081c00000|100%|HC|  |TAMS 0x0000000081c00000, 0x0000000081b00000| Complete 
|  28|0x0000000081c00000, 0x0000000081d00000, 0x0000000081d00000|100%|HC|  |TAMS 0x0000000081d00000, 0x0000000081c00000| Complete 
|  29|0x0000000081d00000, 0x0000000081e00000, 0x0000000081e00000|100%|HS|  |TAMS 0x0000000081e00000, 0x0000000081d00000| Complete 
|  30|0x0000000081e00000, 0x0000000081f00000, 0x0000000081f00000|100%|HS|  |TAMS 0x0000000081f00000, 0x0000000081e00000| Complete 
|  31|0x0000000081f00000, 0x0000000082000000, 0x0000000082000000|100%|HC|  |TAMS 0x0000000082000000, 0x0000000081f00000| Complete 
|  32|0x0000000082000000, 0x0000000082100000, 0x0000000082100000|100%|HC|  |TAMS 0x0000000082100000, 0x0000000082000000| Complete 
|  33|0x0000000082100000, 0x0000000082200000, 0x0000000082200000|100%|HC|  |TAMS 0x0000000082200000, 0x0000000082100000| Complete 
|  34|0x0000000082200000, 0x0000000082300000, 0x0000000082300000|100%| O|  |TAMS 0x0000000082300000, 0x0000000082200000| Untracked 
|  35|0x0000000082300000, 0x0000000082400000, 0x0000000082400000|100%| O|  |TAMS 0x0000000082400000, 0x0000000082300000| Untracked 
|  36|0x0000000082400000, 0x0000000082500000, 0x0000000082500000|100%| O|  |TAMS 0x0000000082500000, 0x0000000082400000| Untracked 
|  37|0x0000000082500000, 0x0000000082600000, 0x0000000082600000|100%| O|  |TAMS 0x0000000082600000, 0x0000000082500000| Untracked 
|  38|0x0000000082600000, 0x0000000082700000, 0x0000000082700000|100%| O|  |TAMS 0x0000000082700000, 0x0000000082600000| Untracked 
|  39|0x0000000082700000, 0x0000000082800000, 0x0000000082800000|100%| O|  |TAMS 0x0000000082800000, 0x0000000082700000| Untracked 
|  40|0x0000000082800000, 0x0000000082900000, 0x0000000082900000|100%| O|  |TAMS 0x0000000082900000, 0x0000000082800000| Untracked 
|  41|0x0000000082900000, 0x0000000082a00000, 0x0000000082a00000|100%| O|  |TAMS 0x0000000082a00000, 0x0000000082900000| Untracked 
|  42|0x0000000082a00000, 0x0000000082b00000, 0x0000000082b00000|100%| O|  |TAMS 0x0000000082b00000, 0x0000000082a00000| Untracked 
|  43|0x0000000082b00000, 0x0000000082c00000, 0x0000000082c00000|100%|HS|  |TAMS 0x0000000082c00000, 0x0000000082b00000| Complete 
|  44|0x0000000082c00000, 0x0000000082d00000, 0x0000000082d00000|100%|HC|  |TAMS 0x0000000082d00000, 0x0000000082c00000| Complete 
|  45|0x0000000082d00000, 0x0000000082e00000, 0x0000000082e00000|100%|HC|  |TAMS 0x0000000082e00000, 0x0000000082d00000| Complete 
|  46|0x0000000082e00000, 0x0000000082f00000, 0x0000000082f00000|100%| O|  |TAMS 0x0000000082f00000, 0x0000000082e00000| Untracked 
|  47|0x0000000082f00000, 0x0000000083000000, 0x0000000083000000|100%| O|  |TAMS 0x0000000083000000, 0x0000000082f00000| Untracked 
|  48|0x0000000083000000, 0x0000000083100000, 0x0000000083100000|100%| O|  |TAMS 0x0000000083100000, 0x0000000083000000| Untracked 
|  49|0x0000000083100000, 0x0000000083200000, 0x0000000083200000|100%| O|  |TAMS 0x0000000083200000, 0x0000000083100000| Untracked 
|  50|0x0000000083200000, 0x0000000083300000, 0x0000000083300000|100%| O|  |TAMS 0x0000000083300000, 0x0000000083200000| Untracked 
|  51|0x0000000083300000, 0x0000000083400000, 0x0000000083400000|100%|HS|  |TAMS 0x0000000083400000, 0x0000000083300000| Complete 
|  52|0x0000000083400000, 0x0000000083500000, 0x0000000083500000|100%|HC|  |TAMS 0x0000000083500000, 0x0000000083400000| Complete 
|  53|0x0000000083500000, 0x0000000083600000, 0x0000000083600000|100%|HC|  |TAMS 0x0000000083600000, 0x0000000083500000| Complete 
|  54|0x0000000083600000, 0x0000000083700000, 0x0000000083700000|100%|HC|  |TAMS 0x0000000083700000, 0x0000000083600000| Complete 
|  55|0x0000000083700000, 0x0000000083800000, 0x0000000083800000|100%|HS|  |TAMS 0x0000000083800000, 0x0000000083700000| Complete 
|  56|0x0000000083800000, 0x0000000083900000, 0x0000000083900000|100%|HC|  |TAMS 0x0000000083900000, 0x0000000083800000| Complete 
|  57|0x0000000083900000, 0x0000000083a00000, 0x0000000083a00000|100%|HS|  |TAMS 0x0000000083a00000, 0x0000000083900000| Complete 
|  58|0x0000000083a00000, 0x0000000083b00000, 0x0000000083b00000|100%|HC|  |TAMS 0x0000000083b00000, 0x0000000083a00000| Complete 
|  59|0x0000000083b00000, 0x0000000083c00000, 0x0000000083c00000|100%|HC|  |TAMS 0x0000000083c00000, 0x0000000083b00000| Complete 
|  60|0x0000000083c00000, 0x0000000083d00000, 0x0000000083d00000|100%| O|  |TAMS 0x0000000083d00000, 0x0000000083c00000| Untracked 
|  61|0x0000000083d00000, 0x0000000083e00000, 0x0000000083e00000|100%| O|  |TAMS 0x0000000083e00000, 0x0000000083d00000| Untracked 
|  62|0x0000000083e00000, 0x0000000083f00000, 0x0000000083f00000|100%|HS|  |TAMS 0x0000000083f00000, 0x0000000083e00000| Complete 
|  63|0x0000000083f00000, 0x0000000084000000, 0x0000000084000000|100%|HC|  |TAMS 0x0000000084000000, 0x0000000083f00000| Complete 
|  64|0x0000000084000000, 0x0000000084100000, 0x0000000084100000|100%|HC|  |TAMS 0x0000000084100000, 0x0000000084000000| Complete 
|  65|0x0000000084100000, 0x0000000084200000, 0x0000000084200000|100%|HC|  |TAMS 0x0000000084200000, 0x0000000084100000| Complete 
|  66|0x0000000084200000, 0x0000000084300000, 0x0000000084300000|100%|HC|  |TAMS 0x0000000084300000, 0x0000000084200000| Complete 
|  67|0x0000000084300000, 0x0000000084400000, 0x0000000084400000|100%| O|  |TAMS 0x0000000084400000, 0x0000000084300000| Untracked 
|  68|0x0000000084400000, 0x0000000084500000, 0x0000000084500000|100%| O|  |TAMS 0x0000000084500000, 0x0000000084400000| Untracked 
|  69|0x0000000084500000, 0x0000000084600000, 0x0000000084600000|100%| O|  |TAMS 0x0000000084600000, 0x0000000084500000| Untracked 
|  70|0x0000000084600000, 0x0000000084700000, 0x0000000084700000|100%| O|  |TAMS 0x0000000084700000, 0x0000000084600000| Untracked 
|  71|0x0000000084700000, 0x0000000084800000, 0x0000000084800000|100%| O|  |TAMS 0x0000000084800000, 0x0000000084700000| Untracked 
|  72|0x0000000084800000, 0x0000000084900000, 0x0000000084900000|100%| O|  |TAMS 0x0000000084900000, 0x0000000084800000| Untracked 
|  73|0x0000000084900000, 0x0000000084a00000, 0x0000000084a00000|100%|HS|  |TAMS 0x0000000084a00000, 0x0000000084900000| Complete 
|  74|0x0000000084a00000, 0x0000000084b00000, 0x0000000084b00000|100%|HS|  |TAMS 0x0000000084b00000, 0x0000000084a00000| Complete 
|  75|0x0000000084b00000, 0x0000000084c00000, 0x0000000084c00000|100%| O|  |TAMS 0x0000000084c00000, 0x0000000084b00000| Untracked 
|  76|0x0000000084c00000, 0x0000000084d00000, 0x0000000084d00000|100%| O|  |TAMS 0x0000000084d00000, 0x0000000084c00000| Untracked 
|  77|0x0000000084d00000, 0x0000000084e00000, 0x0000000084e00000|100%| O|  |TAMS 0x0000000084e00000, 0x0000000084d00000| Untracked 
|  78|0x0000000084e00000, 0x0000000084f00000, 0x0000000084f00000|100%| O|  |TAMS 0x0000000084f00000, 0x0000000084e00000| Untracked 
|  79|0x0000000084f00000, 0x0000000085000000, 0x0000000085000000|100%| O|  |TAMS 0x0000000085000000, 0x0000000084f00000| Untracked 
|  80|0x0000000085000000, 0x0000000085100000, 0x0000000085100000|100%| O|  |TAMS 0x0000000085100000, 0x0000000085000000| Untracked 
|  81|0x0000000085100000, 0x0000000085200000, 0x0000000085200000|100%| O|  |TAMS 0x0000000085200000, 0x0000000085100000| Untracked 
|  82|0x0000000085200000, 0x0000000085300000, 0x0000000085300000|100%| O|  |TAMS 0x0000000085300000, 0x0000000085200000| Untracked 
|  83|0x0000000085300000, 0x0000000085400000, 0x0000000085400000|100%| O|  |TAMS 0x0000000085400000, 0x0000000085300000| Untracked 
|  84|0x0000000085400000, 0x0000000085500000, 0x0000000085500000|100%|HS|  |TAMS 0x0000000085500000, 0x0000000085400000| Complete 
|  85|0x0000000085500000, 0x0000000085600000, 0x0000000085600000|100%|HC|  |TAMS 0x0000000085600000, 0x0000000085500000| Complete 
|  86|0x0000000085600000, 0x0000000085700000, 0x0000000085700000|100%| O|  |TAMS 0x0000000085700000, 0x0000000085600000| Untracked 
|  87|0x0000000085700000, 0x0000000085800000, 0x0000000085800000|100%| O|  |TAMS 0x0000000085800000, 0x0000000085700000| Untracked 
|  88|0x0000000085800000, 0x0000000085900000, 0x0000000085900000|100%| O|  |TAMS 0x0000000085900000, 0x0000000085800000| Untracked 
|  89|0x0000000085900000, 0x0000000085a00000, 0x0000000085a00000|100%| O|  |TAMS 0x0000000085a00000, 0x0000000085900000| Untracked 
|  90|0x0000000085a00000, 0x0000000085b00000, 0x0000000085b00000|100%| O|  |TAMS 0x0000000085b00000, 0x0000000085a00000| Untracked 
|  91|0x0000000085b00000, 0x0000000085c00000, 0x0000000085c00000|100%| O|  |TAMS 0x0000000085c00000, 0x0000000085b00000| Untracked 
|  92|0x0000000085c00000, 0x0000000085d00000, 0x0000000085d00000|100%| O|  |TAMS 0x0000000085d00000, 0x0000000085c00000| Untracked 
|  93|0x0000000085d00000, 0x0000000085e00000, 0x0000000085e00000|100%| O|  |TAMS 0x0000000085e00000, 0x0000000085d00000| Untracked 
|  94|0x0000000085e00000, 0x0000000085f00000, 0x0000000085f00000|100%| O|  |TAMS 0x0000000085f00000, 0x0000000085e00000| Untracked 
|  95|0x0000000085f00000, 0x0000000086000000, 0x0000000086000000|100%| O|  |TAMS 0x0000000086000000, 0x0000000085f00000| Untracked 
|  96|0x0000000086000000, 0x0000000086100000, 0x0000000086100000|100%| O|  |TAMS 0x0000000086100000, 0x0000000086000000| Untracked 
|  97|0x0000000086100000, 0x0000000086200000, 0x0000000086200000|100%|HS|  |TAMS 0x0000000086200000, 0x0000000086100000| Complete 
|  98|0x0000000086200000, 0x0000000086300000, 0x0000000086300000|100%|HC|  |TAMS 0x0000000086300000, 0x0000000086200000| Complete 
|  99|0x0000000086300000, 0x0000000086400000, 0x0000000086400000|100%|HS|  |TAMS 0x0000000086400000, 0x0000000086300000| Complete 
| 100|0x0000000086400000, 0x0000000086500000, 0x0000000086500000|100%|HC|  |TAMS 0x0000000086500000, 0x0000000086400000| Complete 
| 101|0x0000000086500000, 0x0000000086600000, 0x0000000086600000|100%|HC|  |TAMS 0x0000000086600000, 0x0000000086500000| Complete 
| 102|0x0000000086600000, 0x0000000086700000, 0x0000000086700000|100%|HS|  |TAMS 0x0000000086700000, 0x0000000086600000| Complete 
| 103|0x0000000086700000, 0x0000000086800000, 0x0000000086800000|100%|HC|  |TAMS 0x0000000086800000, 0x0000000086700000| Complete 
| 104|0x0000000086800000, 0x0000000086900000, 0x0000000086900000|100%|HC|  |TAMS 0x0000000086900000, 0x0000000086800000| Complete 
| 105|0x0000000086900000, 0x0000000086a00000, 0x0000000086a00000|100%|HS|  |TAMS 0x0000000086a00000, 0x0000000086900000| Complete 
| 106|0x0000000086a00000, 0x0000000086b00000, 0x0000000086b00000|100%|HC|  |TAMS 0x0000000086b00000, 0x0000000086a00000| Complete 
| 107|0x0000000086b00000, 0x0000000086c00000, 0x0000000086c00000|100%|HC|  |TAMS 0x0000000086c00000, 0x0000000086b00000| Complete 
| 108|0x0000000086c00000, 0x0000000086d00000, 0x0000000086d00000|100%|HC|  |TAMS 0x0000000086d00000, 0x0000000086c00000| Complete 
| 109|0x0000000086d00000, 0x0000000086e00000, 0x0000000086e00000|100%|HC|  |TAMS 0x0000000086e00000, 0x0000000086d00000| Complete 
| 110|0x0000000086e00000, 0x0000000086f00000, 0x0000000086f00000|100%|HS|  |TAMS 0x0000000086f00000, 0x0000000086e00000| Complete 
| 111|0x0000000086f00000, 0x0000000087000000, 0x0000000087000000|100%|HS|  |TAMS 0x0000000087000000, 0x0000000086f00000| Complete 
| 112|0x0000000087000000, 0x0000000087100000, 0x0000000087100000|100%|HC|  |TAMS 0x0000000087100000, 0x0000000087000000| Complete 
| 113|0x0000000087100000, 0x0000000087200000, 0x0000000087200000|100%|HC|  |TAMS 0x0000000087200000, 0x0000000087100000| Complete 
| 114|0x0000000087200000, 0x0000000087300000, 0x0000000087300000|100%|HC|  |TAMS 0x0000000087300000, 0x0000000087200000| Complete 
| 115|0x0000000087300000, 0x0000000087400000, 0x0000000087400000|100%| O|  |TAMS 0x0000000087400000, 0x0000000087300000| Untracked 
| 116|0x0000000087400000, 0x0000000087500000, 0x0000000087500000|100%| O|  |TAMS 0x0000000087500000, 0x0000000087400000| Untracked 
| 117|0x0000000087500000, 0x0000000087600000, 0x0000000087600000|100%| O|  |TAMS 0x0000000087600000, 0x0000000087500000| Untracked 
| 118|0x0000000087600000, 0x0000000087700000, 0x0000000087700000|100%| O|  |TAMS 0x0000000087700000, 0x0000000087600000| Untracked 
| 119|0x0000000087700000, 0x0000000087800000, 0x0000000087800000|100%| O|  |TAMS 0x0000000087800000, 0x0000000087700000| Untracked 
| 120|0x0000000087800000, 0x0000000087900000, 0x0000000087900000|100%| O|  |TAMS 0x0000000087800000, 0x0000000087800000| Untracked 
| 121|0x0000000087900000, 0x0000000087a00000, 0x0000000087a00000|100%| O|  |TAMS 0x0000000087a00000, 0x0000000087900000| Untracked 
| 122|0x0000000087a00000, 0x0000000087b00000, 0x0000000087b00000|100%| O|  |TAMS 0x0000000087b00000, 0x0000000087a00000| Untracked 
| 123|0x0000000087b00000, 0x0000000087c00000, 0x0000000087c00000|100%| O|  |TAMS 0x0000000087c00000, 0x0000000087b00000| Untracked 
| 124|0x0000000087c00000, 0x0000000087d00000, 0x0000000087d00000|100%| O|  |TAMS 0x0000000087d00000, 0x0000000087c00000| Untracked 
| 125|0x0000000087d00000, 0x0000000087e00000, 0x0000000087e00000|100%| O|  |TAMS 0x0000000087e00000, 0x0000000087d00000| Untracked 
| 126|0x0000000087e00000, 0x0000000087f00000, 0x0000000087f00000|100%| O|  |TAMS 0x0000000087f00000, 0x0000000087e00000| Untracked 
| 127|0x0000000087f00000, 0x0000000088000000, 0x0000000088000000|100%| O|  |TAMS 0x0000000088000000, 0x0000000087f00000| Untracked 
| 128|0x0000000088000000, 0x0000000088100000, 0x0000000088100000|100%| O|  |TAMS 0x0000000088100000, 0x0000000088000000| Untracked 
| 129|0x0000000088100000, 0x0000000088200000, 0x0000000088200000|100%| O|  |TAMS 0x0000000088200000, 0x0000000088100000| Untracked 
| 130|0x0000000088200000, 0x0000000088300000, 0x0000000088300000|100%| O|  |TAMS 0x0000000088300000, 0x0000000088200000| Untracked 
| 131|0x0000000088300000, 0x0000000088400000, 0x0000000088400000|100%| O|  |TAMS 0x0000000088400000, 0x0000000088300000| Untracked 
| 132|0x0000000088400000, 0x0000000088500000, 0x0000000088500000|100%| O|  |TAMS 0x0000000088500000, 0x0000000088400000| Untracked 
| 133|0x0000000088500000, 0x0000000088600000, 0x0000000088600000|100%| O|  |TAMS 0x0000000088600000, 0x0000000088500000| Untracked 
| 134|0x0000000088600000, 0x0000000088700000, 0x0000000088700000|100%| O|  |TAMS 0x0000000088700000, 0x0000000088600000| Untracked 
| 135|0x0000000088700000, 0x0000000088800000, 0x0000000088800000|100%| O|  |TAMS 0x0000000088800000, 0x0000000088700000| Untracked 
| 136|0x0000000088800000, 0x0000000088900000, 0x0000000088900000|100%| O|  |TAMS 0x0000000088900000, 0x0000000088800000| Untracked 
| 137|0x0000000088900000, 0x0000000088a00000, 0x0000000088a00000|100%| O|  |TAMS 0x0000000088900000, 0x0000000088900000| Untracked 
| 138|0x0000000088a00000, 0x0000000088b00000, 0x0000000088b00000|100%| O|  |TAMS 0x0000000088b00000, 0x0000000088a00000| Untracked 
| 139|0x0000000088b00000, 0x0000000088c00000, 0x0000000088c00000|100%| O|  |TAMS 0x0000000088c00000, 0x0000000088b00000| Untracked 
| 140|0x0000000088c00000, 0x0000000088d00000, 0x0000000088d00000|100%| O|  |TAMS 0x0000000088d00000, 0x0000000088c00000| Untracked 
| 141|0x0000000088d00000, 0x0000000088e00000, 0x0000000088e00000|100%| O|  |TAMS 0x0000000088e00000, 0x0000000088d00000| Untracked 
| 142|0x0000000088e00000, 0x0000000088f00000, 0x0000000088f00000|100%| O|  |TAMS 0x0000000088f00000, 0x0000000088e00000| Untracked 
| 143|0x0000000088f00000, 0x0000000089000000, 0x0000000089000000|100%| O|  |TAMS 0x0000000089000000, 0x0000000088f00000| Untracked 
| 144|0x0000000089000000, 0x0000000089100000, 0x0000000089100000|100%|HS|  |TAMS 0x0000000089100000, 0x0000000089000000| Complete 
| 145|0x0000000089100000, 0x0000000089200000, 0x0000000089200000|100%| O|  |TAMS 0x0000000089200000, 0x0000000089100000| Untracked 
| 146|0x0000000089200000, 0x0000000089300000, 0x0000000089300000|100%| O|  |TAMS 0x0000000089300000, 0x0000000089200000| Untracked 
| 147|0x0000000089300000, 0x0000000089400000, 0x0000000089400000|100%| O|  |TAMS 0x0000000089400000, 0x0000000089300000| Untracked 
| 148|0x0000000089400000, 0x0000000089500000, 0x0000000089500000|100%| O|  |TAMS 0x0000000089500000, 0x0000000089400000| Untracked 
| 149|0x0000000089500000, 0x0000000089600000, 0x0000000089600000|100%| O|  |TAMS 0x0000000089531200, 0x0000000089500000| Untracked 
| 150|0x0000000089600000, 0x0000000089700000, 0x0000000089700000|100%| O|  |TAMS 0x0000000089700000, 0x0000000089600000| Untracked 
| 151|0x0000000089700000, 0x0000000089800000, 0x0000000089800000|100%| O|  |TAMS 0x0000000089800000, 0x0000000089700000| Untracked 
| 152|0x0000000089800000, 0x0000000089900000, 0x0000000089900000|100%| O|  |TAMS 0x0000000089900000, 0x0000000089800000| Untracked 
| 153|0x0000000089900000, 0x0000000089a00000, 0x0000000089a00000|100%| O|  |TAMS 0x0000000089a00000, 0x0000000089900000| Untracked 
| 154|0x0000000089a00000, 0x0000000089b00000, 0x0000000089b00000|100%| O|  |TAMS 0x0000000089b00000, 0x0000000089a00000| Untracked 
| 155|0x0000000089b00000, 0x0000000089c00000, 0x0000000089c00000|100%| O|  |TAMS 0x0000000089c00000, 0x0000000089b00000| Untracked 
| 156|0x0000000089c00000, 0x0000000089d00000, 0x0000000089d00000|100%| O|  |TAMS 0x0000000089d00000, 0x0000000089c00000| Untracked 
| 157|0x0000000089d00000, 0x0000000089e00000, 0x0000000089e00000|100%| O|  |TAMS 0x0000000089e00000, 0x0000000089d00000| Untracked 
| 158|0x0000000089e00000, 0x0000000089f00000, 0x0000000089f00000|100%| O|  |TAMS 0x0000000089f00000, 0x0000000089e00000| Untracked 
| 159|0x0000000089f00000, 0x000000008a000000, 0x000000008a000000|100%| O|  |TAMS 0x000000008a000000, 0x0000000089f00000| Untracked 
| 160|0x000000008a000000, 0x000000008a100000, 0x000000008a100000|100%| O|  |TAMS 0x000000008a100000, 0x000000008a000000| Untracked 
| 161|0x000000008a100000, 0x000000008a200000, 0x000000008a200000|100%| O|  |TAMS 0x000000008a200000, 0x000000008a100000| Untracked 
| 162|0x000000008a200000, 0x000000008a300000, 0x000000008a300000|100%| O|  |TAMS 0x000000008a300000, 0x000000008a200000| Untracked 
| 163|0x000000008a300000, 0x000000008a400000, 0x000000008a400000|100%| O|  |TAMS 0x000000008a400000, 0x000000008a300000| Untracked 
| 164|0x000000008a400000, 0x000000008a500000, 0x000000008a500000|100%| O|  |TAMS 0x000000008a500000, 0x000000008a400000| Untracked 
| 165|0x000000008a500000, 0x000000008a600000, 0x000000008a600000|100%| O|  |TAMS 0x000000008a600000, 0x000000008a500000| Untracked 
| 166|0x000000008a600000, 0x000000008a700000, 0x000000008a700000|100%| O|  |TAMS 0x000000008a700000, 0x000000008a600000| Untracked 
| 167|0x000000008a700000, 0x000000008a800000, 0x000000008a800000|100%| O|  |TAMS 0x000000008a800000, 0x000000008a700000| Untracked 
| 168|0x000000008a800000, 0x000000008a900000, 0x000000008a900000|100%| O|  |TAMS 0x000000008a900000, 0x000000008a800000| Untracked 
| 169|0x000000008a900000, 0x000000008aa00000, 0x000000008aa00000|100%| O|  |TAMS 0x000000008aa00000, 0x000000008a900000| Untracked 
| 170|0x000000008aa00000, 0x000000008ab00000, 0x000000008ab00000|100%| O|  |TAMS 0x000000008ab00000, 0x000000008aa00000| Untracked 
| 171|0x000000008ab00000, 0x000000008ac00000, 0x000000008ac00000|100%| O|  |TAMS 0x000000008ac00000, 0x000000008ab00000| Untracked 
| 172|0x000000008ac00000, 0x000000008ad00000, 0x000000008ad00000|100%| O|  |TAMS 0x000000008ad00000, 0x000000008ac00000| Untracked 
| 173|0x000000008ad00000, 0x000000008ae00000, 0x000000008ae00000|100%| O|  |TAMS 0x000000008ad00000, 0x000000008ad00000| Untracked 
| 174|0x000000008ae00000, 0x000000008af00000, 0x000000008af00000|100%| O|  |TAMS 0x000000008ae00000, 0x000000008ae00000| Untracked 
| 175|0x000000008af00000, 0x000000008b000000, 0x000000008b000000|100%| O|  |TAMS 0x000000008af00000, 0x000000008af00000| Untracked 
| 176|0x000000008b000000, 0x000000008b100000, 0x000000008b100000|100%| O|  |TAMS 0x000000008b000000, 0x000000008b000000| Untracked 
| 177|0x000000008b100000, 0x000000008b200000, 0x000000008b200000|100%| O|  |TAMS 0x000000008b100000, 0x000000008b100000| Untracked 
| 178|0x000000008b200000, 0x000000008b300000, 0x000000008b300000|100%| O|  |TAMS 0x000000008b300000, 0x000000008b200000| Untracked 
| 179|0x000000008b300000, 0x000000008b400000, 0x000000008b400000|100%| O|  |TAMS 0x000000008b400000, 0x000000008b300000| Untracked 
| 180|0x000000008b400000, 0x000000008b500000, 0x000000008b500000|100%| O|  |TAMS 0x000000008b400000, 0x000000008b400000| Untracked 
| 181|0x000000008b500000, 0x000000008b600000, 0x000000008b600000|100%| O|  |TAMS 0x000000008b500000, 0x000000008b500000| Untracked 
| 182|0x000000008b600000, 0x000000008b700000, 0x000000008b700000|100%| O|  |TAMS 0x000000008b600000, 0x000000008b600000| Untracked 
| 183|0x000000008b700000, 0x000000008b800000, 0x000000008b800000|100%| O|  |TAMS 0x000000008b700000, 0x000000008b700000| Untracked 
| 184|0x000000008b800000, 0x000000008b900000, 0x000000008b900000|100%| O|  |TAMS 0x000000008b800000, 0x000000008b800000| Untracked 
| 185|0x000000008b900000, 0x000000008ba00000, 0x000000008ba00000|100%| O|  |TAMS 0x000000008b900000, 0x000000008b900000| Untracked 
| 186|0x000000008ba00000, 0x000000008bb00000, 0x000000008bb00000|100%| O|  |TAMS 0x000000008ba00000, 0x000000008ba00000| Untracked 
| 187|0x000000008bb00000, 0x000000008bc00000, 0x000000008bc00000|100%| O|  |TAMS 0x000000008bb00000, 0x000000008bb00000| Untracked 
| 188|0x000000008bc00000, 0x000000008bd00000, 0x000000008bd00000|100%| O|  |TAMS 0x000000008bc00000, 0x000000008bc00000| Untracked 
| 189|0x000000008bd00000, 0x000000008bdc9a00, 0x000000008be00000| 78%| O|  |TAMS 0x000000008bd00000, 0x000000008bd00000| Untracked 
| 190|0x000000008be00000, 0x000000008be00000, 0x000000008bf00000|  0%| F|  |TAMS 0x000000008be00000, 0x000000008be00000| Untracked 
| 191|0x000000008bf00000, 0x000000008bf00000, 0x000000008c000000|  0%| F|  |TAMS 0x000000008bf00000, 0x000000008bf00000| Untracked 
| 192|0x000000008c000000, 0x000000008c000000, 0x000000008c100000|  0%| F|  |TAMS 0x000000008c000000, 0x000000008c000000| Untracked 
| 193|0x000000008c100000, 0x000000008c100000, 0x000000008c200000|  0%| F|  |TAMS 0x000000008c100000, 0x000000008c100000| Untracked 
| 194|0x000000008c200000, 0x000000008c200000, 0x000000008c300000|  0%| F|  |TAMS 0x000000008c200000, 0x000000008c200000| Untracked 
| 195|0x000000008c300000, 0x000000008c300000, 0x000000008c400000|  0%| F|  |TAMS 0x000000008c300000, 0x000000008c300000| Untracked 
| 196|0x000000008c400000, 0x000000008c500000, 0x000000008c500000|100%| O|  |TAMS 0x000000008c400000, 0x000000008c400000| Untracked 
| 197|0x000000008c500000, 0x000000008c600000, 0x000000008c600000|100%| O|  |TAMS 0x000000008c500000, 0x000000008c500000| Untracked 
| 198|0x000000008c600000, 0x000000008c700000, 0x000000008c700000|100%| O|  |TAMS 0x000000008c600000, 0x000000008c600000| Untracked 
| 199|0x000000008c700000, 0x000000008c700000, 0x000000008c800000|  0%| F|  |TAMS 0x000000008c700000, 0x000000008c700000| Untracked 
| 200|0x000000008c800000, 0x000000008c800000, 0x000000008c900000|  0%| F|  |TAMS 0x000000008c800000, 0x000000008c800000| Untracked 
| 201|0x000000008c900000, 0x000000008c900000, 0x000000008ca00000|  0%| F|  |TAMS 0x000000008c900000, 0x000000008c900000| Untracked 
| 202|0x000000008ca00000, 0x000000008ca00000, 0x000000008cb00000|  0%| F|  |TAMS 0x000000008ca00000, 0x000000008ca00000| Untracked 
| 203|0x000000008cb00000, 0x000000008cb00000, 0x000000008cc00000|  0%| F|  |TAMS 0x000000008cb00000, 0x000000008cb00000| Untracked 
| 204|0x000000008cc00000, 0x000000008cc00000, 0x000000008cd00000|  0%| F|  |TAMS 0x000000008cc00000, 0x000000008cc00000| Untracked 
| 205|0x000000008cd00000, 0x000000008cd00000, 0x000000008ce00000|  0%| F|  |TAMS 0x000000008cd00000, 0x000000008cd00000| Untracked 
| 206|0x000000008ce00000, 0x000000008ce00000, 0x000000008cf00000|  0%| F|  |TAMS 0x000000008ce00000, 0x000000008ce00000| Untracked 
| 207|0x000000008cf00000, 0x000000008cf00000, 0x000000008d000000|  0%| F|  |TAMS 0x000000008cf00000, 0x000000008cf00000| Untracked 
| 208|0x000000008d000000, 0x000000008d000000, 0x000000008d100000|  0%| F|  |TAMS 0x000000008d000000, 0x000000008d000000| Untracked 
| 209|0x000000008d100000, 0x000000008d100000, 0x000000008d200000|  0%| F|  |TAMS 0x000000008d100000, 0x000000008d100000| Untracked 
| 210|0x000000008d200000, 0x000000008d200000, 0x000000008d300000|  0%| F|  |TAMS 0x000000008d200000, 0x000000008d200000| Untracked 
| 211|0x000000008d300000, 0x000000008d300000, 0x000000008d400000|  0%| F|  |TAMS 0x000000008d300000, 0x000000008d300000| Untracked 
| 212|0x000000008d400000, 0x000000008d400000, 0x000000008d500000|  0%| F|  |TAMS 0x000000008d400000, 0x000000008d400000| Untracked 
| 213|0x000000008d500000, 0x000000008d500000, 0x000000008d600000|  0%| F|  |TAMS 0x000000008d500000, 0x000000008d500000| Untracked 
| 214|0x000000008d600000, 0x000000008d600000, 0x000000008d700000|  0%| F|  |TAMS 0x000000008d600000, 0x000000008d600000| Untracked 
| 215|0x000000008d700000, 0x000000008d700000, 0x000000008d800000|  0%| F|  |TAMS 0x000000008d700000, 0x000000008d700000| Untracked 
| 216|0x000000008d800000, 0x000000008d800000, 0x000000008d900000|  0%| F|  |TAMS 0x000000008d800000, 0x000000008d800000| Untracked 
| 217|0x000000008d900000, 0x000000008d900000, 0x000000008da00000|  0%| F|  |TAMS 0x000000008d900000, 0x000000008d900000| Untracked 
| 218|0x000000008da00000, 0x000000008da00000, 0x000000008db00000|  0%| F|  |TAMS 0x000000008da00000, 0x000000008da00000| Untracked 
| 219|0x000000008db00000, 0x000000008db00000, 0x000000008dc00000|  0%| F|  |TAMS 0x000000008db00000, 0x000000008db00000| Untracked 
| 220|0x000000008dc00000, 0x000000008dc00000, 0x000000008dd00000|  0%| F|  |TAMS 0x000000008dc00000, 0x000000008dc00000| Untracked 
| 221|0x000000008dd00000, 0x000000008dd00000, 0x000000008de00000|  0%| F|  |TAMS 0x000000008dd00000, 0x000000008dd00000| Untracked 
| 222|0x000000008de00000, 0x000000008de00000, 0x000000008df00000|  0%| F|  |TAMS 0x000000008de00000, 0x000000008de00000| Untracked 
| 223|0x000000008df00000, 0x000000008df00000, 0x000000008e000000|  0%| F|  |TAMS 0x000000008df00000, 0x000000008df00000| Untracked 
| 224|0x000000008e000000, 0x000000008e000000, 0x000000008e100000|  0%| F|  |TAMS 0x000000008e000000, 0x000000008e000000| Untracked 
| 225|0x000000008e100000, 0x000000008e100000, 0x000000008e200000|  0%| F|  |TAMS 0x000000008e100000, 0x000000008e100000| Untracked 
| 226|0x000000008e200000, 0x000000008e200000, 0x000000008e300000|  0%| F|  |TAMS 0x000000008e200000, 0x000000008e200000| Untracked 
| 227|0x000000008e300000, 0x000000008e300000, 0x000000008e400000|  0%| F|  |TAMS 0x000000008e300000, 0x000000008e300000| Untracked 
| 228|0x000000008e400000, 0x000000008e400000, 0x000000008e500000|  0%| F|  |TAMS 0x000000008e400000, 0x000000008e400000| Untracked 
| 229|0x000000008e500000, 0x000000008e500000, 0x000000008e600000|  0%| F|  |TAMS 0x000000008e500000, 0x000000008e500000| Untracked 
| 230|0x000000008e600000, 0x000000008e657f00, 0x000000008e700000| 34%| S|CS|TAMS 0x000000008e600000, 0x000000008e600000| Complete 
| 231|0x000000008e700000, 0x000000008e700000, 0x000000008e800000|  0%| F|  |TAMS 0x000000008e700000, 0x000000008e700000| Untracked 
| 232|0x000000008e800000, 0x000000008e900000, 0x000000008e900000|100%| S|CS|TAMS 0x000000008e800000, 0x000000008e800000| Complete 
| 233|0x000000008e900000, 0x000000008ea00000, 0x000000008ea00000|100%| S|CS|TAMS 0x000000008e900000, 0x000000008e900000| Complete 
| 234|0x000000008ea00000, 0x000000008ea00000, 0x000000008eb00000|  0%| F|  |TAMS 0x000000008ea00000, 0x000000008ea00000| Untracked 
| 235|0x000000008eb00000, 0x000000008eb00000, 0x000000008ec00000|  0%| F|  |TAMS 0x000000008eb00000, 0x000000008eb00000| Untracked 
| 236|0x000000008ec00000, 0x000000008ec00000, 0x000000008ed00000|  0%| F|  |TAMS 0x000000008ec00000, 0x000000008ec00000| Untracked 
| 237|0x000000008ed00000, 0x000000008ed00000, 0x000000008ee00000|  0%| F|  |TAMS 0x000000008ed00000, 0x000000008ed00000| Untracked 
| 238|0x000000008ee00000, 0x000000008ee00000, 0x000000008ef00000|  0%| F|  |TAMS 0x000000008ee00000, 0x000000008ee00000| Untracked 
| 239|0x000000008ef00000, 0x000000008ef00000, 0x000000008f000000|  0%| F|  |TAMS 0x000000008ef00000, 0x000000008ef00000| Untracked 
| 240|0x000000008f000000, 0x000000008f000000, 0x000000008f100000|  0%| F|  |TAMS 0x000000008f000000, 0x000000008f000000| Untracked 
| 241|0x000000008f100000, 0x000000008f100000, 0x000000008f200000|  0%| F|  |TAMS 0x000000008f100000, 0x000000008f100000| Untracked 
| 242|0x000000008f200000, 0x000000008f200000, 0x000000008f300000|  0%| F|  |TAMS 0x000000008f200000, 0x000000008f200000| Untracked 
| 243|0x000000008f300000, 0x000000008f300000, 0x000000008f400000|  0%| F|  |TAMS 0x000000008f300000, 0x000000008f300000| Untracked 
| 244|0x000000008f400000, 0x000000008f400000, 0x000000008f500000|  0%| F|  |TAMS 0x000000008f400000, 0x000000008f400000| Untracked 
| 245|0x000000008f500000, 0x000000008f500000, 0x000000008f600000|  0%| F|  |TAMS 0x000000008f500000, 0x000000008f500000| Untracked 
| 246|0x000000008f600000, 0x000000008f600000, 0x000000008f700000|  0%| F|  |TAMS 0x000000008f600000, 0x000000008f600000| Untracked 
| 247|0x000000008f700000, 0x000000008f700000, 0x000000008f800000|  0%| F|  |TAMS 0x000000008f700000, 0x000000008f700000| Untracked 
| 248|0x000000008f800000, 0x000000008f800000, 0x000000008f900000|  0%| F|  |TAMS 0x000000008f800000, 0x000000008f800000| Untracked 
| 249|0x000000008f900000, 0x000000008f900000, 0x000000008fa00000|  0%| F|  |TAMS 0x000000008f900000, 0x000000008f900000| Untracked 
| 250|0x000000008fa00000, 0x000000008fa00000, 0x000000008fb00000|  0%| F|  |TAMS 0x000000008fa00000, 0x000000008fa00000| Untracked 
| 251|0x000000008fb00000, 0x000000008fb00000, 0x000000008fc00000|  0%| F|  |TAMS 0x000000008fb00000, 0x000000008fb00000| Untracked 
| 252|0x000000008fc00000, 0x000000008fc00000, 0x000000008fd00000|  0%| F|  |TAMS 0x000000008fc00000, 0x000000008fc00000| Untracked 
| 253|0x000000008fd00000, 0x000000008fd00000, 0x000000008fe00000|  0%| F|  |TAMS 0x000000008fd00000, 0x000000008fd00000| Untracked 
| 254|0x000000008fe00000, 0x000000008fe00000, 0x000000008ff00000|  0%| F|  |TAMS 0x000000008fe00000, 0x000000008fe00000| Untracked 
| 255|0x000000008ff00000, 0x000000008ff00000, 0x0000000090000000|  0%| F|  |TAMS 0x000000008ff00000, 0x000000008ff00000| Untracked 
| 256|0x0000000090000000, 0x0000000090000000, 0x0000000090100000|  0%| F|  |TAMS 0x0000000090000000, 0x0000000090000000| Untracked 
| 257|0x0000000090100000, 0x0000000090100000, 0x0000000090200000|  0%| F|  |TAMS 0x0000000090100000, 0x0000000090100000| Untracked 

Card table byte_map: [0x0000020ad2ff0000,0x0000020ad33f0000] _byte_map_base: 0x0000020ad2bf0000

Marking Bits (Prev, Next): (CMBitMap*) 0x0000020abfded240, (CMBitMap*) 0x0000020abfded208
 Prev Bits: [0x0000020ad57f0000, 0x0000020ad77f0000)
 Next Bits: [0x0000020ad37f0000, 0x0000020ad57f0000)

Polling page: 0x0000020abf580000

Metaspace:

Usage:
  Non-class:     95.83 MB capacity,    93.84 MB ( 98%) used,     1.67 MB (  2%) free+waste,   332.88 KB ( <1%) overhead. 
      Class:     14.25 MB capacity,    13.17 MB ( 92%) used,   957.47 KB (  7%) free+waste,   148.81 KB (  1%) overhead. 
       Both:    110.08 MB capacity,   107.01 MB ( 97%) used,     2.61 MB (  2%) free+waste,   481.69 KB ( <1%) overhead. 

Virtual space:
  Non-class space:       96.00 MB reserved,      96.00 MB (100%) committed 
      Class space:        1.00 GB reserved,      14.25 MB (  1%) committed 
             Both:        1.09 GB reserved,     110.25 MB ( 10%) committed 

Chunk freelists:
   Non-Class:  43.00 KB
       Class:  0 bytes
        Both:  43.00 KB

MaxMetaspaceSize: 17179869184.00 GB
CompressedClassSpaceSize: 1.00 GB
Initial GC threshold: 20.80 MB
Current GC threshold: 174.79 MB
CDS: off

CodeHeap 'non-profiled nmethods': size=120000Kb used=8456Kb max_used=8456Kb free=111543Kb
 bounds [0x0000020acb390000, 0x0000020acbbe0000, 0x0000020ad28c0000]
CodeHeap 'profiled nmethods': size=120000Kb used=34391Kb max_used=34391Kb free=85608Kb
 bounds [0x0000020ac3e60000, 0x0000020ac6000000, 0x0000020acb390000]
CodeHeap 'non-nmethods': size=5760Kb used=2433Kb max_used=2487Kb free=3326Kb
 bounds [0x0000020ac38c0000, 0x0000020ac3b40000, 0x0000020ac3e60000]
 total_blobs=16533 nmethods=15584 adapters=860
 compilation: enabled
              stopped_count=0, restarted_count=0
 full_count=0

Compilation events (20 events):
Event: 222.258 Thread 0x0000020ada266000 nmethod 15963 0x0000020acbbd1f10 code [0x0000020acbbd20c0, 0x0000020acbbd2178]
Event: 222.261 Thread 0x0000020ada266000 15964   !   2       org.apache.xerces.impl.XMLVersionDetector::determineDocVersion (322 bytes)
Event: 222.263 Thread 0x0000020ada266000 nmethod 15964 0x0000020ac5fedd10 code [0x0000020ac5fee040, 0x0000020ac5fee9e8]
Event: 222.263 Thread 0x0000020ada266000 15967       2       java.lang.String::startsWith (138 bytes)
Event: 222.264 Thread 0x0000020ada266000 nmethod 15967 0x0000020ac5fef590 code [0x0000020ac5fef760, 0x0000020ac5fefaf8]
Event: 222.264 Thread 0x0000020ada266000 15965       2       org.apache.xerces.parsers.AbstractDOMParser::characters (394 bytes)
Event: 222.267 Thread 0x0000020ada266000 nmethod 15965 0x0000020ac5fefc90 code [0x0000020ac5ff0080, 0x0000020ac5ff17d8]
Event: 222.267 Thread 0x0000020ada266000 15968   !   2       com.google.common.collect.Maps::safeGet (16 bytes)
Event: 222.267 Thread 0x0000020ada266000 nmethod 15968 0x0000020ac5ff2310 code [0x0000020ac5ff24e0, 0x0000020ac5ff26d8]
Event: 222.267 Thread 0x0000020ada266000 15966       2       org.apache.xerces.dom.DeferredDocumentImpl::createDeferredTextNode (57 bytes)
Event: 222.268 Thread 0x0000020ada266000 nmethod 15966 0x0000020ac5ff2810 code [0x0000020ac5ff29e0, 0x0000020ac5ff2ba8]
Event: 222.268 Thread 0x0000020ada266000 15969       2       org.apache.xerces.util.NamespaceSupport::reset (110 bytes)
Event: 222.268 Thread 0x0000020ada266000 nmethod 15969 0x0000020ac5ff2c90 code [0x0000020ac5ff2e80, 0x0000020ac5ff3378]
Event: 222.268 Thread 0x0000020ada266000 15970   !   2       org.apache.xerces.impl.dtd.XMLDTDValidator::reset (366 bytes)
Event: 222.271 Thread 0x0000020ada266000 nmethod 15970 0x0000020ac5ff3590 code [0x0000020ac5ff3900, 0x0000020ac5ff4968]
Event: 222.271 Thread 0x0000020ada266000 15973       2       com.google.common.collect.StandardTable::put (28 bytes)
Event: 222.271 Thread 0x0000020ada266000 nmethod 15973 0x0000020ac5ff5190 code [0x0000020ac5ff5380, 0x0000020ac5ff56e8]
Event: 222.271 Thread 0x0000020ada266000 15971       2       org.apache.xerces.impl.validation.ValidationState::resetIDTables (15 bytes)
Event: 222.271 Thread 0x0000020ada266000 nmethod 15971 0x0000020ac5ff5890 code [0x0000020ac5ff5a60, 0x0000020ac5ff5bb8]
Event: 222.283 Thread 0x0000020ada266000 15974 %     3       org.apache.xerces.impl.io.UTF8Reader::read @ 112 (1402 bytes)

GC Heap History (20 events):
Event: 219.655 GC heap after
{Heap after GC invocations=69 (full 0):
 garbage-first heap   total 220160K, used 178370K [0x0000000080000000, 0x0000000100000000)
  region size 1024K, 2 young (2048K), 2 survivors (2048K)
 Metaspace       used 103900K, capacity 107060K, committed 107136K, reserved 1142784K
  class space    used 13051K, capacity 14156K, committed 14208K, reserved 1048576K
}
Event: 219.974 GC heap before
{Heap before GC invocations=69 (full 0):
 garbage-first heap   total 220160K, used 189634K [0x0000000080000000, 0x0000000100000000)
  region size 1024K, 14 young (14336K), 2 survivors (2048K)
 Metaspace       used 103979K, capacity 107129K, committed 107392K, reserved 1142784K
  class space    used 13057K, capacity 14157K, committed 14208K, reserved 1048576K
}
Event: 219.983 GC heap after
{Heap after GC invocations=70 (full 0):
 garbage-first heap   total 220160K, used 179765K [0x0000000080000000, 0x0000000100000000)
  region size 1024K, 2 young (2048K), 2 survivors (2048K)
 Metaspace       used 103979K, capacity 107129K, committed 107392K, reserved 1142784K
  class space    used 13057K, capacity 14157K, committed 14208K, reserved 1048576K
}
Event: 220.312 GC heap before
{Heap before GC invocations=71 (full 0):
 garbage-first heap   total 220160K, used 190005K [0x0000000080000000, 0x0000000100000000)
  region size 1024K, 13 young (13312K), 2 survivors (2048K)
 Metaspace       used 104017K, capacity 107193K, committed 107392K, reserved 1142784K
  class space    used 13060K, capacity 14157K, committed 14208K, reserved 1048576K
}
Event: 220.324 GC heap after
{Heap after GC invocations=72 (full 0):
 garbage-first heap   total 220160K, used 184540K [0x0000000080000000, 0x0000000100000000)
  region size 1024K, 2 young (2048K), 2 survivors (2048K)
 Metaspace       used 104017K, capacity 107193K, committed 107392K, reserved 1142784K
  class space    used 13060K, capacity 14157K, committed 14208K, reserved 1048576K
}
Event: 220.625 GC heap before
{Heap before GC invocations=72 (full 0):
 garbage-first heap   total 220160K, used 209116K [0x0000000080000000, 0x0000000100000000)
  region size 1024K, 10 young (10240K), 2 survivors (2048K)
 Metaspace       used 104280K, capacity 107442K, committed 107648K, reserved 1142784K
  class space    used 13079K, capacity 14167K, committed 14208K, reserved 1048576K
}
Event: 220.636 GC heap after
{Heap after GC invocations=73 (full 0):
 garbage-first heap   total 220160K, used 184410K [0x0000000080000000, 0x0000000100000000)
  region size 1024K, 1 young (1024K), 1 survivors (1024K)
 Metaspace       used 104280K, capacity 107442K, committed 107648K, reserved 1142784K
  class space    used 13079K, capacity 14167K, committed 14208K, reserved 1048576K
}
Event: 220.697 GC heap before
{Heap before GC invocations=73 (full 0):
 garbage-first heap   total 220160K, used 193626K [0x0000000080000000, 0x0000000100000000)
  region size 1024K, 10 young (10240K), 1 survivors (1024K)
 Metaspace       used 104321K, capacity 107521K, committed 107648K, reserved 1142784K
  class space    used 13080K, capacity 14170K, committed 14208K, reserved 1048576K
}
Event: 220.703 GC heap after
{Heap after GC invocations=74 (full 0):
 garbage-first heap   total 264192K, used 185943K [0x0000000080000000, 0x0000000100000000)
  region size 1024K, 2 young (2048K), 2 survivors (2048K)
 Metaspace       used 104321K, capacity 107521K, committed 107648K, reserved 1142784K
  class space    used 13080K, capacity 14170K, committed 14208K, reserved 1048576K
}
Event: 221.031 GC heap before
{Heap before GC invocations=74 (full 0):
 garbage-first heap   total 264192K, used 210519K [0x0000000080000000, 0x0000000100000000)
  region size 1024K, 27 young (27648K), 2 survivors (2048K)
 Metaspace       used 105614K, capacity 108775K, committed 109056K, reserved 1144832K
  class space    used 13178K, capacity 14301K, committed 14336K, reserved 1048576K
}
Event: 221.038 GC heap after
{Heap after GC invocations=75 (full 0):
 garbage-first heap   total 264192K, used 190441K [0x0000000080000000, 0x0000000100000000)
  region size 1024K, 4 young (4096K), 4 survivors (4096K)
 Metaspace       used 105614K, capacity 108775K, committed 109056K, reserved 1144832K
  class space    used 13178K, capacity 14301K, committed 14336K, reserved 1048576K
}
Event: 221.422 GC heap before
{Heap before GC invocations=75 (full 0):
 garbage-first heap   total 264192K, used 213993K [0x0000000080000000, 0x0000000100000000)
  region size 1024K, 28 young (28672K), 4 survivors (4096K)
 Metaspace       used 107450K, capacity 110567K, committed 110720K, reserved 1144832K
  class space    used 13319K, capacity 14429K, committed 14464K, reserved 1048576K
}
Event: 221.433 GC heap after
{Heap after GC invocations=76 (full 0):
 garbage-first heap   total 264192K, used 192726K [0x0000000080000000, 0x0000000100000000)
  region size 1024K, 3 young (3072K), 3 survivors (3072K)
 Metaspace       used 107450K, capacity 110567K, committed 110720K, reserved 1144832K
  class space    used 13319K, capacity 14429K, committed 14464K, reserved 1048576K
}
Event: 221.602 GC heap before
{Heap before GC invocations=76 (full 0):
 garbage-first heap   total 264192K, used 217302K [0x0000000080000000, 0x0000000100000000)
  region size 1024K, 27 young (27648K), 3 survivors (3072K)
 Metaspace       used 107873K, capacity 111111K, committed 111232K, reserved 1146880K
  class space    used 13343K, capacity 14461K, committed 14464K, reserved 1048576K
}
Event: 221.608 GC heap after
{Heap after GC invocations=77 (full 0):
 garbage-first heap   total 264192K, used 193951K [0x0000000080000000, 0x0000000100000000)
  region size 1024K, 2 young (2048K), 2 survivors (2048K)
 Metaspace       used 107873K, capacity 111111K, committed 111232K, reserved 1146880K
  class space    used 13343K, capacity 14461K, committed 14464K, reserved 1048576K
}
Event: 221.793 GC heap before
{Heap before GC invocations=77 (full 0):
 garbage-first heap   total 264192K, used 218527K [0x0000000080000000, 0x0000000100000000)
  region size 1024K, 27 young (27648K), 2 survivors (2048K)
 Metaspace       used 108146K, capacity 111335K, committed 111616K, reserved 1146880K
  class space    used 13362K, capacity 14493K, committed 14592K, reserved 1048576K
}
Event: 221.799 GC heap after
{Heap after GC invocations=78 (full 0):
 garbage-first heap   total 264192K, used 195014K [0x0000000080000000, 0x0000000100000000)
  region size 1024K, 3 young (3072K), 3 survivors (3072K)
 Metaspace       used 108146K, capacity 111335K, committed 111616K, reserved 1146880K
  class space    used 13362K, capacity 14493K, committed 14592K, reserved 1048576K
}
Event: 221.959 GC heap before
{Heap before GC invocations=78 (full 0):
 garbage-first heap   total 264192K, used 220614K [0x0000000080000000, 0x0000000100000000)
  region size 1024K, 29 young (29696K), 3 survivors (3072K)
 Metaspace       used 108718K, capacity 111881K, committed 112128K, reserved 1146880K
  class space    used 13399K, capacity 14525K, committed 14592K, reserved 1048576K
}
Event: 221.969 GC heap after
{Heap after GC invocations=79 (full 0):
 garbage-first heap   total 264192K, used 199236K [0x0000000080000000, 0x0000000100000000)
  region size 1024K, 4 young (4096K), 4 survivors (4096K)
 Metaspace       used 108718K, capacity 111881K, committed 112128K, reserved 1146880K
  class space    used 13399K, capacity 14525K, committed 14592K, reserved 1048576K
}
Event: 222.286 GC heap before
{Heap before GC invocations=79 (full 0):
 garbage-first heap   total 264192K, used 222788K [0x0000000080000000, 0x0000000100000000)
  region size 1024K, 28 young (28672K), 4 survivors (4096K)
 Metaspace       used 109574K, capacity 112725K, committed 112896K, reserved 1146880K
  class space    used 13485K, capacity 14592K, committed 14592K, reserved 1048576K
}

Deoptimization events (20 events):
Event: 222.094 Thread 0x0000020ae4495800 DEOPT PACKING pc=0x0000020ac5f511ba sp=0x0000005d861fb820
Event: 222.094 Thread 0x0000020ae4495800 DEOPT UNPACKING pc=0x0000020ac3909d0e sp=0x0000005d861fad68 mode 0
Event: 222.128 Thread 0x0000020ae4405800 Uncommon trap: trap_request=0xffffff4d fr.pc=0x0000020acba7669c relative=0x00000000000000fc
Event: 222.128 Thread 0x0000020ae4405800 Uncommon trap: reason=unstable_if action=reinterpret pc=0x0000020acba7669c method=java.util.stream.AbstractPipeline.close()V @ 22 c2
Event: 222.129 Thread 0x0000020ae4405800 DEOPT PACKING pc=0x0000020acba7669c sp=0x0000005d870fdb60
Event: 222.129 Thread 0x0000020ae4405800 DEOPT UNPACKING pc=0x0000020ac38c85af sp=0x0000005d870fdb18 mode 2
Event: 222.182 Thread 0x0000020ae4405800 Uncommon trap: trap_request=0xffffff4d fr.pc=0x0000020acbafc8cc relative=0x00000000000000ac
Event: 222.182 Thread 0x0000020ae4405800 Uncommon trap: reason=unstable_if action=reinterpret pc=0x0000020acbafc8cc method=org.apache.xerces.impl.XMLEntityScanner.scanChar()I @ 14 c2
Event: 222.182 Thread 0x0000020ae4405800 DEOPT PACKING pc=0x0000020acbafc8cc sp=0x0000005d870fd710
Event: 222.182 Thread 0x0000020ae4405800 DEOPT UNPACKING pc=0x0000020ac38c85af sp=0x0000005d870fd698 mode 2
Event: 222.183 Thread 0x0000020ae4405800 Uncommon trap: trap_request=0xffffff4d fr.pc=0x0000020acbb29328 relative=0x0000000000000ec8
Event: 222.183 Thread 0x0000020ae4405800 Uncommon trap: reason=unstable_if action=reinterpret pc=0x0000020acbb29328 method=org.apache.xerces.impl.XMLScanner.scanAttributeValue(Lorg/apache/xerces/xni/XMLString;Lorg/apache/xerces/xni/XMLString;Ljava/lang/String;ZLjava/lang/String;)Z @ 13 c2
Event: 222.183 Thread 0x0000020ae4405800 DEOPT PACKING pc=0x0000020acbb29328 sp=0x0000005d870fd370
Event: 222.183 Thread 0x0000020ae4405800 DEOPT UNPACKING pc=0x0000020ac38c85af sp=0x0000005d870fd310 mode 2
Event: 222.248 Thread 0x0000020ae4405800 Uncommon trap: trap_request=0xffffff4d fr.pc=0x0000020acb3e8be4 relative=0x00000000000001c4
Event: 222.248 Thread 0x0000020ae4405800 Uncommon trap: reason=unstable_if action=reinterpret pc=0x0000020acb3e8be4 method=java.lang.String.startsWith(Ljava/lang/String;I)Z @ 46 c2
Event: 222.248 Thread 0x0000020ae4405800 DEOPT PACKING pc=0x0000020acb3e8be4 sp=0x0000005d870fd5f0
Event: 222.248 Thread 0x0000020ae4405800 DEOPT UNPACKING pc=0x0000020ac38c85af sp=0x0000005d870fd558 mode 2
Event: 222.248 Thread 0x0000020ae4405800 DEOPT PACKING pc=0x0000020ac47bccf1 sp=0x0000005d870fd530
Event: 222.248 Thread 0x0000020ae4405800 DEOPT UNPACKING pc=0x0000020ac3909d0e sp=0x0000005d870fca28 mode 0

Classes redefined (0 events):
No events

Internal exceptions (20 events):
Event: 221.806 Thread 0x0000020ae449f800 Exception <a 'sun/nio/fs/WindowsException'{0x0000000090063170}> (0x0000000090063170) thrown at [./src/hotspot/share/prims/jni.cpp, line 616]
Event: 221.810 Thread 0x0000020ae449f800 Exception <a 'sun/nio/fs/WindowsException'{0x000000008ff2d510}> (0x000000008ff2d510) thrown at [./src/hotspot/share/prims/jni.cpp, line 616]
Event: 221.812 Thread 0x0000020ae449f800 Exception <a 'sun/nio/fs/WindowsException'{0x000000008ff510e8}> (0x000000008ff510e8) thrown at [./src/hotspot/share/prims/jni.cpp, line 616]
Event: 221.815 Thread 0x0000020ae449f800 Exception <a 'sun/nio/fs/WindowsException'{0x000000008ff8c7d0}> (0x000000008ff8c7d0) thrown at [./src/hotspot/share/prims/jni.cpp, line 616]
Event: 221.816 Thread 0x0000020ae449f800 Exception <a 'sun/nio/fs/WindowsException'{0x000000008ffd3b80}> (0x000000008ffd3b80) thrown at [./src/hotspot/share/prims/jni.cpp, line 616]
Event: 221.818 Thread 0x0000020ae449f800 Exception <a 'sun/nio/fs/WindowsException'{0x000000008fe275f0}> (0x000000008fe275f0) thrown at [./src/hotspot/share/prims/jni.cpp, line 616]
Event: 221.821 Thread 0x0000020ae449f800 Exception <a 'sun/nio/fs/WindowsException'{0x000000008fe75c00}> (0x000000008fe75c00) thrown at [./src/hotspot/share/prims/jni.cpp, line 616]
Event: 221.825 Thread 0x0000020ae449f800 Exception <a 'sun/nio/fs/WindowsException'{0x000000008fd01870}> (0x000000008fd01870) thrown at [./src/hotspot/share/prims/jni.cpp, line 616]
Event: 221.828 Thread 0x0000020ae449f800 Exception <a 'sun/nio/fs/WindowsException'{0x000000008fd76a58}> (0x000000008fd76a58) thrown at [./src/hotspot/share/prims/jni.cpp, line 616]
Event: 221.831 Thread 0x0000020ae449f800 Exception <a 'sun/nio/fs/WindowsException'{0x000000008fc6dbf8}> (0x000000008fc6dbf8) thrown at [./src/hotspot/share/prims/jni.cpp, line 616]
Event: 221.833 Thread 0x0000020ae449f800 Exception <a 'sun/nio/fs/WindowsException'{0x000000008fc8b858}> (0x000000008fc8b858) thrown at [./src/hotspot/share/prims/jni.cpp, line 616]
Event: 221.836 Thread 0x0000020ae449f800 Exception <a 'sun/nio/fs/WindowsException'{0x000000008fcbe890}> (0x000000008fcbe890) thrown at [./src/hotspot/share/prims/jni.cpp, line 616]
Event: 221.837 Thread 0x0000020ae449f800 Exception <a 'sun/nio/fs/WindowsException'{0x000000008fb51540}> (0x000000008fb51540) thrown at [./src/hotspot/share/prims/jni.cpp, line 616]
Event: 221.840 Thread 0x0000020ae449f800 Exception <a 'sun/nio/fs/WindowsException'{0x000000008fb84c28}> (0x000000008fb84c28) thrown at [./src/hotspot/share/prims/jni.cpp, line 616]
Event: 221.842 Thread 0x0000020ae449f800 Exception <a 'sun/nio/fs/WindowsException'{0x000000008fbe1e78}> (0x000000008fbe1e78) thrown at [./src/hotspot/share/prims/jni.cpp, line 616]
Event: 221.844 Thread 0x0000020ae449f800 Exception <a 'sun/nio/fs/WindowsException'{0x000000008fa6d7c8}> (0x000000008fa6d7c8) thrown at [./src/hotspot/share/prims/jni.cpp, line 616]
Event: 221.971 Thread 0x0000020ae449f800 Exception <a 'sun/nio/fs/WindowsException'{0x00000000901fcd98}> (0x00000000901fcd98) thrown at [./src/hotspot/share/prims/jni.cpp, line 616]
Event: 221.971 Thread 0x0000020ae449f800 Exception <a 'sun/nio/fs/WindowsException'{0x00000000901fdc78}> (0x00000000901fdc78) thrown at [./src/hotspot/share/prims/jni.cpp, line 616]
Event: 222.066 Thread 0x0000020ae4495800 Exception <a 'sun/nio/fs/WindowsException'{0x000000008f8d1968}> (0x000000008f8d1968) thrown at [./src/hotspot/share/prims/jni.cpp, line 616]
Event: 222.066 Thread 0x0000020ae4495800 Exception <a 'sun/nio/fs/WindowsException'{0x000000008f8d2d58}> (0x000000008f8d2d58) thrown at [./src/hotspot/share/prims/jni.cpp, line 616]

Events (20 events):
Event: 222.138 loading class com/android/ide/common/symbols/ResourceDirectoryParser$parseResourceSourceSetDirectory$$inlined$sortedBy$1 done
Event: 222.148 loading class com/android/ide/common/symbols/ResourceDirectoryParser$parseResourceDirectory$$inlined$sortedBy$1
Event: 222.148 loading class com/android/ide/common/symbols/ResourceDirectoryParser$parseResourceDirectory$$inlined$sortedBy$1 done
Event: 222.151 loading class com/android/ide/common/symbols/Symbol$BasicNormalSymbol
Event: 222.151 loading class com/android/ide/common/symbols/Symbol$BasicNormalSymbol done
Event: 222.153 loading class org/apache/xerces/util/URI
Event: 222.153 loading class org/apache/xerces/util/URI done
Event: 222.161 loading class java/net/HttpURLConnection
Event: 222.167 loading class java/net/HttpURLConnection done
Event: 222.167 loading class sun/net/ProgressMonitor
Event: 222.170 loading class sun/net/ProgressMonitor done
Event: 222.170 loading class sun/net/DefaultProgressMeteringPolicy
Event: 222.175 loading class sun/net/ProgressMeteringPolicy
Event: 222.175 loading class sun/net/ProgressMeteringPolicy done
Event: 222.175 loading class sun/net/DefaultProgressMeteringPolicy done
Event: 222.176 loading class org/apache/xerces/impl/XMLEntityManager$EncodingInfo
Event: 222.176 loading class org/apache/xerces/impl/XMLEntityManager$EncodingInfo done
Event: 222.179 loading class com/android/ide/common/symbols/ResourceExtraXmlParser
Event: 222.179 loading class com/android/ide/common/symbols/ResourceExtraXmlParser done
Event: 222.285 Executing VM operation: G1CollectForAllocation


Dynamic libraries:
0x00007ff6bce30000 - 0x00007ff6bce3a000 	C:\Program Files\Android\Android Studio\jre\bin\java.exe
0x00007ff808a90000 - 0x00007ff808ca4000 	C:\WINDOWS\SYSTEM32\ntdll.dll
0x00007ff807380000 - 0x00007ff807442000 	C:\WINDOWS\System32\KERNEL32.DLL
0x00007ff806440000 - 0x00007ff8067e3000 	C:\WINDOWS\System32\KERNELBASE.dll
0x00007ff805e90000 - 0x00007ff805fa1000 	C:\WINDOWS\System32\ucrtbase.dll
0x00007ff803350000 - 0x00007ff803367000 	C:\Program Files\Android\Android Studio\jre\bin\VCRUNTIME140.dll
0x00007ff801720000 - 0x00007ff801739000 	C:\Program Files\Android\Android Studio\jre\bin\jli.dll
0x00007ff806ed0000 - 0x00007ff80707a000 	C:\WINDOWS\System32\USER32.dll
0x00007ff806110000 - 0x00007ff806136000 	C:\WINDOWS\System32\win32u.dll
0x00007fffe9350000 - 0x00007fffe95de000 	C:\WINDOWS\WinSxS\amd64_microsoft.windows.common-controls_6595b64144ccf1df_6.0.22621.1635_none_270f70857386168e\COMCTL32.dll
0x00007ff807590000 - 0x00007ff8075b9000 	C:\WINDOWS\System32\GDI32.dll
0x00007ff8069f0000 - 0x00007ff806a97000 	C:\WINDOWS\System32\msvcrt.dll
0x00007ff806320000 - 0x00007ff806439000 	C:\WINDOWS\System32\gdi32full.dll
0x00007ff806070000 - 0x00007ff80610a000 	C:\WINDOWS\System32\msvcp_win.dll
0x00007ff807450000 - 0x00007ff807481000 	C:\WINDOWS\System32\IMM32.DLL
0x00007fffd71b0000 - 0x00007fffd724d000 	C:\Program Files\Android\Android Studio\jre\bin\msvcp140.dll
0x00007fff7c0d0000 - 0x00007fff7cbd2000 	C:\Program Files\Android\Android Studio\jre\bin\server\jvm.dll
0x00007ff806da0000 - 0x00007ff806e4e000 	C:\WINDOWS\System32\ADVAPI32.dll
0x00007ff8089a0000 - 0x00007ff808a44000 	C:\WINDOWS\System32\sechost.dll
0x00007ff807620000 - 0x00007ff807737000 	C:\WINDOWS\System32\RPCRT4.dll
0x00007ff806d20000 - 0x00007ff806d28000 	C:\WINDOWS\System32\PSAPI.DLL
0x00007fffdae90000 - 0x00007fffdae99000 	C:\WINDOWS\SYSTEM32\WSOCK32.dll
0x00007fffe6010000 - 0x00007fffe6044000 	C:\WINDOWS\SYSTEM32\WINMM.dll
0x00007ffff4120000 - 0x00007ffff412a000 	C:\WINDOWS\SYSTEM32\VERSION.dll
0x00007ff8072d0000 - 0x00007ff807341000 	C:\WINDOWS\System32\WS2_32.dll
0x00007ff804fc0000 - 0x00007ff804fd8000 	C:\WINDOWS\SYSTEM32\kernel.appcore.dll
0x00007ff801de0000 - 0x00007ff801df1000 	C:\Program Files\Android\Android Studio\jre\bin\verify.dll
0x00007ff803800000 - 0x00007ff803a2e000 	C:\WINDOWS\SYSTEM32\DBGHELP.DLL
0x00007ff807d50000 - 0x00007ff8080d9000 	C:\WINDOWS\System32\combase.dll
0x00007ff806c40000 - 0x00007ff806d17000 	C:\WINDOWS\System32\OLEAUT32.dll
0x00007ffff3570000 - 0x00007ffff35a2000 	C:\WINDOWS\SYSTEM32\dbgcore.DLL
0x00007ff8067f0000 - 0x00007ff80686a000 	C:\WINDOWS\System32\bcryptPrimitives.dll
0x00007fffd76a0000 - 0x00007fffd76c9000 	C:\Program Files\Android\Android Studio\jre\bin\java.dll
0x00007ff801d60000 - 0x00007ff801d6b000 	C:\Program Files\Android\Android Studio\jre\bin\jimage.dll
0x00007ffff1ce0000 - 0x00007ffff1cf8000 	C:\Program Files\Android\Android Studio\jre\bin\zip.dll
0x00007ff8080f0000 - 0x00007ff8088e9000 	C:\WINDOWS\System32\SHELL32.dll
0x00007ff803e30000 - 0x00007ff8046fe000 	C:\WINDOWS\SYSTEM32\windows.storage.dll
0x00007ff803cf0000 - 0x00007ff803e2e000 	C:\WINDOWS\SYSTEM32\wintypes.dll
0x00007ff807bd0000 - 0x00007ff807cc1000 	C:\WINDOWS\System32\SHCORE.dll
0x00007ff8075c0000 - 0x00007ff80761e000 	C:\WINDOWS\System32\shlwapi.dll
0x00007ff805dc0000 - 0x00007ff805de6000 	C:\WINDOWS\SYSTEM32\profapi.dll
0x00007fffdbfe0000 - 0x00007fffdbffa000 	C:\Program Files\Android\Android Studio\jre\bin\net.dll
0x00007ffffba10000 - 0x00007ffffbb47000 	C:\WINDOWS\SYSTEM32\WINHTTP.dll
0x00007ff805440000 - 0x00007ff8054a9000 	C:\WINDOWS\system32\mswsock.dll
0x00007fffdb420000 - 0x00007fffdb434000 	C:\Program Files\Android\Android Studio\jre\bin\nio.dll
0x00007fffd8ed0000 - 0x00007fffd8ef7000 	C:\Users\jacko\.gradle\native\e1d6ef7f7dcc3fd88c89a11ec53ec762bb8ba0a96d01ffa2cd45eb1d1d8dd5c5\windows-amd64\native-platform.dll
0x00007fffc7f30000 - 0x00007fffc8074000 	C:\Users\jacko\.gradle\native\0d407fdbe67a94daf76414ababcb853783967236a71b16ec16e742cd7a986fd3\windows-amd64\native-platform-file-events.dll
0x00007ff801d50000 - 0x00007ff801d5a000 	C:\Program Files\Android\Android Studio\jre\bin\management.dll
0x00007fffe5830000 - 0x00007fffe583d000 	C:\Program Files\Android\Android Studio\jre\bin\management_ext.dll
0x00007ff8056b0000 - 0x00007ff8056cb000 	C:\WINDOWS\SYSTEM32\CRYPTSP.dll
0x00007ff804f10000 - 0x00007ff804f45000 	C:\WINDOWS\system32\rsaenh.dll
0x00007ff805540000 - 0x00007ff80556c000 	C:\WINDOWS\SYSTEM32\USERENV.dll
0x00007ff805860000 - 0x00007ff805888000 	C:\WINDOWS\SYSTEM32\bcrypt.dll
0x00007ff8056a0000 - 0x00007ff8056ac000 	C:\WINDOWS\SYSTEM32\CRYPTBASE.dll
0x00007ff804960000 - 0x00007ff80498d000 	C:\WINDOWS\SYSTEM32\IPHLPAPI.DLL
0x00007ff807740000 - 0x00007ff807749000 	C:\WINDOWS\System32\NSI.dll
0x00007ffffb020000 - 0x00007ffffb039000 	C:\WINDOWS\SYSTEM32\dhcpcsvc6.DLL
0x00007ffffb000000 - 0x00007ffffb01f000 	C:\WINDOWS\SYSTEM32\dhcpcsvc.DLL
0x00007ff804990000 - 0x00007ff804a83000 	C:\WINDOWS\SYSTEM32\DNSAPI.dll
0x00007ff804fe0000 - 0x00007ff805014000 	C:\WINDOWS\SYSTEM32\ntmarta.dll

dbghelp: loaded successfully - version: 4.0.5 - missing functions: none
symbol engine: initialized successfully - sym options: 0x614 - pdb path: .;C:\Program Files\Android\Android Studio\jre\bin;C:\WINDOWS\SYSTEM32;C:\WINDOWS\WinSxS\amd64_microsoft.windows.common-controls_6595b64144ccf1df_6.0.22621.1635_none_270f70857386168e;C:\Program Files\Android\Android Studio\jre\bin\server;C:\Users\jacko\.gradle\native\e1d6ef7f7dcc3fd88c89a11ec53ec762bb8ba0a96d01ffa2cd45eb1d1d8dd5c5\windows-amd64;C:\Users\jacko\.gradle\native\0d407fdbe67a94daf76414ababcb853783967236a71b16ec16e742cd7a986fd3\windows-amd64

VM Arguments:
jvm_args: --add-opens=java.base/java.util=ALL-UNNAMED --add-opens=java.base/java.lang=ALL-UNNAMED --add-opens=java.base/java.lang.invoke=ALL-UNNAMED --add-opens=java.base/java.util=ALL-UNNAMED --add-opens=java.prefs/java.util.prefs=ALL-UNNAMED --add-opens=java.prefs/java.util.prefs=ALL-UNNAMED --add-opens=java.base/java.nio.charset=ALL-UNNAMED --add-opens=java.base/java.net=ALL-UNNAMED --add-opens=java.base/java.util.concurrent.atomic=ALL-UNNAMED -Xmx2048m -Dfile.encoding=UTF-8 -Duser.country=US -Duser.language=en -Duser.variant 
java_command: org.gradle.launcher.daemon.bootstrap.GradleDaemon 7.4
java_class_path (initial): C:\Users\jacko\.gradle\wrapper\dists\gradle-7.4-bin\c0gwcg53nkjbqw7r0h0umtfvt\gradle-7.4\lib\gradle-launcher-7.4.jar
Launcher Type: SUN_STANDARD

[Global flags]
     intx CICompilerCount                          = 4                                         {product} {ergonomic}
     uint ConcGCThreads                            = 2                                         {product} {ergonomic}
     uint G1ConcRefinementThreads                  = 8                                         {product} {ergonomic}
   size_t G1HeapRegionSize                         = 1048576                                   {product} {ergonomic}
    uintx GCDrainStackTargetSize                   = 64                                        {product} {ergonomic}
   size_t InitialHeapSize                          = 130023424                                 {product} {ergonomic}
   size_t MarkStackSize                            = 4194304                                   {product} {ergonomic}
   size_t MaxHeapSize                              = 2147483648                                {product} {command line}
   size_t MaxNewSize                               = 1287651328                                {product} {ergonomic}
   size_t MinHeapDeltaBytes                        = 1048576                                   {product} {ergonomic}
    uintx NonNMethodCodeHeapSize                   = 5836300                                {pd product} {ergonomic}
    uintx NonProfiledCodeHeapSize                  = 122910970                              {pd product} {ergonomic}
    uintx ProfiledCodeHeapSize                     = 122910970                              {pd product} {ergonomic}
    uintx ReservedCodeCacheSize                    = 251658240                              {pd product} {ergonomic}
     bool SegmentedCodeCache                       = true                                      {product} {ergonomic}
     bool UseCompressedClassPointers               = true                                 {lp64_product} {ergonomic}
     bool UseCompressedOops                        = true                                 {lp64_product} {ergonomic}
     bool UseG1GC                                  = true                                      {product} {ergonomic}
     bool UseLargePagesIndividualAllocation        = false                                  {pd product} {ergonomic}

Logging:
Log output configuration:
 #0: stdout all=warning uptime,level,tags
 #1: stderr all=off uptime,level,tags

Environment Variables:
PATH=C:\Program Files (x86)\Common Files\Oracle\Java\javapath;C:\Windows\system32;C:\Windows;C:\Windows\System32\Wbem;C:\Windows\System32\WindowsPowerShell\v1.0\;C:\Windows\System32\OpenSSH\;C:\Program Files (x86)\NVIDIA Corporation\PhysX\Common;C:\Program Files\NVIDIA Corporation\NVIDIA NvDLISR;C:\WINDOWS\system32;C:\WINDOWS;C:\WINDOWS\System32\Wbem;C:\WINDOWS\System32\WindowsPowerShell\v1.0\;C:\WINDOWS\System32\OpenSSH\;C:\Program Files\CodeBlocks\MinGW\bin;C:\Program Files\dotnet\;C:\Program Files\Git\cmd;C:\Program Files\GitHub CLI\;C:\php;C:\Program Files\MySQL\MySQL Shell 8.0\bin\;C:\Users\jacko\AppData\Local\Programs\Python\Python310\Scripts\;C:\Users\jacko\AppData\Local\Programs\Python\Python310\;C:\Users\jacko\AppData\Local\Microsoft\WindowsApps;C:\Users\jacko\AppData\Local\Programs\Microsoft VS Code\bin;C:\Program Files\CodeBlocks\MinGW\bin;C:\php;
USERNAME=Marwan
OS=Windows_NT
PROCESSOR_IDENTIFIER=Intel64 Family 6 Model 140 Stepping 1, GenuineIntel



---------------  S Y S T E M  ---------------

OS: Windows 11 , 64 bit Build 22621 (10.0.22621.1928)
OS uptime: 15 days 7:08 hours
Hyper-V role detected

CPU:total 8 (initial active 8) (4 cores per cpu, 2 threads per core) family 6 model 140 stepping 1 microcode 0x9a, cmov, cx8, fxsr, mmx, sse, sse2, sse3, ssse3, sse4.1, sse4.2, popcnt, avx, avx2, aes, clmul, erms, 3dnowpref, lzcnt, ht, tsc, tscinvbit, bmi1, bmi2, adx, evex, sha, fma

Memory: 4k page, system-wide physical 7886M (262M free)
TotalPageFile size 13006M (AvailPageFile size 6M)
current process WorkingSet (physical memory assigned to process): 490M, peak: 502M
current process commit charge ("private bytes"): 603M, peak: 653M

vm_info: OpenJDK 64-Bit Server VM (11.0.13+0-b1751.21-8125866) for windows-amd64 JRE (11.0.13+0-b1751.21-8125866), built on Feb  2 2022 03:00:22 by "builder" with MS VC++ 14.0 (VS2015)

END.
