#
# There is insufficient memory for the Java Runtime Environment to continue.
# Native memory allocation (malloc) failed to allocate 1373536 bytes for Chunk::new
# Possible reasons:
#   The system is out of physical RAM or swap space
#   The process is running with CompressedOops enabled, and the Java Heap may be blocking the growth of the native heap
# Possible solutions:
#   Reduce memory load on the system
#   Increase physical memory or swap space
#   Check if swap backing store is full
#   Decrease Java heap size (-Xmx/-Xms)
#   Decrease number of Java threads
#   Decrease Java thread stack sizes (-Xss)
#   Set larger code cache with -XX:ReservedCodeCacheSize=
#   JVM is running with Unscaled Compressed Oops mode in which the Java heap is
#     placed in the first 4GB address space. The Java Heap base address is the
#     maximum limit for the native heap growth. Please use -XX:HeapBaseMinAddress
#     to set the Java Heap base and to place the Java Heap above 4GB virtual address.
# This output file may be truncated or incomplete.
#
#  Out of Memory Error (./src/hotspot/share/memory/arena.cpp:197), pid=9344, tid=21352
#
# JRE version: OpenJDK Runtime Environment (11.0.13) (build 11.0.13+0-b1751.21-8125866)
# Java VM: OpenJDK 64-Bit Server VM (11.0.13+0-b1751.21-8125866, mixed mode, tiered, compressed oops, g1 gc, windows-amd64)
# No core dump will be written. Minidumps are not enabled by default on client versions of Windows
#

---------------  S U M M A R Y ------------

Command Line: --add-opens=java.base/java.util=ALL-UNNAMED --add-opens=java.base/java.lang=ALL-UNNAMED --add-opens=java.base/java.lang.invoke=ALL-UNNAMED --add-opens=java.base/java.util=ALL-UNNAMED --add-opens=java.prefs/java.util.prefs=ALL-UNNAMED --add-opens=java.prefs/java.util.prefs=ALL-UNNAMED --add-opens=java.base/java.nio.charset=ALL-UNNAMED --add-opens=java.base/java.net=ALL-UNNAMED --add-opens=java.base/java.util.concurrent.atomic=ALL-UNNAMED -Xmx2048m -Dfile.encoding=UTF-8 -Duser.country=US -Duser.language=en -Duser.variant org.gradle.launcher.daemon.bootstrap.GradleDaemon 7.4

Host: 11th Gen Intel(R) Core(TM) i5-1135G7 @ 2.40GHz, 8 cores, 7G,  Windows 11 , 64 bit Build 22621 (10.0.22621.1928)
Time: Thu Jul 27 23:17:06 2023 Egypt Daylight Time elapsed time: 14.427542 seconds (0d 0h 0m 14s)

---------------  T H R E A D  ---------------

Current thread (0x000001f9ff881000):  JavaThread "C2 CompilerThread0" daemon [_thread_in_native, id=21352, stack(0x000000f0a0d00000,0x000000f0a0e00000)]


Current CompileTask:
C2:  14427 6473 %     4       org.gradle.internal.instantiation.generator.AbstractClassGenerator::inspectType @ 341 (560 bytes)

Stack: [0x000000f0a0d00000,0x000000f0a0e00000]
Native frames: (J=compiled Java code, j=interpreted, Vv=VM code, C=native code)
V  [jvm.dll+0x6100fa]
V  [jvm.dll+0x747090]
V  [jvm.dll+0x7486ad]
V  [jvm.dll+0x748d83]
V  [jvm.dll+0x24ab48]
V  [jvm.dll+0xc04dc]
V  [jvm.dll+0xc0a0c]
V  [jvm.dll+0x2bfab4]
V  [jvm.dll+0x524238]
V  [jvm.dll+0x20b193]
V  [jvm.dll+0x204ca0]
V  [jvm.dll+0x2023c2]
V  [jvm.dll+0x188e01]
V  [jvm.dll+0x21106b]
V  [jvm.dll+0x20f8c1]
V  [jvm.dll+0x70de0f]
V  [jvm.dll+0x706a75]
V  [jvm.dll+0x60ed66]
C  [ucrtbase.dll+0x29363]
C  [KERNEL32.DLL+0x126ad]
C  [ntdll.dll+0x5aa68]


---------------  P R O C E S S  ---------------

Threads class SMR info:
_java_thread_list=0x000001f99c1b86f0, length=123, elements={
0x000001f9fde07800, 0x000001f9ff861000, 0x000001f9ff86c000, 0x000001f9ff879800,
0x000001f9ff87a800, 0x000001f9ff87e800, 0x000001f9ff881000, 0x000001f9ff886000,
0x000001f9ff9e8800, 0x000001f9ffb43000, 0x000001f99ae03800, 0x000001f9992ef800,
0x000001f99aa0e800, 0x000001f99ac2a000, 0x000001f99b16f000, 0x000001f99b029800,
0x000001f99a7b3000, 0x000001f99a417800, 0x000001f99b211800, 0x000001f99a014000,
0x000001f99adf8000, 0x000001f99adf5000, 0x000001f99adf4000, 0x000001f99adf9000,
0x000001f99adf5800, 0x000001f99adf6800, 0x000001f99adf7800, 0x000001f99adf3800,
0x000001f99adfa000, 0x000001f99b238800, 0x000001f99dd43800, 0x000001f99b239000,
0x000001f99b23c800, 0x000001f99b23b800, 0x000001f99b23d000, 0x000001f99b237800,
0x000001f99b23f000, 0x000001f99b242000, 0x000001f99b23e000, 0x000001f99b23f800,
0x000001f99b243000, 0x000001f99b244800, 0x000001f99b245800, 0x000001f99b243800,
0x000001f99b246000, 0x000001f99b240800, 0x000001f99b241000, 0x000001f99e00d000,
0x000001f99e011800, 0x000001f99e00e000, 0x000001f99e012000, 0x000001f99e00f800,
0x000001f99e010800, 0x000001f99e00f000, 0x000001f99e00c800, 0x000001f99e015800,
0x000001f99e016000, 0x000001f99e013000, 0x000001f99e018800, 0x000001f99e018000,
0x000001f99e014000, 0x000001f99e017000, 0x000001f99e014800, 0x000001f99e01b000,
0x000001f99e019800, 0x000001f99e01a800, 0x000001f99c67c800, 0x000001f99c67b000,
0x000001f99c67b800, 0x000001f99c67d800, 0x000001f99c67e000, 0x000001f99c67f000,
0x000001f99c679800, 0x000001f99c680000, 0x000001f99c67a000, 0x000001f99c685800,
0x000001f99c684000, 0x000001f99c684800, 0x000001f99c686800, 0x000001f99c682800,
0x000001f99c680800, 0x000001f99c687000, 0x000001f99c681800, 0x000001f99c688000,
0x000001f99c683000, 0x000001f99e47e800, 0x000001f99e47d000, 0x000001f99e47f800,
0x000001f99e482800, 0x000001f99e480000, 0x000001f99e481800, 0x000001f99e481000,
0x000001f99e483800, 0x000001f99e47d800, 0x000001f99e487800, 0x000001f99e486800,
0x000001f99e488800, 0x000001f99e484000, 0x000001f99e489000, 0x000001f99e48a000,
0x000001f99e48a800, 0x000001f99e485000, 0x000001f99e48b800, 0x000001f99e486000,
0x000001f99a2df000, 0x000001f99a2da000, 0x000001f99a2d9800, 0x000001f99a2e0000,
0x000001f99a2dc000, 0x000001f99a2de800, 0x000001f99a2db000, 0x000001f99a2e0800,
0x000001f99a2e1800, 0x000001f99a2dd800, 0x000001f99a2e2800, 0x000001f99a2dc800,
0x000001f99a2e4000, 0x000001f99a2e5800, 0x000001f99a2e5000, 0x000001f99a2e6800,
0x000001f99a2e3000, 0x000001f99a2e7000, 0x000001f99a2e8000
}

Java Threads: ( => current thread )
  0x000001f9fde07800 JavaThread "main" [_thread_blocked, id=16944, stack(0x000000f0a0100000,0x000000f0a0200000)]
  0x000001f9ff861000 JavaThread "Reference Handler" daemon [_thread_blocked, id=22116, stack(0x000000f0a0800000,0x000000f0a0900000)]
  0x000001f9ff86c000 JavaThread "Finalizer" daemon [_thread_blocked, id=11812, stack(0x000000f0a0900000,0x000000f0a0a00000)]
  0x000001f9ff879800 JavaThread "Signal Dispatcher" daemon [_thread_blocked, id=10788, stack(0x000000f0a0a00000,0x000000f0a0b00000)]
  0x000001f9ff87a800 JavaThread "Attach Listener" daemon [_thread_blocked, id=10892, stack(0x000000f0a0b00000,0x000000f0a0c00000)]
  0x000001f9ff87e800 JavaThread "Service Thread" daemon [_thread_blocked, id=21580, stack(0x000000f0a0c00000,0x000000f0a0d00000)]
=>0x000001f9ff881000 JavaThread "C2 CompilerThread0" daemon [_thread_in_native, id=21352, stack(0x000000f0a0d00000,0x000000f0a0e00000)]
  0x000001f9ff886000 JavaThread "C1 CompilerThread0" daemon [_thread_blocked, id=14912, stack(0x000000f0a0e00000,0x000000f0a0f00000)]
  0x000001f9ff9e8800 JavaThread "Sweeper thread" daemon [_thread_blocked, id=4820, stack(0x000000f0a0f00000,0x000000f0a1000000)]
  0x000001f9ffb43000 JavaThread "Common-Cleaner" daemon [_thread_blocked, id=10412, stack(0x000000f0a1000000,0x000000f0a1100000)]
  0x000001f99ae03800 JavaThread "Daemon health stats" [_thread_blocked, id=14224, stack(0x000000f0a1500000,0x000000f0a1600000)]
  0x000001f9992ef800 JavaThread "Incoming local TCP Connector on port 53082" [_thread_in_native, id=21660, stack(0x000000f0a1200000,0x000000f0a1300000)]
  0x000001f99aa0e800 JavaThread "Daemon periodic checks" [_thread_blocked, id=5508, stack(0x000000f0a1300000,0x000000f0a1400000)]
  0x000001f99ac2a000 JavaThread "Daemon" [_thread_blocked, id=15216, stack(0x000000f0a1600000,0x000000f0a1700000)]
  0x000001f99b16f000 JavaThread "Handler for socket connection from /127.0.0.1:53082 to /127.0.0.1:53083" [_thread_in_native, id=3540, stack(0x000000f0a1700000,0x000000f0a1800000)]
  0x000001f99b029800 JavaThread "Cancel handler" [_thread_blocked, id=20428, stack(0x000000f0a1800000,0x000000f0a1900000)]
  0x000001f99a7b3000 JavaThread "Daemon worker" [_thread_blocked, id=14232, stack(0x000000f0a1900000,0x000000f0a1a00000)]
  0x000001f99a417800 JavaThread "Asynchronous log dispatcher for DefaultDaemonConnection: socket connection from /127.0.0.1:53082 to /127.0.0.1:53083" [_thread_blocked, id=392, stack(0x000000f0a1a00000,0x000000f0a1b00000)]
  0x000001f99b211800 JavaThread "Stdin handler" [_thread_blocked, id=996, stack(0x000000f0a1b00000,0x000000f0a1c00000)]
  0x000001f99a014000 JavaThread "Daemon client event forwarder" [_thread_blocked, id=9684, stack(0x000000f0a1c00000,0x000000f0a1d00000)]
  0x000001f99adf8000 JavaThread "Cache worker for journal cache (C:\Users\jacko\.gradle\caches\journal-1)" [_thread_blocked, id=3848, stack(0x000000f0a2300000,0x000000f0a2400000)]
  0x000001f99adf5000 JavaThread "File lock request listener" [_thread_in_native, id=10636, stack(0x000000f0a2400000,0x000000f0a2500000)]
  0x000001f99adf4000 JavaThread "Cache worker for file hash cache (C:\Users\jacko\.gradle\caches\7.4\fileHashes)" [_thread_blocked, id=1120, stack(0x000000f0a2500000,0x000000f0a2600000)]
  0x000001f99adf9000 JavaThread "File watcher server" daemon [_thread_in_native, id=6956, stack(0x000000f0a2800000,0x000000f0a2900000)]
  0x000001f99adf5800 JavaThread "File watcher consumer" daemon [_thread_blocked, id=14860, stack(0x000000f0a2900000,0x000000f0a2a00000)]
  0x000001f99adf6800 JavaThread "Cache worker for checksums cache (C:\Users\0Marwan Ashraf\.0MyStuff\.0college\SideLearn\Programming\AndroidStudio\Final\.gradle\7.4\checksums)" [_thread_blocked, id=18752, stack(0x000000f0a2a00000,0x000000f0a2b00000)]
  0x000001f99adf7800 JavaThread "Cache worker for cache directory md-rule (C:\Users\jacko\.gradle\caches\7.4\md-rule)" [_thread_blocked, id=21716, stack(0x000000f0a2b00000,0x000000f0a2c00000)]
  0x000001f99adf3800 JavaThread "Cache worker for file hash cache (C:\Users\0Marwan Ashraf\.0MyStuff\.0college\SideLearn\Programming\AndroidStudio\Final\.gradle\7.4\fileHashes)" [_thread_blocked, id=5144, stack(0x000000f0a2c00000,0x000000f0a2d00000)]
  0x000001f99adfa000 JavaThread "Cache worker for cache directory md-supplier (C:\Users\jacko\.gradle\caches\7.4\md-supplier)" [_thread_blocked, id=20784, stack(0x000000f0a2d00000,0x000000f0a2e00000)]
  0x000001f99b238800 JavaThread "Cache worker for execution history cache (C:\Users\jacko\.gradle\caches\7.4\executionHistory)" [_thread_blocked, id=8696, stack(0x000000f0a2e00000,0x000000f0a2f00000)]
  0x000001f99dd43800 JavaThread "C2 CompilerThread1" daemon [_thread_blocked, id=2948, stack(0x000000f0a2700000,0x000000f0a2800000)]
  0x000001f99b239000 JavaThread "jar transforms" [_thread_blocked, id=1084, stack(0x000000f0a2f00000,0x000000f0a3000000)]
  0x000001f99b23c800 JavaThread "Cache worker for file content cache (C:\Users\jacko\.gradle\caches\7.4\fileContent)" [_thread_blocked, id=20292, stack(0x000000f0a3000000,0x000000f0a3100000)]
  0x000001f99b23b800 JavaThread "jar transforms Thread 2" [_thread_blocked, id=15872, stack(0x000000f0a3100000,0x000000f0a3200000)]
  0x000001f99b23d000 JavaThread "Cache worker for dependencies-accessors (C:\Users\0Marwan Ashraf\.0MyStuff\.0college\SideLearn\Programming\AndroidStudio\Final\.gradle\7.4\dependencies-accessors)" [_thread_blocked, id=1188, stack(0x000000f0a3200000,0x000000f0a3300000)]
  0x000001f99b237800 JavaThread "jar transforms Thread 3" [_thread_blocked, id=16192, stack(0x000000f0a3300000,0x000000f0a3400000)]
  0x000001f99b23f000 JavaThread "Cache worker for Build Output Cleanup Cache (C:\Users\0Marwan Ashraf\.0MyStuff\.0college\SideLearn\Programming\AndroidStudio\Final\.gradle\buildOutputCleanup)" [_thread_blocked, id=10304, stack(0x000000f0a3400000,0x000000f0a3500000)]
  0x000001f99b242000 JavaThread "Unconstrained build operations" [_thread_blocked, id=12064, stack(0x000000f0a3500000,0x000000f0a3600000)]
  0x000001f99b23e000 JavaThread "Unconstrained build operations Thread 2" [_thread_blocked, id=13912, stack(0x000000f0a3600000,0x000000f0a3700000)]
  0x000001f99b23f800 JavaThread "Unconstrained build operations Thread 3" [_thread_blocked, id=22236, stack(0x000000f0a3700000,0x000000f0a3800000)]
  0x000001f99b243000 JavaThread "Unconstrained build operations Thread 4" [_thread_blocked, id=16444, stack(0x000000f0a3800000,0x000000f0a3900000)]
  0x000001f99b244800 JavaThread "Unconstrained build operations Thread 5" [_thread_blocked, id=12012, stack(0x000000f0a3900000,0x000000f0a3a00000)]
  0x000001f99b245800 JavaThread "Unconstrained build operations Thread 6" [_thread_blocked, id=11840, stack(0x000000f0a3a00000,0x000000f0a3b00000)]
  0x000001f99b243800 JavaThread "Unconstrained build operations Thread 7" [_thread_blocked, id=19080, stack(0x000000f0a3b00000,0x000000f0a3c00000)]
  0x000001f99b246000 JavaThread "Unconstrained build operations Thread 8" [_thread_blocked, id=18656, stack(0x000000f0a3c00000,0x000000f0a3d00000)]
  0x000001f99b240800 JavaThread "Unconstrained build operations Thread 9" [_thread_blocked, id=10692, stack(0x000000f0a3d00000,0x000000f0a3e00000)]
  0x000001f99b241000 JavaThread "Unconstrained build operations Thread 10" [_thread_blocked, id=1944, stack(0x000000f0a3e00000,0x000000f0a3f00000)]
  0x000001f99e00d000 JavaThread "Unconstrained build operations Thread 11" [_thread_blocked, id=14376, stack(0x000000f0a3f00000,0x000000f0a4000000)]
  0x000001f99e011800 JavaThread "Unconstrained build operations Thread 12" [_thread_blocked, id=15316, stack(0x000000f0a4000000,0x000000f0a4100000)]
  0x000001f99e00e000 JavaThread "Unconstrained build operations Thread 13" [_thread_blocked, id=16148, stack(0x000000f0a4100000,0x000000f0a4200000)]
  0x000001f99e012000 JavaThread "Unconstrained build operations Thread 14" [_thread_blocked, id=20232, stack(0x000000f0a4200000,0x000000f0a4300000)]
  0x000001f99e00f800 JavaThread "Unconstrained build operations Thread 15" [_thread_blocked, id=18948, stack(0x000000f0a4300000,0x000000f0a4400000)]
  0x000001f99e010800 JavaThread "Unconstrained build operations Thread 16" [_thread_blocked, id=1172, stack(0x000000f0a4400000,0x000000f0a4500000)]
  0x000001f99e00f000 JavaThread "Unconstrained build operations Thread 17" [_thread_blocked, id=10064, stack(0x000000f0a4500000,0x000000f0a4600000)]
  0x000001f99e00c800 JavaThread "Unconstrained build operations Thread 18" [_thread_blocked, id=21572, stack(0x000000f0a4600000,0x000000f0a4700000)]
  0x000001f99e015800 JavaThread "Unconstrained build operations Thread 19" [_thread_blocked, id=3796, stack(0x000000f0a4700000,0x000000f0a4800000)]
  0x000001f99e016000 JavaThread "Unconstrained build operations Thread 20" [_thread_blocked, id=19836, stack(0x000000f0a4800000,0x000000f0a4900000)]
  0x000001f99e013000 JavaThread "Unconstrained build operations Thread 21" [_thread_blocked, id=3776, stack(0x000000f0a4900000,0x000000f0a4a00000)]
  0x000001f99e018800 JavaThread "Unconstrained build operations Thread 22" [_thread_blocked, id=9292, stack(0x000000f0a4a00000,0x000000f0a4b00000)]
  0x000001f99e018000 JavaThread "Unconstrained build operations Thread 23" [_thread_blocked, id=18192, stack(0x000000f0a4b00000,0x000000f0a4c00000)]
  0x000001f99e014000 JavaThread "Unconstrained build operations Thread 24" [_thread_blocked, id=16860, stack(0x000000f0a4c00000,0x000000f0a4d00000)]
  0x000001f99e017000 JavaThread "Unconstrained build operations Thread 25" [_thread_blocked, id=13456, stack(0x000000f0a4d00000,0x000000f0a4e00000)]
  0x000001f99e014800 JavaThread "Unconstrained build operations Thread 26" [_thread_blocked, id=1260, stack(0x000000f0a4e00000,0x000000f0a4f00000)]
  0x000001f99e01b000 JavaThread "Unconstrained build operations Thread 27" [_thread_blocked, id=18540, stack(0x000000f0a4f00000,0x000000f0a5000000)]
  0x000001f99e019800 JavaThread "Unconstrained build operations Thread 28" [_thread_blocked, id=21256, stack(0x000000f0a5000000,0x000000f0a5100000)]
  0x000001f99e01a800 JavaThread "Unconstrained build operations Thread 29" [_thread_blocked, id=20964, stack(0x000000f0a5100000,0x000000f0a5200000)]
  0x000001f99c67c800 JavaThread "Unconstrained build operations Thread 30" [_thread_blocked, id=2180, stack(0x000000f0a5200000,0x000000f0a5300000)]
  0x000001f99c67b000 JavaThread "Unconstrained build operations Thread 31" [_thread_blocked, id=10736, stack(0x000000f0a5300000,0x000000f0a5400000)]
  0x000001f99c67b800 JavaThread "Unconstrained build operations Thread 32" [_thread_blocked, id=8200, stack(0x000000f0a5400000,0x000000f0a5500000)]
  0x000001f99c67d800 JavaThread "Unconstrained build operations Thread 33" [_thread_blocked, id=20324, stack(0x000000f0a5500000,0x000000f0a5600000)]
  0x000001f99c67e000 JavaThread "Unconstrained build operations Thread 34" [_thread_blocked, id=7624, stack(0x000000f0a5600000,0x000000f0a5700000)]
  0x000001f99c67f000 JavaThread "Unconstrained build operations Thread 35" [_thread_blocked, id=19024, stack(0x000000f0a5700000,0x000000f0a5800000)]
  0x000001f99c679800 JavaThread "Unconstrained build operations Thread 36" [_thread_blocked, id=16096, stack(0x000000f0a5800000,0x000000f0a5900000)]
  0x000001f99c680000 JavaThread "Unconstrained build operations Thread 37" [_thread_blocked, id=9832, stack(0x000000f0a5900000,0x000000f0a5a00000)]
  0x000001f99c67a000 JavaThread "Unconstrained build operations Thread 38" [_thread_blocked, id=16360, stack(0x000000f0a5a00000,0x000000f0a5b00000)]
  0x000001f99c685800 JavaThread "Unconstrained build operations Thread 39" [_thread_blocked, id=11796, stack(0x000000f0a5b00000,0x000000f0a5c00000)]
  0x000001f99c684000 JavaThread "Unconstrained build operations Thread 40" [_thread_blocked, id=11512, stack(0x000000f0a5c00000,0x000000f0a5d00000)]
  0x000001f99c684800 JavaThread "Unconstrained build operations Thread 41" [_thread_blocked, id=17460, stack(0x000000f0a5d00000,0x000000f0a5e00000)]
  0x000001f99c686800 JavaThread "Unconstrained build operations Thread 42" [_thread_blocked, id=11272, stack(0x000000f0a5e00000,0x000000f0a5f00000)]
  0x000001f99c682800 JavaThread "Unconstrained build operations Thread 43" [_thread_blocked, id=19124, stack(0x000000f0a5f00000,0x000000f0a6000000)]
  0x000001f99c680800 JavaThread "Unconstrained build operations Thread 44" [_thread_blocked, id=11852, stack(0x000000f0a6000000,0x000000f0a6100000)]
  0x000001f99c687000 JavaThread "Unconstrained build operations Thread 45" [_thread_blocked, id=3336, stack(0x000000f0a6100000,0x000000f0a6200000)]
  0x000001f99c681800 JavaThread "Unconstrained build operations Thread 46" [_thread_blocked, id=20476, stack(0x000000f0a6200000,0x000000f0a6300000)]
  0x000001f99c688000 JavaThread "Unconstrained build operations Thread 47" [_thread_blocked, id=15820, stack(0x000000f0a6300000,0x000000f0a6400000)]
  0x000001f99c683000 JavaThread "Unconstrained build operations Thread 48" [_thread_blocked, id=12728, stack(0x000000f0a6400000,0x000000f0a6500000)]
  0x000001f99e47e800 JavaThread "Unconstrained build operations Thread 49" [_thread_blocked, id=17224, stack(0x000000f0a6500000,0x000000f0a6600000)]
  0x000001f99e47d000 JavaThread "Unconstrained build operations Thread 50" [_thread_blocked, id=21928, stack(0x000000f0a6600000,0x000000f0a6700000)]
  0x000001f99e47f800 JavaThread "Unconstrained build operations Thread 51" [_thread_blocked, id=15588, stack(0x000000f0a6700000,0x000000f0a6800000)]
  0x000001f99e482800 JavaThread "Unconstrained build operations Thread 52" [_thread_blocked, id=13680, stack(0x000000f0a6800000,0x000000f0a6900000)]
  0x000001f99e480000 JavaThread "Unconstrained build operations Thread 53" [_thread_blocked, id=21840, stack(0x000000f0a6900000,0x000000f0a6a00000)]
  0x000001f99e481800 JavaThread "Unconstrained build operations Thread 54" [_thread_blocked, id=13016, stack(0x000000f0a6a00000,0x000000f0a6b00000)]
  0x000001f99e481000 JavaThread "Unconstrained build operations Thread 55" [_thread_blocked, id=18148, stack(0x000000f0a6b00000,0x000000f0a6c00000)]
  0x000001f99e483800 JavaThread "Unconstrained build operations Thread 56" [_thread_blocked, id=17840, stack(0x000000f0a6c00000,0x000000f0a6d00000)]
  0x000001f99e47d800 JavaThread "Unconstrained build operations Thread 57" [_thread_blocked, id=9724, stack(0x000000f0a6d00000,0x000000f0a6e00000)]
  0x000001f99e487800 JavaThread "Unconstrained build operations Thread 58" [_thread_blocked, id=21560, stack(0x000000f0a6e00000,0x000000f0a6f00000)]
  0x000001f99e486800 JavaThread "Unconstrained build operations Thread 59" [_thread_blocked, id=19692, stack(0x000000f0a6f00000,0x000000f0a7000000)]
  0x000001f99e488800 JavaThread "Unconstrained build operations Thread 60" [_thread_blocked, id=17436, stack(0x000000f0a7000000,0x000000f0a7100000)]
  0x000001f99e484000 JavaThread "Unconstrained build operations Thread 61" [_thread_blocked, id=1756, stack(0x000000f0a7100000,0x000000f0a7200000)]
  0x000001f99e489000 JavaThread "Unconstrained build operations Thread 62" [_thread_blocked, id=8448, stack(0x000000f0a7200000,0x000000f0a7300000)]
  0x000001f99e48a000 JavaThread "Unconstrained build operations Thread 63" [_thread_blocked, id=12296, stack(0x000000f0a7300000,0x000000f0a7400000)]
  0x000001f99e48a800 JavaThread "Unconstrained build operations Thread 64" [_thread_blocked, id=8900, stack(0x000000f0a7400000,0x000000f0a7500000)]
  0x000001f99e485000 JavaThread "Unconstrained build operations Thread 65" [_thread_blocked, id=16012, stack(0x000000f0a7500000,0x000000f0a7600000)]
  0x000001f99e48b800 JavaThread "Unconstrained build operations Thread 66" [_thread_blocked, id=15656, stack(0x000000f0a7600000,0x000000f0a7700000)]
  0x000001f99e486000 JavaThread "Unconstrained build operations Thread 67" [_thread_blocked, id=21804, stack(0x000000f0a7700000,0x000000f0a7800000)]
  0x000001f99a2df000 JavaThread "Unconstrained build operations Thread 68" [_thread_blocked, id=13736, stack(0x000000f0a7800000,0x000000f0a7900000)]
  0x000001f99a2da000 JavaThread "Unconstrained build operations Thread 69" [_thread_blocked, id=17280, stack(0x000000f0a7900000,0x000000f0a7a00000)]
  0x000001f99a2d9800 JavaThread "Unconstrained build operations Thread 70" [_thread_blocked, id=21180, stack(0x000000f0a7a00000,0x000000f0a7b00000)]
  0x000001f99a2e0000 JavaThread "Unconstrained build operations Thread 71" [_thread_blocked, id=10536, stack(0x000000f0a7b00000,0x000000f0a7c00000)]
  0x000001f99a2dc000 JavaThread "Unconstrained build operations Thread 72" [_thread_blocked, id=22080, stack(0x000000f0a7c00000,0x000000f0a7d00000)]
  0x000001f99a2de800 JavaThread "Unconstrained build operations Thread 73" [_thread_blocked, id=1220, stack(0x000000f0a7d00000,0x000000f0a7e00000)]
  0x000001f99a2db000 JavaThread "Unconstrained build operations Thread 74" [_thread_blocked, id=10572, stack(0x000000f0a7e00000,0x000000f0a7f00000)]
  0x000001f99a2e0800 JavaThread "Unconstrained build operations Thread 75" [_thread_blocked, id=16124, stack(0x000000f0a7f00000,0x000000f0a8000000)]
  0x000001f99a2e1800 JavaThread "Unconstrained build operations Thread 76" [_thread_blocked, id=15736, stack(0x000000f0a8000000,0x000000f0a8100000)]
  0x000001f99a2dd800 JavaThread "Unconstrained build operations Thread 77" [_thread_blocked, id=10260, stack(0x000000f0a8100000,0x000000f0a8200000)]
  0x000001f99a2e2800 JavaThread "Unconstrained build operations Thread 78" [_thread_blocked, id=22316, stack(0x000000f0a8200000,0x000000f0a8300000)]
  0x000001f99a2dc800 JavaThread "Unconstrained build operations Thread 79" [_thread_blocked, id=15456, stack(0x000000f0a8300000,0x000000f0a8400000)]
  0x000001f99a2e4000 JavaThread "Unconstrained build operations Thread 80" [_thread_blocked, id=9736, stack(0x000000f0a8400000,0x000000f0a8500000)]
  0x000001f99a2e5800 JavaThread "jar transforms Thread 4" [_thread_blocked, id=4892, stack(0x000000f0a8500000,0x000000f0a8600000)]
  0x000001f99a2e5000 JavaThread "jar transforms Thread 5" [_thread_blocked, id=12492, stack(0x000000f0a8600000,0x000000f0a8700000)]
  0x000001f99a2e6800 JavaThread "jar transforms Thread 6" [_thread_blocked, id=17292, stack(0x000000f0a8700000,0x000000f0a8800000)]
  0x000001f99a2e3000 JavaThread "jar transforms Thread 7" [_thread_blocked, id=18892, stack(0x000000f0a8800000,0x000000f0a8900000)]
  0x000001f99a2e7000 JavaThread "jar transforms Thread 8" [_thread_blocked, id=10204, stack(0x000000f0a8900000,0x000000f0a8a00000)]
  0x000001f99a2e8000 JavaThread "Memory manager" [_thread_blocked, id=19564, stack(0x000000f0a8a00000,0x000000f0a8b00000)]

Other Threads:
  0x000001f9ff85c000 VMThread "VM Thread" [stack: 0x000000f0a0700000,0x000000f0a0800000] [id=17992]
  0x000001f9ffb89000 WatcherThread [stack: 0x000000f0a1100000,0x000000f0a1200000] [id=11984]
  0x000001f9fde24000 GCTaskThread "GC Thread#0" [stack: 0x000000f0a0200000,0x000000f0a0300000] [id=1896]
  0x000001f99975d800 GCTaskThread "GC Thread#1" [stack: 0x000000f0a1400000,0x000000f0a1500000] [id=22440]
  0x000001f99a505800 GCTaskThread "GC Thread#2" [stack: 0x000000f0a1d00000,0x000000f0a1e00000] [id=9800]
  0x000001f99a506000 GCTaskThread "GC Thread#3" [stack: 0x000000f0a1e00000,0x000000f0a1f00000] [id=13532]
  0x000001f99aa5e000 GCTaskThread "GC Thread#4" [stack: 0x000000f0a1f00000,0x000000f0a2000000] [id=21332]
  0x000001f99aa5e800 GCTaskThread "GC Thread#5" [stack: 0x000000f0a2000000,0x000000f0a2100000] [id=18024]
  0x000001f99b10b000 GCTaskThread "GC Thread#6" [stack: 0x000000f0a2100000,0x000000f0a2200000] [id=4424]
  0x000001f99b109800 GCTaskThread "GC Thread#7" [stack: 0x000000f0a2200000,0x000000f0a2300000] [id=21652]
  0x000001f9fde55000 ConcurrentGCThread "G1 Main Marker" [stack: 0x000000f0a0300000,0x000000f0a0400000] [id=20812]
  0x000001f9fde56800 ConcurrentGCThread "G1 Conc#0" [stack: 0x000000f0a0400000,0x000000f0a0500000] [id=10908]
  0x000001f99b10a800 ConcurrentGCThread "G1 Conc#1" [stack: 0x000000f0a2600000,0x000000f0a2700000] [id=12032]
  0x000001f9fded9800 ConcurrentGCThread "G1 Refine#0" [stack: 0x000000f0a0500000,0x000000f0a0600000] [id=4520]
  0x000001f9ff6b1800 ConcurrentGCThread "G1 Young RemSet Sampling" [stack: 0x000000f0a0600000,0x000000f0a0700000] [id=12928]

Threads with active compile tasks:
C2 CompilerThread0  14474 6473 %     4       org.gradle.internal.instantiation.generator.AbstractClassGenerator::inspectType @ 341 (560 bytes)
C1 CompilerThread0  14474 6796       3       java.lang.StackTraceElement::toString (322 bytes)
C2 CompilerThread1  14474 6693       4       org.objectweb.asm.MethodWriter::visitInsn (115 bytes)

VM state:at safepoint (normal execution)

VM Mutex/Monitor currently owned by a thread:  ([mutex/lock_event])
[0x000001f9fde03820] Threads_lock - owner thread: 0x000001f9ff85c000
[0x000001f9fde04c60] Heap_lock - owner thread: 0x000001f99a014000

OutOfMemory and StackOverflow Exception counts:
OutOfMemoryError java_heap_errors=2
LinkageErrors=86

Heap address: 0x0000000080000000, size: 2048 MB, Compressed Oops mode: 32-bit
Narrow klass base: 0x0000000000000000, Narrow klass shift: 3
Compressed class space size: 1073741824 Address: 0x0000000100000000

Heap:
 garbage-first heap   total 152576K, used 56952K [0x0000000080000000, 0x0000000100000000)
  region size 1024K, 5 young (5120K), 5 survivors (5120K)
 Metaspace       used 70712K, capacity 72270K, committed 72304K, reserved 1122304K
  class space    used 9125K, capacity 9718K, committed 9752K, reserved 1048576K
Heap Regions: E=young(eden), S=young(survivor), O=old, HS=humongous(starts), HC=humongous(continues), CS=collection set, F=free, A=archive, TAMS=top-at-mark-start (previous, next)
|   0|0x0000000080000000, 0x0000000080100000, 0x0000000080100000|100%| O|  |TAMS 0x0000000080100000, 0x0000000080100000| Untracked 
|   1|0x0000000080100000, 0x0000000080200000, 0x0000000080200000|100%| O|  |TAMS 0x0000000080200000, 0x0000000080200000| Untracked 
|   2|0x0000000080200000, 0x0000000080300000, 0x0000000080300000|100%| O|  |TAMS 0x0000000080300000, 0x0000000080300000| Untracked 
|   3|0x0000000080300000, 0x0000000080400000, 0x0000000080400000|100%|HS|  |TAMS 0x0000000080400000, 0x0000000080400000| Complete 
|   4|0x0000000080400000, 0x0000000080500000, 0x0000000080500000|100%|HC|  |TAMS 0x0000000080500000, 0x0000000080500000| Complete 
|   5|0x0000000080500000, 0x0000000080600000, 0x0000000080600000|100%|HC|  |TAMS 0x0000000080600000, 0x0000000080600000| Complete 
|   6|0x0000000080600000, 0x0000000080700000, 0x0000000080700000|100%| O|  |TAMS 0x0000000080700000, 0x0000000080700000| Untracked 
|   7|0x0000000080700000, 0x0000000080800000, 0x0000000080800000|100%| O|  |TAMS 0x0000000080800000, 0x0000000080800000| Untracked 
|   8|0x0000000080800000, 0x0000000080900000, 0x0000000080900000|100%| O|  |TAMS 0x0000000080900000, 0x0000000080900000| Untracked 
|   9|0x0000000080900000, 0x0000000080a00000, 0x0000000080a00000|100%| O|  |TAMS 0x0000000080a00000, 0x0000000080a00000| Untracked 
|  10|0x0000000080a00000, 0x0000000080b00000, 0x0000000080b00000|100%| O|  |TAMS 0x0000000080b00000, 0x0000000080b00000| Untracked 
|  11|0x0000000080b00000, 0x0000000080c00000, 0x0000000080c00000|100%| O|  |TAMS 0x0000000080c00000, 0x0000000080c00000| Untracked 
|  12|0x0000000080c00000, 0x0000000080d00000, 0x0000000080d00000|100%| O|  |TAMS 0x0000000080d00000, 0x0000000080d00000| Untracked 
|  13|0x0000000080d00000, 0x0000000080e00000, 0x0000000080e00000|100%| O|  |TAMS 0x0000000080e00000, 0x0000000080e00000| Untracked 
|  14|0x0000000080e00000, 0x0000000080f00000, 0x0000000080f00000|100%| O|  |TAMS 0x0000000080f00000, 0x0000000080f00000| Untracked 
|  15|0x0000000080f00000, 0x0000000081000000, 0x0000000081000000|100%| O|  |TAMS 0x0000000081000000, 0x0000000081000000| Untracked 
|  16|0x0000000081000000, 0x0000000081100000, 0x0000000081100000|100%| O|  |TAMS 0x0000000081100000, 0x0000000081100000| Untracked 
|  17|0x0000000081100000, 0x0000000081200000, 0x0000000081200000|100%| O|  |TAMS 0x0000000081200000, 0x0000000081200000| Untracked 
|  18|0x0000000081200000, 0x0000000081300000, 0x0000000081300000|100%| O|  |TAMS 0x0000000081300000, 0x0000000081300000| Untracked 
|  19|0x0000000081300000, 0x0000000081400000, 0x0000000081400000|100%|HS|  |TAMS 0x0000000081400000, 0x0000000081400000| Complete 
|  20|0x0000000081400000, 0x0000000081500000, 0x0000000081500000|100%| O|  |TAMS 0x0000000081500000, 0x0000000081500000| Untracked 
|  21|0x0000000081500000, 0x0000000081600000, 0x0000000081600000|100%| O|  |TAMS 0x0000000081600000, 0x0000000081600000| Untracked 
|  22|0x0000000081600000, 0x0000000081700000, 0x0000000081700000|100%| O|  |TAMS 0x0000000081700000, 0x0000000081700000| Untracked 
|  23|0x0000000081700000, 0x0000000081800000, 0x0000000081800000|100%| O|  |TAMS 0x0000000081800000, 0x0000000081800000| Untracked 
|  24|0x0000000081800000, 0x0000000081900000, 0x0000000081900000|100%| O|  |TAMS 0x0000000081900000, 0x0000000081900000| Untracked 
|  25|0x0000000081900000, 0x0000000081a00000, 0x0000000081a00000|100%| O|  |TAMS 0x0000000081a00000, 0x0000000081a00000| Untracked 
|  26|0x0000000081a00000, 0x0000000081b00000, 0x0000000081b00000|100%| O|  |TAMS 0x0000000081b00000, 0x0000000081b00000| Untracked 
|  27|0x0000000081b00000, 0x0000000081c00000, 0x0000000081c00000|100%| O|  |TAMS 0x0000000081c00000, 0x0000000081c00000| Untracked 
|  28|0x0000000081c00000, 0x0000000081d00000, 0x0000000081d00000|100%|HS|  |TAMS 0x0000000081d00000, 0x0000000081d00000| Complete 
|  29|0x0000000081d00000, 0x0000000081e00000, 0x0000000081e00000|100%| O|  |TAMS 0x0000000081e00000, 0x0000000081e00000| Untracked 
|  30|0x0000000081e00000, 0x0000000081f00000, 0x0000000081f00000|100%|HS|  |TAMS 0x0000000081f00000, 0x0000000081f00000| Complete 
|  31|0x0000000081f00000, 0x0000000082000000, 0x0000000082000000|100%|HC|  |TAMS 0x0000000082000000, 0x0000000082000000| Complete 
|  32|0x0000000082000000, 0x0000000082100000, 0x0000000082100000|100%| O|  |TAMS 0x0000000082100000, 0x0000000082100000| Untracked 
|  33|0x0000000082100000, 0x0000000082200000, 0x0000000082200000|100%| O|  |TAMS 0x0000000082200000, 0x0000000082200000| Untracked 
|  34|0x0000000082200000, 0x0000000082300000, 0x0000000082300000|100%| O|  |TAMS 0x0000000082300000, 0x0000000082300000| Untracked 
|  35|0x0000000082300000, 0x0000000082400000, 0x0000000082400000|100%| O|  |TAMS 0x0000000082400000, 0x0000000082400000| Untracked 
|  36|0x0000000082400000, 0x0000000082500000, 0x0000000082500000|100%| O|  |TAMS 0x0000000082500000, 0x0000000082500000| Untracked 
|  37|0x0000000082500000, 0x0000000082600000, 0x0000000082600000|100%| O|  |TAMS 0x0000000082600000, 0x0000000082600000| Untracked 
|  38|0x0000000082600000, 0x0000000082700000, 0x0000000082700000|100%| O|  |TAMS 0x0000000082600000, 0x0000000082700000| Untracked 
|  39|0x0000000082700000, 0x0000000082800000, 0x0000000082800000|100%| O|  |TAMS 0x0000000082700000, 0x0000000082800000| Untracked 
|  40|0x0000000082800000, 0x0000000082900000, 0x0000000082900000|100%| O|  |TAMS 0x0000000082800000, 0x0000000082900000| Untracked 
|  41|0x0000000082900000, 0x0000000082a00000, 0x0000000082a00000|100%| O|  |TAMS 0x0000000082900000, 0x0000000082a00000| Untracked 
|  42|0x0000000082a00000, 0x0000000082b00000, 0x0000000082b00000|100%| O|  |TAMS 0x0000000082a00000, 0x0000000082b00000| Untracked 
|  43|0x0000000082b00000, 0x0000000082c00000, 0x0000000082c00000|100%| O|  |TAMS 0x0000000082b00000, 0x0000000082c00000| Untracked 
|  44|0x0000000082c00000, 0x0000000082d00000, 0x0000000082d00000|100%| O|  |TAMS 0x0000000082c00000, 0x0000000082d00000| Untracked 
|  45|0x0000000082d00000, 0x0000000082e00000, 0x0000000082e00000|100%| O|  |TAMS 0x0000000082e00000, 0x0000000082e00000| Untracked 
|  46|0x0000000082e00000, 0x0000000082f00000, 0x0000000082f00000|100%| O|  |TAMS 0x0000000082f00000, 0x0000000082f00000| Untracked 
|  47|0x0000000082f00000, 0x0000000083000000, 0x0000000083000000|100%| O|  |TAMS 0x0000000083000000, 0x0000000083000000| Untracked 
|  48|0x0000000083000000, 0x0000000083100000, 0x0000000083100000|100%| O|  |TAMS 0x0000000083100000, 0x0000000083100000| Untracked 
|  49|0x0000000083100000, 0x0000000083200000, 0x0000000083200000|100%| O|  |TAMS 0x000000008314ee00, 0x0000000083200000| Untracked 
|  50|0x0000000083200000, 0x0000000083300000, 0x0000000083300000|100%| O|  |TAMS 0x0000000083200000, 0x0000000083300000| Untracked 
|  51|0x0000000083300000, 0x0000000083354c00, 0x0000000083400000| 33%| O|  |TAMS 0x0000000083300000, 0x0000000083354c00| Untracked 
|  52|0x0000000083400000, 0x0000000083400000, 0x0000000083500000|  0%| F|  |TAMS 0x0000000083400000, 0x0000000083400000| Untracked 
|  53|0x0000000083500000, 0x0000000083500000, 0x0000000083600000|  0%| F|  |TAMS 0x0000000083500000, 0x0000000083500000| Untracked 
|  54|0x0000000083600000, 0x0000000083600000, 0x0000000083700000|  0%| F|  |TAMS 0x0000000083600000, 0x0000000083600000| Untracked 
|  55|0x0000000083700000, 0x0000000083700000, 0x0000000083800000|  0%| F|  |TAMS 0x0000000083700000, 0x0000000083700000| Untracked 
|  56|0x0000000083800000, 0x0000000083800000, 0x0000000083900000|  0%| F|  |TAMS 0x0000000083800000, 0x0000000083800000| Untracked 
|  57|0x0000000083900000, 0x0000000083900000, 0x0000000083a00000|  0%| F|  |TAMS 0x0000000083900000, 0x0000000083900000| Untracked 
|  58|0x0000000083a00000, 0x0000000083a00000, 0x0000000083b00000|  0%| F|  |TAMS 0x0000000083a00000, 0x0000000083a00000| Untracked 
|  59|0x0000000083b00000, 0x0000000083b00000, 0x0000000083c00000|  0%| F|  |TAMS 0x0000000083b00000, 0x0000000083b00000| Untracked 
|  60|0x0000000083c00000, 0x0000000083c00000, 0x0000000083d00000|  0%| F|  |TAMS 0x0000000083c00000, 0x0000000083c00000| Untracked 
|  61|0x0000000083d00000, 0x0000000083d00000, 0x0000000083e00000|  0%| F|  |TAMS 0x0000000083d00000, 0x0000000083d00000| Untracked 
|  62|0x0000000083e00000, 0x0000000083e00000, 0x0000000083f00000|  0%| F|  |TAMS 0x0000000083e00000, 0x0000000083e00000| Untracked 
|  63|0x0000000083f00000, 0x0000000083f00000, 0x0000000084000000|  0%| F|  |TAMS 0x0000000083f00000, 0x0000000083f00000| Untracked 
|  64|0x0000000084000000, 0x0000000084000000, 0x0000000084100000|  0%| F|  |TAMS 0x0000000084000000, 0x0000000084000000| Untracked 
|  65|0x0000000084100000, 0x0000000084100000, 0x0000000084200000|  0%| F|  |TAMS 0x0000000084100000, 0x0000000084100000| Untracked 
|  66|0x0000000084200000, 0x0000000084200000, 0x0000000084300000|  0%| F|  |TAMS 0x0000000084200000, 0x0000000084200000| Untracked 
|  67|0x0000000084300000, 0x0000000084300000, 0x0000000084400000|  0%| F|  |TAMS 0x0000000084300000, 0x0000000084300000| Untracked 
|  68|0x0000000084400000, 0x0000000084400000, 0x0000000084500000|  0%| F|  |TAMS 0x0000000084400000, 0x0000000084400000| Untracked 
|  69|0x0000000084500000, 0x0000000084500000, 0x0000000084600000|  0%| F|  |TAMS 0x0000000084500000, 0x0000000084500000| Untracked 
|  70|0x0000000084600000, 0x0000000084600000, 0x0000000084700000|  0%| F|  |TAMS 0x0000000084600000, 0x0000000084600000| Untracked 
|  71|0x0000000084700000, 0x0000000084700000, 0x0000000084800000|  0%| F|  |TAMS 0x0000000084700000, 0x0000000084700000| Untracked 
|  72|0x0000000084800000, 0x0000000084800000, 0x0000000084900000|  0%| F|  |TAMS 0x0000000084800000, 0x0000000084800000| Untracked 
|  73|0x0000000084900000, 0x0000000084900000, 0x0000000084a00000|  0%| F|  |TAMS 0x0000000084900000, 0x0000000084900000| Untracked 
|  74|0x0000000084a00000, 0x0000000084a00000, 0x0000000084b00000|  0%| F|  |TAMS 0x0000000084a00000, 0x0000000084a00000| Untracked 
|  75|0x0000000084b00000, 0x0000000084b00000, 0x0000000084c00000|  0%| F|  |TAMS 0x0000000084b00000, 0x0000000084b00000| Untracked 
|  76|0x0000000084c00000, 0x0000000084c00000, 0x0000000084d00000|  0%| F|  |TAMS 0x0000000084c00000, 0x0000000084c00000| Untracked 
|  77|0x0000000084d00000, 0x0000000084d00000, 0x0000000084e00000|  0%| F|  |TAMS 0x0000000084d00000, 0x0000000084d00000| Untracked 
|  78|0x0000000084e00000, 0x0000000084e00000, 0x0000000084f00000|  0%| F|  |TAMS 0x0000000084e00000, 0x0000000084e00000| Untracked 
|  79|0x0000000084f00000, 0x0000000084f00000, 0x0000000085000000|  0%| F|  |TAMS 0x0000000084f00000, 0x0000000084f00000| Untracked 
|  80|0x0000000085000000, 0x0000000085000000, 0x0000000085100000|  0%| F|  |TAMS 0x0000000085000000, 0x0000000085000000| Untracked 
|  81|0x0000000085100000, 0x0000000085100000, 0x0000000085200000|  0%| F|  |TAMS 0x0000000085100000, 0x0000000085100000| Untracked 
|  82|0x0000000085200000, 0x0000000085200000, 0x0000000085300000|  0%| F|  |TAMS 0x0000000085200000, 0x0000000085200000| Untracked 
|  83|0x0000000085300000, 0x0000000085300000, 0x0000000085400000|  0%| F|  |TAMS 0x0000000085300000, 0x0000000085300000| Untracked 
|  84|0x0000000085400000, 0x0000000085400000, 0x0000000085500000|  0%| F|  |TAMS 0x0000000085400000, 0x0000000085400000| Untracked 
|  85|0x0000000085500000, 0x0000000085500000, 0x0000000085600000|  0%| F|  |TAMS 0x0000000085500000, 0x0000000085500000| Untracked 
|  86|0x0000000085600000, 0x0000000085600000, 0x0000000085700000|  0%| F|  |TAMS 0x0000000085600000, 0x0000000085600000| Untracked 
|  87|0x0000000085700000, 0x0000000085700000, 0x0000000085800000|  0%| F|  |TAMS 0x0000000085700000, 0x0000000085700000| Untracked 
|  88|0x0000000085800000, 0x0000000085800000, 0x0000000085900000|  0%| F|  |TAMS 0x0000000085800000, 0x0000000085800000| Untracked 
|  89|0x0000000085900000, 0x0000000085900000, 0x0000000085a00000|  0%| F|  |TAMS 0x0000000085900000, 0x0000000085900000| Untracked 
|  90|0x0000000085a00000, 0x0000000085a00000, 0x0000000085b00000|  0%| F|  |TAMS 0x0000000085a00000, 0x0000000085a00000| Untracked 
|  91|0x0000000085b00000, 0x0000000085b00000, 0x0000000085c00000|  0%| F|  |TAMS 0x0000000085b00000, 0x0000000085b00000| Untracked 
|  92|0x0000000085c00000, 0x0000000085c00000, 0x0000000085d00000|  0%| F|  |TAMS 0x0000000085c00000, 0x0000000085c00000| Untracked 
|  93|0x0000000085d00000, 0x0000000085d00000, 0x0000000085e00000|  0%| F|  |TAMS 0x0000000085d00000, 0x0000000085d00000| Untracked 
|  94|0x0000000085e00000, 0x0000000085e00000, 0x0000000085f00000|  0%| F|  |TAMS 0x0000000085e00000, 0x0000000085e00000| Untracked 
|  95|0x0000000085f00000, 0x0000000085f00000, 0x0000000086000000|  0%| F|  |TAMS 0x0000000085f00000, 0x0000000085f00000| Untracked 
|  96|0x0000000086000000, 0x0000000086000000, 0x0000000086100000|  0%| F|  |TAMS 0x0000000086000000, 0x0000000086000000| Untracked 
|  97|0x0000000086100000, 0x0000000086100000, 0x0000000086200000|  0%| F|  |TAMS 0x0000000086100000, 0x0000000086100000| Untracked 
|  98|0x0000000086200000, 0x0000000086200000, 0x0000000086300000|  0%| F|  |TAMS 0x0000000086200000, 0x0000000086200000| Untracked 
|  99|0x0000000086300000, 0x0000000086300000, 0x0000000086400000|  0%| F|  |TAMS 0x0000000086300000, 0x0000000086300000| Untracked 
| 100|0x0000000086400000, 0x0000000086400000, 0x0000000086500000|  0%| F|  |TAMS 0x0000000086400000, 0x0000000086400000| Untracked 
| 101|0x0000000086500000, 0x0000000086500000, 0x0000000086600000|  0%| F|  |TAMS 0x0000000086500000, 0x0000000086500000| Untracked 
| 102|0x0000000086600000, 0x0000000086600000, 0x0000000086700000|  0%| F|  |TAMS 0x0000000086600000, 0x0000000086600000| Untracked 
| 103|0x0000000086700000, 0x0000000086700000, 0x0000000086800000|  0%| F|  |TAMS 0x0000000086700000, 0x0000000086700000| Untracked 
| 104|0x0000000086800000, 0x0000000086800000, 0x0000000086900000|  0%| F|  |TAMS 0x0000000086800000, 0x0000000086800000| Untracked 
| 105|0x0000000086900000, 0x0000000086900000, 0x0000000086a00000|  0%| F|  |TAMS 0x0000000086900000, 0x0000000086900000| Untracked 
| 106|0x0000000086a00000, 0x0000000086a00000, 0x0000000086b00000|  0%| F|  |TAMS 0x0000000086a00000, 0x0000000086a00000| Untracked 
| 107|0x0000000086b00000, 0x0000000086b00000, 0x0000000086c00000|  0%| F|  |TAMS 0x0000000086b00000, 0x0000000086b00000| Untracked 
| 108|0x0000000086c00000, 0x0000000086c00000, 0x0000000086d00000|  0%| F|  |TAMS 0x0000000086c00000, 0x0000000086c00000| Untracked 
| 109|0x0000000086d00000, 0x0000000086d00000, 0x0000000086e00000|  0%| F|  |TAMS 0x0000000086d00000, 0x0000000086d00000| Untracked 
| 110|0x0000000086e00000, 0x0000000086e00000, 0x0000000086f00000|  0%| F|  |TAMS 0x0000000086e00000, 0x0000000086e00000| Untracked 
| 111|0x0000000086f00000, 0x0000000086f00000, 0x0000000087000000|  0%| F|  |TAMS 0x0000000086f00000, 0x0000000086f00000| Untracked 
| 112|0x0000000087000000, 0x0000000087000000, 0x0000000087100000|  0%| F|  |TAMS 0x0000000087000000, 0x0000000087000000| Untracked 
| 113|0x0000000087100000, 0x0000000087100000, 0x0000000087200000|  0%| F|  |TAMS 0x0000000087100000, 0x0000000087100000| Untracked 
| 114|0x0000000087200000, 0x0000000087200000, 0x0000000087300000|  0%| F|  |TAMS 0x0000000087200000, 0x0000000087200000| Untracked 
| 115|0x0000000087300000, 0x0000000087300000, 0x0000000087400000|  0%| F|  |TAMS 0x0000000087300000, 0x0000000087300000| Untracked 
| 116|0x0000000087400000, 0x0000000087400000, 0x0000000087500000|  0%| F|  |TAMS 0x0000000087400000, 0x0000000087400000| Untracked 
| 117|0x0000000087500000, 0x0000000087500000, 0x0000000087600000|  0%| F|  |TAMS 0x0000000087500000, 0x0000000087500000| Untracked 
| 118|0x0000000087600000, 0x0000000087600000, 0x0000000087700000|  0%| F|  |TAMS 0x0000000087600000, 0x0000000087600000| Untracked 
| 119|0x0000000087700000, 0x0000000087700000, 0x0000000087800000|  0%| F|  |TAMS 0x0000000087700000, 0x0000000087700000| Untracked 
| 120|0x0000000087800000, 0x0000000087800000, 0x0000000087900000|  0%| F|  |TAMS 0x0000000087800000, 0x0000000087800000| Untracked 
| 121|0x0000000087900000, 0x0000000087900000, 0x0000000087a00000|  0%| F|  |TAMS 0x0000000087900000, 0x0000000087900000| Untracked 
| 122|0x0000000087a00000, 0x0000000087a00000, 0x0000000087b00000|  0%| F|  |TAMS 0x0000000087a00000, 0x0000000087a00000| Untracked 
| 123|0x0000000087b00000, 0x0000000087b00000, 0x0000000087c00000|  0%| F|  |TAMS 0x0000000087b00000, 0x0000000087b00000| Untracked 
| 124|0x0000000087c00000, 0x0000000087c00000, 0x0000000087d00000|  0%| F|  |TAMS 0x0000000087c00000, 0x0000000087c00000| Untracked 
| 125|0x0000000087d00000, 0x0000000087d00000, 0x0000000087e00000|  0%| F|  |TAMS 0x0000000087d00000, 0x0000000087d00000| Untracked 
| 126|0x0000000087e00000, 0x0000000087e00000, 0x0000000087f00000|  0%| F|  |TAMS 0x0000000087e00000, 0x0000000087e00000| Untracked 
| 127|0x0000000087f00000, 0x0000000087f00000, 0x0000000088000000|  0%| F|  |TAMS 0x0000000087f00000, 0x0000000087f00000| Untracked 
| 128|0x0000000088000000, 0x0000000088000000, 0x0000000088100000|  0%| F|  |TAMS 0x0000000088000000, 0x0000000088000000| Untracked 
| 129|0x0000000088100000, 0x0000000088100000, 0x0000000088200000|  0%| F|  |TAMS 0x0000000088100000, 0x0000000088100000| Untracked 
| 130|0x0000000088200000, 0x0000000088200000, 0x0000000088300000|  0%| F|  |TAMS 0x0000000088200000, 0x0000000088200000| Untracked 
| 131|0x0000000088300000, 0x0000000088300000, 0x0000000088400000|  0%| F|  |TAMS 0x0000000088300000, 0x0000000088300000| Untracked 
| 132|0x0000000088400000, 0x0000000088400000, 0x0000000088500000|  0%| F|  |TAMS 0x0000000088400000, 0x0000000088400000| Untracked 
| 133|0x0000000088500000, 0x0000000088500000, 0x0000000088600000|  0%| F|  |TAMS 0x0000000088500000, 0x0000000088500000| Untracked 
| 134|0x0000000088600000, 0x0000000088600000, 0x0000000088700000|  0%| F|  |TAMS 0x0000000088600000, 0x0000000088600000| Untracked 
| 135|0x0000000088700000, 0x0000000088700000, 0x0000000088800000|  0%| F|  |TAMS 0x0000000088700000, 0x0000000088700000| Untracked 
| 136|0x0000000088800000, 0x0000000088800000, 0x0000000088900000|  0%| F|  |TAMS 0x0000000088800000, 0x0000000088800000| Untracked 
| 137|0x0000000088900000, 0x0000000088900000, 0x0000000088a00000|  0%| F|  |TAMS 0x0000000088900000, 0x0000000088900000| Untracked 
| 138|0x0000000088a00000, 0x0000000088a00000, 0x0000000088b00000|  0%| F|  |TAMS 0x0000000088a00000, 0x0000000088a00000| Untracked 
| 139|0x0000000088b00000, 0x0000000088b00000, 0x0000000088c00000|  0%| F|  |TAMS 0x0000000088b00000, 0x0000000088b00000| Untracked 
| 140|0x0000000088c00000, 0x0000000088c00000, 0x0000000088d00000|  0%| F|  |TAMS 0x0000000088c00000, 0x0000000088c00000| Untracked 
| 141|0x0000000088d00000, 0x0000000088d00000, 0x0000000088e00000|  0%| F|  |TAMS 0x0000000088d00000, 0x0000000088d00000| Untracked 
| 142|0x0000000088e00000, 0x0000000088e49580, 0x0000000088f00000| 28%| S|CS|TAMS 0x0000000088e00000, 0x0000000088e00000| Complete 
| 143|0x0000000088f00000, 0x0000000089000000, 0x0000000089000000|100%| S|CS|TAMS 0x0000000088f00000, 0x0000000088f00000| Complete 
| 144|0x0000000089000000, 0x0000000089100000, 0x0000000089100000|100%| S|CS|TAMS 0x0000000089000000, 0x0000000089000000| Complete 
| 145|0x0000000089100000, 0x0000000089200000, 0x0000000089200000|100%| S|CS|TAMS 0x0000000089100000, 0x0000000089100000| Complete 
| 146|0x0000000089200000, 0x0000000089300000, 0x0000000089300000|100%| S|CS|TAMS 0x0000000089200000, 0x0000000089200000| Complete 
| 147|0x0000000089300000, 0x0000000089300000, 0x0000000089400000|  0%| F|  |TAMS 0x0000000089300000, 0x0000000089300000| Untracked 
| 148|0x0000000089400000, 0x0000000089400000, 0x0000000089500000|  0%| F|  |TAMS 0x0000000089400000, 0x0000000089400000| Untracked 

Card table byte_map: [0x000001f9fe610000,0x000001f9fea10000] _byte_map_base: 0x000001f9fe210000

Marking Bits (Prev, Next): (CMBitMap*) 0x000001f9fde4c498, (CMBitMap*) 0x000001f9fde4c4d0
 Prev Bits: [0x000001f992a40000, 0x000001f994a40000)
 Next Bits: [0x000001f994a40000, 0x000001f996a40000)

Polling page: 0x000001f9fd5e0000

Metaspace:

Usage:
  Non-class:     61.09 MB capacity,    60.14 MB ( 98%) used,   795.64 KB (  1%) free+waste,   169.44 KB ( <1%) overhead. 
      Class:      9.49 MB capacity,     8.91 MB ( 94%) used,   513.32 KB (  5%) free+waste,    78.69 KB ( <1%) overhead. 
       Both:     70.58 MB capacity,    69.06 MB ( 98%) used,     1.28 MB (  2%) free+waste,   248.13 KB ( <1%) overhead. 

Virtual space:
  Non-class space:       72.00 MB reserved,      61.09 MB ( 85%) committed 
      Class space:        1.00 GB reserved,       9.52 MB ( <1%) committed 
             Both:        1.07 GB reserved,      70.61 MB (  6%) committed 

Chunk freelists:
   Non-Class:  0 bytes
       Class:  10.00 KB
        Both:  10.00 KB

MaxMetaspaceSize: 17179869184.00 GB
CompressedClassSpaceSize: 1.00 GB
Initial GC threshold: 20.80 MB
Current GC threshold: 106.13 MB
CDS: off

CodeHeap 'non-profiled nmethods': size=120000Kb used=4033Kb max_used=4033Kb free=115966Kb
 bounds [0x000001f98b510000, 0x000001f98b910000, 0x000001f992a40000]
CodeHeap 'profiled nmethods': size=120000Kb used=14243Kb max_used=14243Kb free=105756Kb
 bounds [0x000001f983fe0000, 0x000001f984dd0000, 0x000001f98b510000]
CodeHeap 'non-nmethods': size=5760Kb used=2358Kb max_used=2391Kb free=3401Kb
 bounds [0x000001f983a40000, 0x000001f983cb0000, 0x000001f983fe0000]
 total_blobs=7581 nmethods=6716 adapters=777
 compilation: enabled
              stopped_count=0, restarted_count=0
 full_count=0

Compilation events (20 events):
Event: 14.412 Thread 0x000001f9ff886000 6767       3       com.google.common.collect.ImmutableMapEntrySet$RegularEntrySet::<init> (15 bytes)
Event: 14.413 Thread 0x000001f9ff886000 nmethod 6767 0x000001f984dbe090 code [0x000001f984dbe260, 0x000001f984dbe5f8]
Event: 14.413 Thread 0x000001f9ff886000 6768       3       com.google.common.collect.ImmutableMapEntrySet::<init> (5 bytes)
Event: 14.413 Thread 0x000001f9ff886000 nmethod 6768 0x000001f984dbe790 code [0x000001f984dbe960, 0x000001f984dbebd8]
Event: 14.414 Thread 0x000001f9ff886000 6769       3       com.google.common.collect.AbstractMapBasedMultimap::get (31 bytes)
Event: 14.414 Thread 0x000001f9ff886000 nmethod 6769 0x000001f984dbed10 code [0x000001f984dbef00, 0x000001f984dbf388]
Event: 14.414 Thread 0x000001f9ff886000 6771       1       org.gradle.internal.reflect.annotations.impl.DefaultPropertyAnnotationMetadata::getAnnotations (5 bytes)
Event: 14.414 Thread 0x000001f9ff886000 nmethod 6771 0x000001f98b8fc490 code [0x000001f98b8fc640, 0x000001f98b8fc6f8]
Event: 14.414 Thread 0x000001f9ff886000 6770       1       com.google.common.collect.Maps$KeySet::map (5 bytes)
Event: 14.414 Thread 0x000001f9ff886000 nmethod 6770 0x000001f98b8fc790 code [0x000001f98b8fc940, 0x000001f98b8fc9f8]
Event: 14.415 Thread 0x000001f9ff886000 6772       1       org.gradle.internal.reflect.annotations.impl.DefaultPropertyAnnotationMetadata::getPropertyName (5 bytes)
Event: 14.415 Thread 0x000001f9ff886000 nmethod 6772 0x000001f98b8fca90 code [0x000001f98b8fcc40, 0x000001f98b8fccf8]
Event: 14.415 Thread 0x000001f9ff886000 6773       3       com.google.common.reflect.Types$ParameterizedTypeImpl::<init> (55 bytes)
Event: 14.417 Thread 0x000001f9ff886000 nmethod 6773 0x000001f98b8fcd90 code [0x000001f98b8fd020, 0x000001f98b8fdba8]
Event: 14.417 Thread 0x000001f9ff886000 6775       3       sun.reflect.generics.parser.SignatureParser::parseSuperInterfaces (51 bytes)
Event: 14.418 Thread 0x000001f9ff886000 nmethod 6775 0x000001f984dbf490 code [0x000001f984dbf700, 0x000001f984dc00b8]
Event: 14.418 Thread 0x000001f9ff886000 6774       1       com.android.build.gradle.internal.publishing.AndroidArtifacts$ArtifactType::getType (5 bytes)
Event: 14.418 Thread 0x000001f9ff886000 nmethod 6774 0x000001f98b8fdf90 code [0x000001f98b8fe140, 0x000001f98b8fe1f8]
Event: 14.418 Thread 0x000001f9ff886000 6776       3       com.google.common.collect.AbstractMapBasedMultimap$WrappedCollection$WrappedIterator::next (14 bytes)
Event: 14.419 Thread 0x000001f9ff886000 nmethod 6776 0x000001f984dc0490 code [0x000001f984dc0680, 0x000001f984dc0a88]

GC Heap History (20 events):
Event: 5.311 GC heap before
{Heap before GC invocations=4 (full 0):
 garbage-first heap   total 126976K, used 70587K [0x0000000080000000, 0x0000000100000000)
  region size 1024K, 54 young (55296K), 2 survivors (2048K)
 Metaspace       used 26451K, capacity 27079K, committed 27132K, reserved 1073152K
  class space    used 3422K, capacity 3638K, committed 3660K, reserved 1048576K
}
Event: 5.316 GC heap after
{Heap after GC invocations=5 (full 0):
 garbage-first heap   total 126976K, used 19139K [0x0000000080000000, 0x0000000100000000)
  region size 1024K, 4 young (4096K), 4 survivors (4096K)
 Metaspace       used 26451K, capacity 27079K, committed 27132K, reserved 1073152K
  class space    used 3422K, capacity 3638K, committed 3660K, reserved 1048576K
}
Event: 6.534 GC heap before
{Heap before GC invocations=5 (full 0):
 garbage-first heap   total 126976K, used 78531K [0x0000000080000000, 0x0000000100000000)
  region size 1024K, 62 young (63488K), 4 survivors (4096K)
 Metaspace       used 34858K, capacity 35679K, committed 35708K, reserved 1081344K
  class space    used 4478K, capacity 4783K, committed 4812K, reserved 1048576K
}
Event: 6.540 GC heap after
{Heap after GC invocations=6 (full 0):
 garbage-first heap   total 126976K, used 22393K [0x0000000080000000, 0x0000000100000000)
  region size 1024K, 7 young (7168K), 7 survivors (7168K)
 Metaspace       used 34858K, capacity 35679K, committed 35708K, reserved 1081344K
  class space    used 4478K, capacity 4783K, committed 4812K, reserved 1048576K
}
Event: 6.599 GC heap before
{Heap before GC invocations=6 (full 0):
 garbage-first heap   total 126976K, used 24441K [0x0000000080000000, 0x0000000100000000)
  region size 1024K, 10 young (10240K), 7 survivors (7168K)
 Metaspace       used 35170K, capacity 35937K, committed 35964K, reserved 1081344K
  class space    used 4524K, capacity 4806K, committed 4812K, reserved 1048576K
}
Event: 6.611 GC heap after
{Heap after GC invocations=7 (full 0):
 garbage-first heap   total 126976K, used 22996K [0x0000000080000000, 0x0000000100000000)
  region size 1024K, 4 young (4096K), 4 survivors (4096K)
 Metaspace       used 35170K, capacity 35937K, committed 35964K, reserved 1081344K
  class space    used 4524K, capacity 4806K, committed 4812K, reserved 1048576K
}
Event: 7.837 GC heap before
{Heap before GC invocations=8 (full 0):
 garbage-first heap   total 126976K, used 87508K [0x0000000080000000, 0x0000000100000000)
  region size 1024K, 65 young (66560K), 4 survivors (4096K)
 Metaspace       used 39782K, capacity 40666K, committed 40956K, reserved 1085440K
  class space    used 5035K, capacity 5373K, committed 5452K, reserved 1048576K
}
Event: 7.848 GC heap after
{Heap after GC invocations=9 (full 0):
 garbage-first heap   total 126976K, used 27676K [0x0000000080000000, 0x0000000100000000)
  region size 1024K, 9 young (9216K), 9 survivors (9216K)
 Metaspace       used 39782K, capacity 40666K, committed 40956K, reserved 1085440K
  class space    used 5035K, capacity 5373K, committed 5452K, reserved 1048576K
}
Event: 8.759 GC heap before
{Heap before GC invocations=9 (full 0):
 garbage-first heap   total 126976K, used 88092K [0x0000000080000000, 0x0000000100000000)
  region size 1024K, 68 young (69632K), 9 survivors (9216K)
 Metaspace       used 45506K, capacity 46587K, committed 46844K, reserved 1089536K
  class space    used 5772K, capacity 6145K, committed 6220K, reserved 1048576K
}
Event: 8.770 GC heap after
{Heap after GC invocations=10 (full 0):
 garbage-first heap   total 126976K, used 29856K [0x0000000080000000, 0x0000000100000000)
  region size 1024K, 3 young (3072K), 3 survivors (3072K)
 Metaspace       used 45506K, capacity 46587K, committed 46844K, reserved 1089536K
  class space    used 5772K, capacity 6145K, committed 6220K, reserved 1048576K
}
Event: 9.737 GC heap before
{Heap before GC invocations=10 (full 0):
 garbage-first heap   total 126976K, used 94368K [0x0000000080000000, 0x0000000100000000)
  region size 1024K, 64 young (65536K), 3 survivors (3072K)
 Metaspace       used 48601K, capacity 49892K, committed 50172K, reserved 1093632K
  class space    used 6145K, capacity 6616K, committed 6732K, reserved 1048576K
}
Event: 9.744 GC heap after
{Heap after GC invocations=11 (full 0):
 garbage-first heap   total 152576K, used 35977K [0x0000000080000000, 0x0000000100000000)
  region size 1024K, 7 young (7168K), 7 survivors (7168K)
 Metaspace       used 48601K, capacity 49892K, committed 50172K, reserved 1093632K
  class space    used 6145K, capacity 6616K, committed 6732K, reserved 1048576K
}
Event: 11.258 GC heap before
{Heap before GC invocations=11 (full 0):
 garbage-first heap   total 152576K, used 111753K [0x0000000080000000, 0x0000000100000000)
  region size 1024K, 79 young (80896K), 7 survivors (7168K)
 Metaspace       used 57228K, capacity 58610K, committed 58620K, reserved 1099776K
  class space    used 7221K, capacity 7750K, committed 7756K, reserved 1048576K
}
Event: 11.268 GC heap after
{Heap after GC invocations=12 (full 0):
 garbage-first heap   total 152576K, used 43402K [0x0000000080000000, 0x0000000100000000)
  region size 1024K, 10 young (10240K), 10 survivors (10240K)
 Metaspace       used 57228K, capacity 58610K, committed 58620K, reserved 1099776K
  class space    used 7221K, capacity 7750K, committed 7756K, reserved 1048576K
}
Event: 11.531 GC heap before
{Heap before GC invocations=12 (full 0):
 garbage-first heap   total 152576K, used 54666K [0x0000000080000000, 0x0000000100000000)
  region size 1024K, 22 young (22528K), 10 survivors (10240K)
 Metaspace       used 59086K, capacity 60465K, committed 60580K, reserved 1101824K
  class space    used 7463K, capacity 7984K, committed 8012K, reserved 1048576K
}
Event: 11.542 GC heap after
{Heap after GC invocations=13 (full 0):
 garbage-first heap   total 152576K, used 45236K [0x0000000080000000, 0x0000000100000000)
  region size 1024K, 7 young (7168K), 7 survivors (7168K)
 Metaspace       used 59086K, capacity 60465K, committed 60580K, reserved 1101824K
  class space    used 7463K, capacity 7984K, committed 8012K, reserved 1048576K
}
Event: 12.450 GC heap before
{Heap before GC invocations=14 (full 0):
 garbage-first heap   total 152576K, used 104628K [0x0000000080000000, 0x0000000100000000)
  region size 1024K, 59 young (60416K), 7 survivors (7168K)
 Metaspace       used 62957K, capacity 64463K, committed 64752K, reserved 1105920K
  class space    used 7920K, capacity 8475K, committed 8600K, reserved 1048576K
}
Event: 12.460 GC heap after
{Heap after GC invocations=15 (full 0):
 garbage-first heap   total 152576K, used 49688K [0x0000000080000000, 0x0000000100000000)
  region size 1024K, 7 young (7168K), 7 survivors (7168K)
 Metaspace       used 62957K, capacity 64463K, committed 64752K, reserved 1105920K
  class space    used 7920K, capacity 8475K, committed 8600K, reserved 1048576K
}
Event: 13.164 GC heap before
{Heap before GC invocations=16 (full 0):
 garbage-first heap   total 152576K, used 103960K [0x0000000080000000, 0x0000000100000000)
  region size 1024K, 59 young (60416K), 7 survivors (7168K)
 Metaspace       used 65043K, capacity 66603K, committed 66800K, reserved 1107968K
  class space    used 8219K, capacity 8775K, committed 8856K, reserved 1048576K
}
Event: 13.174 GC heap after
{Heap after GC invocations=17 (full 0):
 garbage-first heap   total 152576K, used 53098K [0x0000000080000000, 0x0000000100000000)
  region size 1024K, 4 young (4096K), 4 survivors (4096K)
 Metaspace       used 65043K, capacity 66603K, committed 66800K, reserved 1107968K
  class space    used 8219K, capacity 8775K, committed 8856K, reserved 1048576K
}

Deoptimization events (20 events):
Event: 12.962 Thread 0x000001f99a7b3000 Uncommon trap: trap_request=0xffffff4d fr.pc=0x000001f98b6b9a00 relative=0x0000000000000340
Event: 12.962 Thread 0x000001f99a7b3000 Uncommon trap: reason=unstable_if action=reinterpret pc=0x000001f98b6b9a00 method=java.util.StringJoiner.add(Ljava/lang/CharSequence;)Ljava/util/StringJoiner; @ 33 c2
Event: 12.962 Thread 0x000001f99a7b3000 DEOPT PACKING pc=0x000001f98b6b9a00 sp=0x000000f0a19f5a00
Event: 12.962 Thread 0x000001f99a7b3000 DEOPT UNPACKING pc=0x000001f983a485af sp=0x000000f0a19f59b0 mode 2
Event: 13.193 Thread 0x000001f99a7b3000 Uncommon trap: trap_request=0xffffff4d fr.pc=0x000001f98b6e76f0 relative=0x0000000000000f70
Event: 13.193 Thread 0x000001f99a7b3000 Uncommon trap: reason=unstable_if action=reinterpret pc=0x000001f98b6e76f0 method=org.codehaus.groovy.runtime.metaclass.MetaMethodIndex.isOverridden(Lgroovy/lang/MetaMethod;Lgroovy/lang/MetaMethod;)Z @ 33 c2
Event: 13.193 Thread 0x000001f99a7b3000 DEOPT PACKING pc=0x000001f98b6e76f0 sp=0x000000f0a19f4890
Event: 13.193 Thread 0x000001f99a7b3000 DEOPT UNPACKING pc=0x000001f983a485af sp=0x000000f0a19f47e8 mode 2
Event: 13.292 Thread 0x000001f99a7b3000 DEOPT PACKING pc=0x000001f98456b811 sp=0x000000f0a19f8bc0
Event: 13.292 Thread 0x000001f99a7b3000 DEOPT UNPACKING pc=0x000001f983a89d0e sp=0x000000f0a19f8098 mode 0
Event: 13.838 Thread 0x000001f99a7b3000 Uncommon trap: trap_request=0xffffff4d fr.pc=0x000001f98b7aab48 relative=0x0000000000000268
Event: 13.838 Thread 0x000001f99a7b3000 Uncommon trap: reason=unstable_if action=reinterpret pc=0x000001f98b7aab48 method=java.io.WinNTFileSystem.prefixLength(Ljava/lang/String;)I @ 11 c2
Event: 13.838 Thread 0x000001f99a7b3000 DEOPT PACKING pc=0x000001f98b7aab48 sp=0x000000f0a19f9210
Event: 13.838 Thread 0x000001f99a7b3000 DEOPT UNPACKING pc=0x000001f983a485af sp=0x000000f0a19f9190 mode 2
Event: 14.333 Thread 0x000001f99a7b3000 DEOPT PACKING pc=0x000001f984bb7c27 sp=0x000000f0a19f8a50
Event: 14.333 Thread 0x000001f99a7b3000 DEOPT UNPACKING pc=0x000001f983a89d0e sp=0x000000f0a19f7f00 mode 0
Event: 14.393 Thread 0x000001f99a7b3000 Uncommon trap: trap_request=0xffffffde fr.pc=0x000001f98b86ed80 relative=0x0000000000000ee0
Event: 14.393 Thread 0x000001f99a7b3000 Uncommon trap: reason=class_check action=maybe_recompile pc=0x000001f98b86ed80 method=org.gradle.internal.instantiation.generator.AbstractClassGenerator$InjectionAnnotationValidator.validateMethod(Ljava/lang/reflect/Method;Lorg/gradle/internal/reflect/Pro
Event: 14.393 Thread 0x000001f99a7b3000 DEOPT PACKING pc=0x000001f98b86ed80 sp=0x000000f0a19f8840
Event: 14.393 Thread 0x000001f99a7b3000 DEOPT UNPACKING pc=0x000001f983a485af sp=0x000000f0a19f87f8 mode 2

Classes redefined (0 events):
No events

Internal exceptions (20 events):
Event: 13.198 Thread 0x000001f99a7b3000 Exception <a 'java/lang/ClassNotFoundException'{0x0000000089173fb0}: com/android/builder/core/AbstractBuildTypeCustomizer> (0x0000000089173fb0) thrown at [./src/hotspot/share/classfile/systemDictionary.cpp, line 231]
Event: 13.200 Thread 0x000001f99a7b3000 Exception <a 'java/lang/ClassNotFoundException'{0x00000000891ada48}: com/android/build/gradle/internal/dsl/BuildTypeCustomizer> (0x00000000891ada48) thrown at [./src/hotspot/share/classfile/systemDictionary.cpp, line 231]
Event: 13.204 Thread 0x000001f99a7b3000 Exception <a 'java/lang/ClassNotFoundException'{0x0000000089044180}: com/android/build/gradle/internal/dsl/BuildType$AgpDecoratedCustomizer> (0x0000000089044180) thrown at [./src/hotspot/share/classfile/systemDictionary.cpp, line 231]
Event: 13.207 Thread 0x000001f99a7b3000 Exception <a 'java/lang/ClassNotFoundException'{0x00000000890a5a98}: com/android/build/gradle/internal/dsl/BuildType$AgpDecorated_DecoratedCustomizer> (0x00000000890a5a98) thrown at [./src/hotspot/share/classfile/systemDictionary.cpp, line 231]
Event: 13.212 Thread 0x000001f99a7b3000 Exception <a 'java/lang/ClassNotFoundException'{0x0000000088f7fd90}: build_bykkh9gwf99cbl68xz16nfm43$_run_closure1$_closure4BeanInfo> (0x0000000088f7fd90) thrown at [./src/hotspot/share/classfile/systemDictionary.cpp, line 231]
Event: 13.213 Thread 0x000001f99a7b3000 Exception <a 'java/lang/ClassNotFoundException'{0x0000000088f92678}: build_bykkh9gwf99cbl68xz16nfm43$_run_closure1$_closure4Customizer> (0x0000000088f92678) thrown at [./src/hotspot/share/classfile/systemDictionary.cpp, line 231]
Event: 13.216 Thread 0x000001f99a7b3000 Exception <a 'java/lang/ClassNotFoundException'{0x0000000088fbd8c8}: build_bykkh9gwf99cbl68xz16nfm43$_run_closure1BeanInfo> (0x0000000088fbd8c8) thrown at [./src/hotspot/share/classfile/systemDictionary.cpp, line 231]
Event: 13.216 Thread 0x000001f99a7b3000 Exception <a 'java/lang/ClassNotFoundException'{0x0000000088fcf728}: build_bykkh9gwf99cbl68xz16nfm43$_run_closure1Customizer> (0x0000000088fcf728) thrown at [./src/hotspot/share/classfile/systemDictionary.cpp, line 231]
Event: 13.224 Thread 0x000001f99a7b3000 Exception <a 'java/lang/ClassNotFoundException'{0x0000000088e349b8}: org/gradle/api/JavaVersionBeanInfo> (0x0000000088e349b8) thrown at [./src/hotspot/share/classfile/systemDictionary.cpp, line 231]
Event: 13.225 Thread 0x000001f99a7b3000 Exception <a 'java/lang/ClassNotFoundException'{0x0000000088e63838}: org/gradle/api/JavaVersionCustomizer> (0x0000000088e63838) thrown at [./src/hotspot/share/classfile/systemDictionary.cpp, line 231]
Event: 13.229 Thread 0x000001f99a7b3000 Exception <a 'java/lang/ClassNotFoundException'{0x0000000088ecea70}: com/android/build/gradle/internal/CompileOptions$AgpDecorated_DecoratedBeanInfo> (0x0000000088ecea70) thrown at [./src/hotspot/share/classfile/systemDictionary.cpp, line 231]
Event: 13.230 Thread 0x000001f99a7b3000 Exception <a 'java/lang/ClassNotFoundException'{0x0000000088eed0a8}: com/android/build/gradle/internal/CompileOptions$AgpDecoratedBeanInfo> (0x0000000088eed0a8) thrown at [./src/hotspot/share/classfile/systemDictionary.cpp, line 231]
Event: 13.231 Thread 0x000001f99a7b3000 Exception <a 'java/lang/ClassNotFoundException'{0x0000000088d095e8}: com/android/build/gradle/internal/CompileOptionsBeanInfo> (0x0000000088d095e8) thrown at [./src/hotspot/share/classfile/systemDictionary.cpp, line 231]
Event: 13.231 Thread 0x000001f99a7b3000 Exception <a 'java/lang/ClassNotFoundException'{0x0000000088d260a8}: com/android/build/gradle/internal/CompileOptionsCustomizer> (0x0000000088d260a8) thrown at [./src/hotspot/share/classfile/systemDictionary.cpp, line 231]
Event: 13.232 Thread 0x000001f99a7b3000 Exception <a 'java/lang/ClassNotFoundException'{0x0000000088d50b18}: com/android/build/gradle/internal/CompileOptions$AgpDecoratedCustomizer> (0x0000000088d50b18) thrown at [./src/hotspot/share/classfile/systemDictionary.cpp, line 231]
Event: 13.234 Thread 0x000001f99a7b3000 Exception <a 'java/lang/ClassNotFoundException'{0x0000000088d7e140}: com/android/build/gradle/internal/CompileOptions$AgpDecorated_DecoratedCustomizer> (0x0000000088d7e140) thrown at [./src/hotspot/share/classfile/systemDictionary.cpp, line 231]
Event: 13.260 Thread 0x000001f99a7b3000 Exception <a 'java/lang/ClassNotFoundException'{0x0000000088cba878}: org/gradle/api/internal/artifacts/dsl/dependencies/DefaultDependencyHandler_DecoratedBeanInfo> (0x0000000088cba878) thrown at [./src/hotspot/share/classfile/systemDictionary.cpp, line 231]
Event: 13.261 Thread 0x000001f99a7b3000 Exception <a 'java/lang/ClassNotFoundException'{0x0000000088b0b330}: org/gradle/api/internal/artifacts/dsl/dependencies/DefaultDependencyHandlerBeanInfo> (0x0000000088b0b330) thrown at [./src/hotspot/share/classfile/systemDictionary.cpp, line 231]
Event: 13.262 Thread 0x000001f99a7b3000 Exception <a 'java/lang/ClassNotFoundException'{0x0000000088b5bb00}: org/gradle/api/internal/artifacts/dsl/dependencies/DefaultDependencyHandlerCustomizer> (0x0000000088b5bb00) thrown at [./src/hotspot/share/classfile/systemDictionary.cpp, line 231]
Event: 13.268 Thread 0x000001f99a7b3000 Exception <a 'java/lang/ClassNotFoundException'{0x0000000088bd6778}: org/gradle/api/internal/artifacts/dsl/dependencies/DefaultDependencyHandler_DecoratedCustomizer> (0x0000000088bd6778) thrown at [./src/hotspot/share/classfile/systemDictionary.cpp, line 231]

Events (20 events):
Event: 14.407 loading class com/android/build/gradle/internal/dependency/BaseDexingTransform$Parameters
Event: 14.407 loading class com/android/build/gradle/internal/dependency/BaseDexingTransform$Parameters done
Event: 14.410 loading class com/android/build/gradle/internal/dependency/DexingArtifactConfiguration$registerTransform$1$1
Event: 14.410 loading class com/android/build/gradle/internal/dependency/DexingArtifactConfiguration$registerTransform$1$1 done
Event: 14.412 loading class kotlin/jvm/functions/Function2
Event: 14.412 loading class kotlin/jvm/functions/Function2 done
Event: 14.413 loading class com/android/builder/dexing/DependencyGraphUpdater
Event: 14.413 loading class com/android/builder/dexing/DependencyGraphUpdater done
Event: 14.416 loading class com/android/build/gradle/internal/dependency/EnumerateClassesTransform
Event: 14.416 loading class com/android/build/gradle/internal/dependency/EnumerateClassesTransform done
Event: 14.420 loading class com/android/build/gradle/internal/dependency/DexingOutputSplitTransformKt
Event: 14.420 loading class com/android/build/gradle/internal/dependency/DexingOutputSplitTransformKt done
Event: 14.420 loading class com/android/build/gradle/internal/dependency/DexingOutputSplitTransform
Event: 14.420 loading class com/android/build/gradle/internal/dependency/DexingOutputSplitTransform done
Event: 14.421 loading class com/android/build/gradle/internal/dependency/DexingOutputSplitTransformKt$registerTransformWithOutputType$1
Event: 14.421 loading class com/android/build/gradle/internal/dependency/DexingOutputSplitTransformKt$registerTransformWithOutputType$1 done
Event: 14.421 loading class com/android/build/gradle/internal/dependency/DexingOutputSplitTransform$Parameters
Event: 14.421 loading class com/android/build/gradle/internal/dependency/DexingOutputSplitTransform$Parameters done
Event: 14.424 loading class com/android/build/gradle/internal/dependency/DexingOutputSplitTransformKt$registerTransformWithOutputType$1$1
Event: 14.424 loading class com/android/build/gradle/internal/dependency/DexingOutputSplitTransformKt$registerTransformWithOutputType$1$1 done


Dynamic libraries:
0x00007ff6bce30000 - 0x00007ff6bce3a000 	C:\Program Files\Android\Android Studio\jre\bin\java.exe
0x00007ff808a90000 - 0x00007ff808ca4000 	C:\WINDOWS\SYSTEM32\ntdll.dll
0x00007ff807380000 - 0x00007ff807442000 	C:\WINDOWS\System32\KERNEL32.DLL
0x00007ff806440000 - 0x00007ff8067e3000 	C:\WINDOWS\System32\KERNELBASE.dll
0x00007ff805e90000 - 0x00007ff805fa1000 	C:\WINDOWS\System32\ucrtbase.dll
0x00007ff803350000 - 0x00007ff803369000 	C:\Program Files\Android\Android Studio\jre\bin\jli.dll
0x00007ff801720000 - 0x00007ff801737000 	C:\Program Files\Android\Android Studio\jre\bin\VCRUNTIME140.dll
0x00007ff806ed0000 - 0x00007ff80707a000 	C:\WINDOWS\System32\USER32.dll
0x00007ff806110000 - 0x00007ff806136000 	C:\WINDOWS\System32\win32u.dll
0x00007fffe9350000 - 0x00007fffe95de000 	C:\WINDOWS\WinSxS\amd64_microsoft.windows.common-controls_6595b64144ccf1df_6.0.22621.1635_none_270f70857386168e\COMCTL32.dll
0x00007ff807590000 - 0x00007ff8075b9000 	C:\WINDOWS\System32\GDI32.dll
0x00007ff8069f0000 - 0x00007ff806a97000 	C:\WINDOWS\System32\msvcrt.dll
0x00007ff806320000 - 0x00007ff806439000 	C:\WINDOWS\System32\gdi32full.dll
0x00007ff806070000 - 0x00007ff80610a000 	C:\WINDOWS\System32\msvcp_win.dll
0x00007ff807450000 - 0x00007ff807481000 	C:\WINDOWS\System32\IMM32.DLL
0x00007fffd71b0000 - 0x00007fffd724d000 	C:\Program Files\Android\Android Studio\jre\bin\msvcp140.dll
0x00007fff7c0d0000 - 0x00007fff7cbd2000 	C:\Program Files\Android\Android Studio\jre\bin\server\jvm.dll
0x00007ff806da0000 - 0x00007ff806e4e000 	C:\WINDOWS\System32\ADVAPI32.dll
0x00007ff8089a0000 - 0x00007ff808a44000 	C:\WINDOWS\System32\sechost.dll
0x00007ff807620000 - 0x00007ff807737000 	C:\WINDOWS\System32\RPCRT4.dll
0x00007ff806d20000 - 0x00007ff806d28000 	C:\WINDOWS\System32\PSAPI.DLL
0x00007fffe6010000 - 0x00007fffe6044000 	C:\WINDOWS\SYSTEM32\WINMM.dll
0x00007ffff4120000 - 0x00007ffff412a000 	C:\WINDOWS\SYSTEM32\VERSION.dll
0x00007fffdae90000 - 0x00007fffdae99000 	C:\WINDOWS\SYSTEM32\WSOCK32.dll
0x00007ff8072d0000 - 0x00007ff807341000 	C:\WINDOWS\System32\WS2_32.dll
0x00007ff804fc0000 - 0x00007ff804fd8000 	C:\WINDOWS\SYSTEM32\kernel.appcore.dll
0x00007ff801de0000 - 0x00007ff801df1000 	C:\Program Files\Android\Android Studio\jre\bin\verify.dll
0x00007ff803800000 - 0x00007ff803a2e000 	C:\WINDOWS\SYSTEM32\DBGHELP.DLL
0x00007ff807d50000 - 0x00007ff8080d9000 	C:\WINDOWS\System32\combase.dll
0x00007ff806c40000 - 0x00007ff806d17000 	C:\WINDOWS\System32\OLEAUT32.dll
0x00007ffff3570000 - 0x00007ffff35a2000 	C:\WINDOWS\SYSTEM32\dbgcore.DLL
0x00007ff8067f0000 - 0x00007ff80686a000 	C:\WINDOWS\System32\bcryptPrimitives.dll
0x00007fffd76a0000 - 0x00007fffd76c9000 	C:\Program Files\Android\Android Studio\jre\bin\java.dll
0x00007ff801d60000 - 0x00007ff801d6b000 	C:\Program Files\Android\Android Studio\jre\bin\jimage.dll
0x00007ffff1ce0000 - 0x00007ffff1cf8000 	C:\Program Files\Android\Android Studio\jre\bin\zip.dll
0x00007ff8080f0000 - 0x00007ff8088e9000 	C:\WINDOWS\System32\SHELL32.dll
0x00007ff803e30000 - 0x00007ff8046fe000 	C:\WINDOWS\SYSTEM32\windows.storage.dll
0x00007ff803cf0000 - 0x00007ff803e2e000 	C:\WINDOWS\SYSTEM32\wintypes.dll
0x00007ff807bd0000 - 0x00007ff807cc1000 	C:\WINDOWS\System32\SHCORE.dll
0x00007ff8075c0000 - 0x00007ff80761e000 	C:\WINDOWS\System32\shlwapi.dll
0x00007ff805dc0000 - 0x00007ff805de6000 	C:\WINDOWS\SYSTEM32\profapi.dll
0x00007fffdbfe0000 - 0x00007fffdbffa000 	C:\Program Files\Android\Android Studio\jre\bin\net.dll
0x00007ffffba10000 - 0x00007ffffbb47000 	C:\WINDOWS\SYSTEM32\WINHTTP.dll
0x00007ff805440000 - 0x00007ff8054a9000 	C:\WINDOWS\system32\mswsock.dll
0x00007fffdb420000 - 0x00007fffdb434000 	C:\Program Files\Android\Android Studio\jre\bin\nio.dll
0x00007fffd8ed0000 - 0x00007fffd8ef7000 	C:\Users\jacko\.gradle\native\e1d6ef7f7dcc3fd88c89a11ec53ec762bb8ba0a96d01ffa2cd45eb1d1d8dd5c5\windows-amd64\native-platform.dll
0x00007fffc7f30000 - 0x00007fffc8074000 	C:\Users\jacko\.gradle\native\0d407fdbe67a94daf76414ababcb853783967236a71b16ec16e742cd7a986fd3\windows-amd64\native-platform-file-events.dll
0x00007ff801d50000 - 0x00007ff801d5a000 	C:\Program Files\Android\Android Studio\jre\bin\management.dll
0x00007fffe5830000 - 0x00007fffe583d000 	C:\Program Files\Android\Android Studio\jre\bin\management_ext.dll
0x00007ff8056b0000 - 0x00007ff8056cb000 	C:\WINDOWS\SYSTEM32\CRYPTSP.dll
0x00007ff804f10000 - 0x00007ff804f45000 	C:\WINDOWS\system32\rsaenh.dll
0x00007ff805540000 - 0x00007ff80556c000 	C:\WINDOWS\SYSTEM32\USERENV.dll
0x00007ff805860000 - 0x00007ff805888000 	C:\WINDOWS\SYSTEM32\bcrypt.dll
0x00007ff8056a0000 - 0x00007ff8056ac000 	C:\WINDOWS\SYSTEM32\CRYPTBASE.dll
0x00007ff804960000 - 0x00007ff80498d000 	C:\WINDOWS\SYSTEM32\IPHLPAPI.DLL
0x00007ff807740000 - 0x00007ff807749000 	C:\WINDOWS\System32\NSI.dll
0x00007ffffb020000 - 0x00007ffffb039000 	C:\WINDOWS\SYSTEM32\dhcpcsvc6.DLL
0x00007ffffb000000 - 0x00007ffffb01f000 	C:\WINDOWS\SYSTEM32\dhcpcsvc.DLL
0x00007ff804990000 - 0x00007ff804a83000 	C:\WINDOWS\SYSTEM32\DNSAPI.dll

dbghelp: loaded successfully - version: 4.0.5 - missing functions: none
symbol engine: initialized successfully - sym options: 0x614 - pdb path: .;C:\Program Files\Android\Android Studio\jre\bin;C:\WINDOWS\SYSTEM32;C:\WINDOWS\WinSxS\amd64_microsoft.windows.common-controls_6595b64144ccf1df_6.0.22621.1635_none_270f70857386168e;C:\Program Files\Android\Android Studio\jre\bin\server;C:\Users\jacko\.gradle\native\e1d6ef7f7dcc3fd88c89a11ec53ec762bb8ba0a96d01ffa2cd45eb1d1d8dd5c5\windows-amd64;C:\Users\jacko\.gradle\native\0d407fdbe67a94daf76414ababcb853783967236a71b16ec16e742cd7a986fd3\windows-amd64

VM Arguments:
jvm_args: --add-opens=java.base/java.util=ALL-UNNAMED --add-opens=java.base/java.lang=ALL-UNNAMED --add-opens=java.base/java.lang.invoke=ALL-UNNAMED --add-opens=java.base/java.util=ALL-UNNAMED --add-opens=java.prefs/java.util.prefs=ALL-UNNAMED --add-opens=java.prefs/java.util.prefs=ALL-UNNAMED --add-opens=java.base/java.nio.charset=ALL-UNNAMED --add-opens=java.base/java.net=ALL-UNNAMED --add-opens=java.base/java.util.concurrent.atomic=ALL-UNNAMED -Xmx2048m -Dfile.encoding=UTF-8 -Duser.country=US -Duser.language=en -Duser.variant 
java_command: org.gradle.launcher.daemon.bootstrap.GradleDaemon 7.4
java_class_path (initial): C:\Users\jacko\.gradle\wrapper\dists\gradle-7.4-bin\c0gwcg53nkjbqw7r0h0umtfvt\gradle-7.4\lib\gradle-launcher-7.4.jar
Launcher Type: SUN_STANDARD

[Global flags]
     intx CICompilerCount                          = 4                                         {product} {ergonomic}
     uint ConcGCThreads                            = 2                                         {product} {ergonomic}
     uint G1ConcRefinementThreads                  = 8                                         {product} {ergonomic}
   size_t G1HeapRegionSize                         = 1048576                                   {product} {ergonomic}
    uintx GCDrainStackTargetSize                   = 64                                        {product} {ergonomic}
   size_t InitialHeapSize                          = 130023424                                 {product} {ergonomic}
   size_t MarkStackSize                            = 4194304                                   {product} {ergonomic}
   size_t MaxHeapSize                              = 2147483648                                {product} {command line}
   size_t MaxNewSize                               = 1287651328                                {product} {ergonomic}
   size_t MinHeapDeltaBytes                        = 1048576                                   {product} {ergonomic}
    uintx NonNMethodCodeHeapSize                   = 5836300                                {pd product} {ergonomic}
    uintx NonProfiledCodeHeapSize                  = 122910970                              {pd product} {ergonomic}
    uintx ProfiledCodeHeapSize                     = 122910970                              {pd product} {ergonomic}
    uintx ReservedCodeCacheSize                    = 251658240                              {pd product} {ergonomic}
     bool SegmentedCodeCache                       = true                                      {product} {ergonomic}
     bool UseCompressedClassPointers               = true                                 {lp64_product} {ergonomic}
     bool UseCompressedOops                        = true                                 {lp64_product} {ergonomic}
     bool UseG1GC                                  = true                                      {product} {ergonomic}
     bool UseLargePagesIndividualAllocation        = false                                  {pd product} {ergonomic}

Logging:
Log output configuration:
 #0: stdout all=warning uptime,level,tags
 #1: stderr all=off uptime,level,tags

Environment Variables:
PATH=C:\Program Files (x86)\Common Files\Oracle\Java\javapath;C:\Windows\system32;C:\Windows;C:\Windows\System32\Wbem;C:\Windows\System32\WindowsPowerShell\v1.0\;C:\Windows\System32\OpenSSH\;C:\Program Files (x86)\NVIDIA Corporation\PhysX\Common;C:\Program Files\NVIDIA Corporation\NVIDIA NvDLISR;C:\WINDOWS\system32;C:\WINDOWS;C:\WINDOWS\System32\Wbem;C:\WINDOWS\System32\WindowsPowerShell\v1.0\;C:\WINDOWS\System32\OpenSSH\;C:\Program Files\CodeBlocks\MinGW\bin;C:\Program Files\dotnet\;C:\Program Files\Git\cmd;C:\Program Files\GitHub CLI\;C:\php;C:\Program Files\MySQL\MySQL Shell 8.0\bin\;C:\Users\jacko\AppData\Local\Programs\Python\Python310\Scripts\;C:\Users\jacko\AppData\Local\Programs\Python\Python310\;C:\Users\jacko\AppData\Local\Microsoft\WindowsApps;C:\Users\jacko\AppData\Local\Programs\Microsoft VS Code\bin;C:\Program Files\CodeBlocks\MinGW\bin;C:\php;
USERNAME=Marwan
OS=Windows_NT
PROCESSOR_IDENTIFIER=Intel64 Family 6 Model 140 Stepping 1, GenuineIntel



---------------  S Y S T E M  ---------------

OS: Windows 11 , 64 bit Build 22621 (10.0.22621.1928)
OS uptime: 15 days 7:08 hours
Hyper-V role detected

CPU:total 8 (initial active 8) (4 cores per cpu, 2 threads per core) family 6 model 140 stepping 1 microcode 0x9a, cmov, cx8, fxsr, mmx, sse, sse2, sse3, ssse3, sse4.1, sse4.2, popcnt, avx, avx2, aes, clmul, erms, 3dnowpref, lzcnt, ht, tsc, tscinvbit, bmi1, bmi2, adx, evex, sha, fma

Memory: 4k page, system-wide physical 7886M (326M free)
TotalPageFile size 13006M (AvailPageFile size 22M)
current process WorkingSet (physical memory assigned to process): 368M, peak: 368M
current process commit charge ("private bytes"): 404M, peak: 405M

vm_info: OpenJDK 64-Bit Server VM (11.0.13+0-b1751.21-8125866) for windows-amd64 JRE (11.0.13+0-b1751.21-8125866), built on Feb  2 2022 03:00:22 by "builder" with MS VC++ 14.0 (VS2015)

END.
